
*** Running vivado
    with args -log prelab.vds -m64 -product Vivado -mode batch -messageDb vivado.pb -notrace -source prelab.tcl


****** Vivado v2019.2 (64-bit)
  **** SW Build 2708876 on Wed Nov  6 21:40:23 MST 2019
  **** IP Build 2700528 on Thu Nov  7 00:09:20 MST 2019
    ** Copyright 1986-2019 Xilinx, Inc. All Rights Reserved.

source prelab.tcl -notrace
Command: synth_design -top prelab -part xc7a35tcpg236-1
Starting synth_design
Attempting to get a license for feature 'Synthesis' and/or device 'xc7a35t'
INFO: [Common 17-349] Got license for feature 'Synthesis' and/or device 'xc7a35t'
INFO: [Device 21-403] Loading part xc7a35tcpg236-1
INFO: Launching helper process for spawning children vivado processes
INFO: Helper process launched with PID 15748 
---------------------------------------------------------------------------------
Starting RTL Elaboration : Time (s): cpu = 00:00:05 ; elapsed = 00:00:05 . Memory (MB): peak = 950.953 ; gain = 235.375
---------------------------------------------------------------------------------
INFO: [Synth 8-6157] synthesizing module 'prelab' [D:/data/logic_design_lab/labs/lab5/prelab/prelab.srcs/sources_1/new/prelab.v:34]
INFO: [Synth 8-6157] synthesizing module 'onepulse' [D:/data/logic_design_lab/labs/lab5/prelab/prelab.srcs/sources_1/new/onepulse.v:23]
INFO: [Synth 8-6157] synthesizing module 'debounce' [D:/data/logic_design_lab/labs/lab5/prelab/prelab.srcs/sources_1/new/debounce.v:23]
INFO: [Synth 8-6155] done synthesizing module 'debounce' (1#1) [D:/data/logic_design_lab/labs/lab5/prelab/prelab.srcs/sources_1/new/debounce.v:23]
INFO: [Synth 8-6155] done synthesizing module 'onepulse' (2#1) [D:/data/logic_design_lab/labs/lab5/prelab/prelab.srcs/sources_1/new/onepulse.v:23]
INFO: [Synth 8-6157] synthesizing module 'fsm' [D:/data/logic_design_lab/labs/lab5/prelab/prelab.srcs/sources_1/new/fsm.v:25]
INFO: [Synth 8-6155] done synthesizing module 'fsm' (3#1) [D:/data/logic_design_lab/labs/lab5/prelab/prelab.srcs/sources_1/new/fsm.v:25]
INFO: [Synth 8-6157] synthesizing module 'frequency_divider' [D:/data/logic_design_lab/labs/lab5/prelab/prelab.srcs/sources_1/new/frequency_divider.v:28]
INFO: [Synth 8-6155] done synthesizing module 'frequency_divider' (4#1) [D:/data/logic_design_lab/labs/lab5/prelab/prelab.srcs/sources_1/new/frequency_divider.v:28]
INFO: [Synth 8-6157] synthesizing module 'binary_down_2digit_counter' [D:/data/logic_design_lab/labs/lab5/prelab/prelab.srcs/sources_1/new/binary_down_2digit_counter.v:24]
WARNING: [Synth 8-567] referenced signal 'is_pause' should be on the sensitivity list [D:/data/logic_design_lab/labs/lab5/prelab/prelab.srcs/sources_1/new/binary_down_2digit_counter.v:44]
INFO: [Synth 8-6155] done synthesizing module 'binary_down_2digit_counter' (5#1) [D:/data/logic_design_lab/labs/lab5/prelab/prelab.srcs/sources_1/new/binary_down_2digit_counter.v:24]
INFO: [Synth 8-6157] synthesizing module 'led_control' [D:/data/logic_design_lab/labs/lab5/prelab/prelab.srcs/sources_1/new/led_control.v:24]
INFO: [Synth 8-6155] done synthesizing module 'led_control' (6#1) [D:/data/logic_design_lab/labs/lab5/prelab/prelab.srcs/sources_1/new/led_control.v:24]
INFO: [Synth 8-6157] synthesizing module 'extract' [D:/data/logic_design_lab/labs/lab5/prelab/prelab.srcs/sources_1/new/extract.v:24]
INFO: [Synth 8-6155] done synthesizing module 'extract' (7#1) [D:/data/logic_design_lab/labs/lab5/prelab/prelab.srcs/sources_1/new/extract.v:24]
INFO: [Synth 8-6157] synthesizing module 'segment7' [D:/data/logic_design_lab/labs/lab5/prelab/prelab.srcs/sources_1/new/segment7.v:25]
INFO: [Synth 8-6155] done synthesizing module 'segment7' (8#1) [D:/data/logic_design_lab/labs/lab5/prelab/prelab.srcs/sources_1/new/segment7.v:25]
WARNING: [Synth 8-7023] instance 'U3' of module 'segment7' has 3 connections declared, but only 2 given [D:/data/logic_design_lab/labs/lab5/prelab/prelab.srcs/sources_1/new/prelab.v:81]
WARNING: [Synth 8-7023] instance 'U4' of module 'segment7' has 3 connections declared, but only 2 given [D:/data/logic_design_lab/labs/lab5/prelab/prelab.srcs/sources_1/new/prelab.v:82]
INFO: [Synth 8-6157] synthesizing module 'display_7seg' [D:/data/logic_design_lab/labs/lab5/prelab/prelab.srcs/sources_1/new/display_7seg.v:28]
INFO: [Synth 8-6157] synthesizing module 'segment7_frequency_divider' [D:/data/logic_design_lab/labs/lab5/prelab/prelab.srcs/sources_1/new/segment7_frequency_divider.v:30]
INFO: [Synth 8-6155] done synthesizing module 'segment7_frequency_divider' (9#1) [D:/data/logic_design_lab/labs/lab5/prelab/prelab.srcs/sources_1/new/segment7_frequency_divider.v:30]
WARNING: [Synth 8-567] referenced signal 'd0' should be on the sensitivity list [D:/data/logic_design_lab/labs/lab5/prelab/prelab.srcs/sources_1/new/display_7seg.v:62]
WARNING: [Synth 8-567] referenced signal 'd1' should be on the sensitivity list [D:/data/logic_design_lab/labs/lab5/prelab/prelab.srcs/sources_1/new/display_7seg.v:62]
WARNING: [Synth 8-567] referenced signal 'd2' should be on the sensitivity list [D:/data/logic_design_lab/labs/lab5/prelab/prelab.srcs/sources_1/new/display_7seg.v:62]
WARNING: [Synth 8-567] referenced signal 'd3' should be on the sensitivity list [D:/data/logic_design_lab/labs/lab5/prelab/prelab.srcs/sources_1/new/display_7seg.v:62]
INFO: [Synth 8-6155] done synthesizing module 'display_7seg' (10#1) [D:/data/logic_design_lab/labs/lab5/prelab/prelab.srcs/sources_1/new/display_7seg.v:28]
INFO: [Synth 8-6155] done synthesizing module 'prelab' (11#1) [D:/data/logic_design_lab/labs/lab5/prelab/prelab.srcs/sources_1/new/prelab.v:34]
WARNING: [Synth 8-3331] design fsm has unconnected port clk
---------------------------------------------------------------------------------
Finished RTL Elaboration : Time (s): cpu = 00:00:06 ; elapsed = 00:00:06 . Memory (MB): peak = 1024.516 ; gain = 308.938
---------------------------------------------------------------------------------

Report Check Netlist: 
+------+------------------+-------+---------+-------+------------------+
|      |Item              |Errors |Warnings |Status |Description       |
+------+------------------+-------+---------+-------+------------------+
|1     |multi_driven_nets |      0|        0|Passed |Multi driven nets |
+------+------------------+-------+---------+-------+------------------+
---------------------------------------------------------------------------------
Start Handling Custom Attributes
---------------------------------------------------------------------------------
---------------------------------------------------------------------------------
Finished Handling Custom Attributes : Time (s): cpu = 00:00:06 ; elapsed = 00:00:07 . Memory (MB): peak = 1024.516 ; gain = 308.938
---------------------------------------------------------------------------------
---------------------------------------------------------------------------------
Finished RTL Optimization Phase 1 : Time (s): cpu = 00:00:06 ; elapsed = 00:00:07 . Memory (MB): peak = 1024.516 ; gain = 308.938
---------------------------------------------------------------------------------
Netlist sorting complete. Time (s): cpu = 00:00:00 ; elapsed = 00:00:00.003 . Memory (MB): peak = 1024.516 ; gain = 0.000
INFO: [Project 1-570] Preparing netlist for logic optimization

Processing XDC Constraints
Initializing timing engine
Parsing XDC File [D:/data/logic_design_lab/labs/lab5/prelab/prelab.srcs/constrs_1/new/prelab.xdc]
Finished Parsing XDC File [D:/data/logic_design_lab/labs/lab5/prelab/prelab.srcs/constrs_1/new/prelab.xdc]
INFO: [Project 1-236] Implementation specific constraints were found while reading constraint file [D:/data/logic_design_lab/labs/lab5/prelab/prelab.srcs/constrs_1/new/prelab.xdc]. These constraints will be ignored for synthesis but will be used in implementation. Impacted constraints are listed in the file [.Xil/prelab_propImpl.xdc].
Resolution: To avoid this warning, move constraints listed in [.Xil/prelab_propImpl.xdc] to another XDC file and exclude this new file from synthesis with the used_in_synthesis property (File Properties dialog in GUI) and re-run elaboration/synthesis.
Completed Processing XDC Constraints

Netlist sorting complete. Time (s): cpu = 00:00:00 ; elapsed = 00:00:00 . Memory (MB): peak = 1108.707 ; gain = 0.000
INFO: [Project 1-111] Unisim Transformation Summary:
No Unisim elements were transformed.

Constraint Validation Runtime : Time (s): cpu = 00:00:00 ; elapsed = 00:00:00.002 . Memory (MB): peak = 1108.707 ; gain = 0.000
---------------------------------------------------------------------------------
Finished Constraint Validation : Time (s): cpu = 00:00:13 ; elapsed = 00:00:14 . Memory (MB): peak = 1108.707 ; gain = 393.129
---------------------------------------------------------------------------------
---------------------------------------------------------------------------------
Start Loading Part and Timing Information
---------------------------------------------------------------------------------
Loading part: xc7a35tcpg236-1
---------------------------------------------------------------------------------
Finished Loading Part and Timing Information : Time (s): cpu = 00:00:13 ; elapsed = 00:00:14 . Memory (MB): peak = 1108.707 ; gain = 393.129
---------------------------------------------------------------------------------
---------------------------------------------------------------------------------
Start Applying 'set_property' XDC Constraints
---------------------------------------------------------------------------------
---------------------------------------------------------------------------------
Finished applying 'set_property' XDC Constraints : Time (s): cpu = 00:00:13 ; elapsed = 00:00:14 . Memory (MB): peak = 1108.707 ; gain = 393.129
---------------------------------------------------------------------------------
---------------------------------------------------------------------------------
Finished RTL Optimization Phase 2 : Time (s): cpu = 00:00:14 ; elapsed = 00:00:15 . Memory (MB): peak = 1108.707 ; gain = 393.129
---------------------------------------------------------------------------------

Report RTL Partitions: 
+-+--------------+------------+----------+
| |RTL Partition |Replication |Instances |
+-+--------------+------------+----------+
+-+--------------+------------+----------+
---------------------------------------------------------------------------------
Start RTL Component Statistics 
---------------------------------------------------------------------------------
Detailed RTL Component Info : 
+---Adders : 
	   2 Input     26 Bit       Adders := 1     
	   2 Input     16 Bit       Adders := 1     
	   2 Input      8 Bit       Adders := 1     
+---XORs : 
	   2 Input      1 Bit         XORs := 1     
+---Registers : 
	               30 Bit    Registers := 2     
	                8 Bit    Registers := 2     
	                4 Bit    Registers := 3     
	                1 Bit    Registers := 11    
+---Muxes : 
	   2 Input     26 Bit        Muxes := 1     
	   2 Input     16 Bit        Muxes := 2     
	   2 Input      8 Bit        Muxes := 1     
	   5 Input      8 Bit        Muxes := 1     
	   2 Input      1 Bit        Muxes := 3     
---------------------------------------------------------------------------------
Finished RTL Component Statistics 
---------------------------------------------------------------------------------
---------------------------------------------------------------------------------
Start RTL Hierarchical Component Statistics 
---------------------------------------------------------------------------------
Hierarchical RTL Component report 
Module debounce 
Detailed RTL Component Info : 
+---Registers : 
	                4 Bit    Registers := 1     
	                1 Bit    Registers := 1     
+---Muxes : 
	   2 Input      1 Bit        Muxes := 1     
Module onepulse 
Detailed RTL Component Info : 
+---Registers : 
	                1 Bit    Registers := 2     
Module fsm 
Detailed RTL Component Info : 
+---XORs : 
	   2 Input      1 Bit         XORs := 1     
+---Registers : 
	                1 Bit    Registers := 3     
Module frequency_divider 
Detailed RTL Component Info : 
+---Adders : 
	   2 Input     26 Bit       Adders := 1     
+---Registers : 
	               30 Bit    Registers := 1     
	                1 Bit    Registers := 1     
+---Muxes : 
	   2 Input     26 Bit        Muxes := 1     
Module binary_down_2digit_counter 
Detailed RTL Component Info : 
+---Adders : 
	   2 Input      8 Bit       Adders := 1     
+---Registers : 
	                8 Bit    Registers := 1     
+---Muxes : 
	   2 Input      8 Bit        Muxes := 1     
	   2 Input      1 Bit        Muxes := 1     
Module led_control 
Detailed RTL Component Info : 
+---Muxes : 
	   2 Input     16 Bit        Muxes := 1     
Module segment7_frequency_divider 
Detailed RTL Component Info : 
+---Adders : 
	   2 Input     16 Bit       Adders := 1     
+---Registers : 
	               30 Bit    Registers := 1     
	                1 Bit    Registers := 1     
+---Muxes : 
	   2 Input     16 Bit        Muxes := 1     
Module display_7seg 
Detailed RTL Component Info : 
+---Registers : 
	                8 Bit    Registers := 1     
	                4 Bit    Registers := 1     
+---Muxes : 
	   5 Input      8 Bit        Muxes := 1     
---------------------------------------------------------------------------------
Finished RTL Hierarchical Component Statistics
---------------------------------------------------------------------------------
---------------------------------------------------------------------------------
Start Part Resource Summary
---------------------------------------------------------------------------------
Part Resources:
DSPs: 90 (col length:60)
BRAMs: 100 (col length: RAMB18 60 RAMB36 30)
---------------------------------------------------------------------------------
Finished Part Resource Summary
---------------------------------------------------------------------------------
---------------------------------------------------------------------------------
Start Cross Boundary and Area Optimization
---------------------------------------------------------------------------------
Warning: Parallel synthesis criteria is not met 
INFO: [Synth 8-3886] merging instance 'U0/counter_out_reg[26]' (FDC) to 'U0/counter_out_reg[29]'
INFO: [Synth 8-3886] merging instance 'U0/counter_out_reg[27]' (FDC) to 'U0/counter_out_reg[29]'
INFO: [Synth 8-3886] merging instance 'U0/counter_out_reg[28]' (FDC) to 'U0/counter_out_reg[29]'
INFO: [Synth 8-3333] propagating constant 0 across sequential element (\U0/counter_out_reg[29] )
---------------------------------------------------------------------------------
Finished Cross Boundary and Area Optimization : Time (s): cpu = 00:00:17 ; elapsed = 00:00:18 . Memory (MB): peak = 1108.707 ; gain = 393.129
---------------------------------------------------------------------------------
---------------------------------------------------------------------------------
Start ROM, RAM, DSP and Shift Register Reporting
---------------------------------------------------------------------------------

ROM:
+------------+------------+---------------+----------------+
|Module Name | RTL Object | Depth x Width | Implemented As | 
+------------+------------+---------------+----------------+
|segment7    | D          | 32x8          | LUT            | 
|prelab      | U4/D       | 32x8          | LUT            | 
|prelab      | U3/D       | 32x8          | LUT            | 
+------------+------------+---------------+----------------+

---------------------------------------------------------------------------------
Finished ROM, RAM, DSP and Shift Register Reporting
---------------------------------------------------------------------------------

Report RTL Partitions: 
+-+--------------+------------+----------+
| |RTL Partition |Replication |Instances |
+-+--------------+------------+----------+
+-+--------------+------------+----------+
---------------------------------------------------------------------------------
Start Applying XDC Timing Constraints
---------------------------------------------------------------------------------
---------------------------------------------------------------------------------
Finished Applying XDC Timing Constraints : Time (s): cpu = 00:00:25 ; elapsed = 00:00:26 . Memory (MB): peak = 1108.707 ; gain = 393.129
---------------------------------------------------------------------------------
---------------------------------------------------------------------------------
Start Timing Optimization
---------------------------------------------------------------------------------
---------------------------------------------------------------------------------
Finished Timing Optimization : Time (s): cpu = 00:00:25 ; elapsed = 00:00:26 . Memory (MB): peak = 1108.707 ; gain = 393.129
---------------------------------------------------------------------------------

Report RTL Partitions: 
+-+--------------+------------+----------+
| |RTL Partition |Replication |Instances |
+-+--------------+------------+----------+
+-+--------------+------------+----------+
---------------------------------------------------------------------------------
Start Technology Mapping
---------------------------------------------------------------------------------
---------------------------------------------------------------------------------
Finished Technology Mapping : Time (s): cpu = 00:00:25 ; elapsed = 00:00:26 . Memory (MB): peak = 1125.484 ; gain = 409.906
---------------------------------------------------------------------------------

Report RTL Partitions: 
+-+--------------+------------+----------+
| |RTL Partition |Replication |Instances |
+-+--------------+------------+----------+
+-+--------------+------------+----------+
---------------------------------------------------------------------------------
Start IO Insertion
---------------------------------------------------------------------------------
---------------------------------------------------------------------------------
Start Flattening Before IO Insertion
---------------------------------------------------------------------------------
---------------------------------------------------------------------------------
Finished Flattening Before IO Insertion
---------------------------------------------------------------------------------
---------------------------------------------------------------------------------
Start Final Netlist Cleanup
---------------------------------------------------------------------------------
---------------------------------------------------------------------------------
Finished Final Netlist Cleanup
---------------------------------------------------------------------------------
---------------------------------------------------------------------------------
Finished IO Insertion : Time (s): cpu = 00:00:30 ; elapsed = 00:00:31 . Memory (MB): peak = 1131.262 ; gain = 415.684
---------------------------------------------------------------------------------
---------------------------------------------------------------------------------
Start Renaming Generated Instances
---------------------------------------------------------------------------------
---------------------------------------------------------------------------------
Finished Renaming Generated Instances : Time (s): cpu = 00:00:30 ; elapsed = 00:00:31 . Memory (MB): peak = 1131.262 ; gain = 415.684
---------------------------------------------------------------------------------

Report RTL Partitions: 
+-+--------------+------------+----------+
| |RTL Partition |Replication |Instances |
+-+--------------+------------+----------+
+-+--------------+------------+----------+

Report Check Netlist: 
+------+------------------+-------+---------+-------+------------------+
|      |Item              |Errors |Warnings |Status |Description       |
+------+------------------+-------+---------+-------+------------------+
|1     |multi_driven_nets |      0|        0|Passed |Multi driven nets |
+------+------------------+-------+---------+-------+------------------+
---------------------------------------------------------------------------------
Start Rebuilding User Hierarchy
---------------------------------------------------------------------------------
---------------------------------------------------------------------------------
Finished Rebuilding User Hierarchy : Time (s): cpu = 00:00:30 ; elapsed = 00:00:31 . Memory (MB): peak = 1131.262 ; gain = 415.684
---------------------------------------------------------------------------------
---------------------------------------------------------------------------------
Start Renaming Generated Ports
---------------------------------------------------------------------------------
---------------------------------------------------------------------------------
Finished Renaming Generated Ports : Time (s): cpu = 00:00:30 ; elapsed = 00:00:31 . Memory (MB): peak = 1131.262 ; gain = 415.684
---------------------------------------------------------------------------------
---------------------------------------------------------------------------------
Start Handling Custom Attributes
---------------------------------------------------------------------------------
---------------------------------------------------------------------------------
Finished Handling Custom Attributes : Time (s): cpu = 00:00:30 ; elapsed = 00:00:31 . Memory (MB): peak = 1131.262 ; gain = 415.684
---------------------------------------------------------------------------------
---------------------------------------------------------------------------------
Start Renaming Generated Nets
---------------------------------------------------------------------------------
---------------------------------------------------------------------------------
Finished Renaming Generated Nets : Time (s): cpu = 00:00:30 ; elapsed = 00:00:31 . Memory (MB): peak = 1131.262 ; gain = 415.684
---------------------------------------------------------------------------------
---------------------------------------------------------------------------------
Start Writing Synthesis Report
---------------------------------------------------------------------------------

Report BlackBoxes: 
+-+--------------+----------+
| |BlackBox name |Instances |
+-+--------------+----------+
+-+--------------+----------+

Report Cell Usage: 
+------+-------+------+
|      |Cell   |Count |
+------+-------+------+
|1     |BUFG   |     1|
|2     |CARRY4 |    11|
|3     |LUT1   |     4|
|4     |LUT2   |    23|
|5     |LUT3   |     4|
|6     |LUT4   |    16|
|7     |LUT5   |    15|
|8     |LUT6   |    44|
|9     |FDCE   |    49|
|10    |FDPE   |    12|
|11    |FDRE   |    20|
|12    |IBUF   |     4|
|13    |OBUF   |    28|
+------+-------+------+

Report Instance Areas: 
+------+-----------------+---------------------------+------+
|      |Instance         |Module                     |Cells |
+------+-----------------+---------------------------+------+
|1     |top              |                           |   231|
|2     |  FSM            |fsm                        |     7|
|3     |  PauseBtn       |onepulse                   |     9|
|4     |    U0           |debounce_1                 |     7|
|5     |  RestartBtn     |onepulse_0                 |     9|
|6     |    U0           |debounce                   |     7|
|7     |  U0             |frequency_divider          |    66|
|8     |  U1             |binary_down_2digit_counter |    43|
|9     |  nolabel_line85 |display_7seg               |    64|
|10    |    U0           |segment7_frequency_divider |    44|
+------+-----------------+---------------------------+------+
---------------------------------------------------------------------------------
Finished Writing Synthesis Report : Time (s): cpu = 00:00:30 ; elapsed = 00:00:31 . Memory (MB): peak = 1131.262 ; gain = 415.684
---------------------------------------------------------------------------------
Synthesis finished with 0 errors, 0 critical warnings and 0 warnings.
Synthesis Optimization Runtime : Time (s): cpu = 00:00:22 ; elapsed = 00:00:29 . Memory (MB): peak = 1131.262 ; gain = 331.492
Synthesis Optimization Complete : Time (s): cpu = 00:00:30 ; elapsed = 00:00:31 . Memory (MB): peak = 1131.262 ; gain = 415.684
INFO: [Project 1-571] Translating synthesized netlist
Netlist sorting complete. Time (s): cpu = 00:00:00 ; elapsed = 00:00:00.002 . Memory (MB): peak = 1143.297 ; gain = 0.000
INFO: [Netlist 29-17] Analyzing 11 Unisim elements for replacement
INFO: [Netlist 29-28] Unisim Transformation completed in 0 CPU seconds
INFO: [Project 1-570] Preparing netlist for logic optimization
INFO: [Opt 31-138] Pushed 0 inverter(s) to 0 load pin(s).
Netlist sorting complete. Time (s): cpu = 00:00:00 ; elapsed = 00:00:00 . Memory (MB): peak = 1143.297 ; gain = 0.000
INFO: [Project 1-111] Unisim Transformation Summary:
No Unisim elements were transformed.

INFO: [Common 17-83] Releasing license: Synthesis
38 Infos, 8 Warnings, 0 Critical Warnings and 0 Errors encountered.
synth_design completed successfully
synth_design: Time (s): cpu = 00:00:36 ; elapsed = 00:00:38 . Memory (MB): peak = 1143.297 ; gain = 720.285
Netlist sorting complete. Time (s): cpu = 00:00:00 ; elapsed = 00:00:00 . Memory (MB): peak = 1143.297 ; gain = 0.000
WARNING: [Constraints 18-5210] No constraints selected for write.
Resolution: This message can indicate that there are no constraints for the design, or it can indicate that the used_in flags are set such that the constraints are ignored. This later case is used when running synth_design to not write synthesis constraints to the resulting checkpoint. Instead, project constraints are read when the synthesized design is opened.
INFO: [Common 17-1381] The checkpoint 'D:/data/logic_design_lab/labs/lab5/prelab/prelab.runs/synth_1/prelab.dcp' has been generated.
INFO: [runtcl-4] Executing : report_utilization -file prelab_utilization_synth.rpt -pb prelab_utilization_synth.pb
INFO: [Common 17-206] Exiting Vivado at Sat Mar 26 17:49:18 2022...
