#-----------------------------------------------------------
# Vivado v2016.2 (64-bit)
# SW Build 1577090 on Thu Jun  2 16:32:40 MDT 2016
# IP Build 1577682 on Fri Jun  3 12:00:54 MDT 2016
# Start of session at: Mon May 20 07:04:39 2019
# Process ID: 5452
# Current directory: D:/logicdesign/M/lab90301
# Command line: vivado.exe -gui_launcher_event rodinguilauncherevent5936 D:\logicdesign\M\lab90301\lab90301.xpr
# Log file: D:/logicdesign/M/lab90301/vivado.log
# Journal file: D:/logicdesign/M/lab90301\vivado.jou
#-----------------------------------------------------------
start_gui
open_project D:/logicdesign/M/lab90301/lab90301.xpr
INFO: [Project 1-313] Project file moved from 'C:/Users/HP 15/Desktop/digitaldesignnnn/Lab09/lab90301' since last save.
Scanning sources...
Finished scanning sources
INFO: [IP_Flow 19-234] Refreshing IP repositories
INFO: [IP_Flow 19-1704] No user IP repositories specified
INFO: [IP_Flow 19-2313] Loaded Vivado IP repository 'D:/logicdesign/Xilinx/Vivado/2016.2/data/ip'.
open_project: Time (s): cpu = 00:00:19 ; elapsed = 00:00:12 . Memory (MB): peak = 769.902 ; gain = 131.793
update_compile_order -fileset sources_1
launch_runs impl_1 -to_step write_bitstream
[Mon May 20 07:05:55 2019] Launched synth_1...
Run output will be captured here: D:/logicdesign/M/lab90301/lab90301.runs/synth_1/runme.log
[Mon May 20 07:05:55 2019] Launched impl_1...
Run output will be captured here: D:/logicdesign/M/lab90301/lab90301.runs/impl_1/runme.log
exit
INFO: [Common 17-206] Exiting Vivado at Mon May 20 07:16:41 2019...
