#-----------------------------------------------------------
# Vivado v2019.2 (64-bit)
# SW Build 2708876 on Wed Nov  6 21:40:23 MST 2019
# IP Build 2700528 on Thu Nov  7 00:09:20 MST 2019
# Start of session at: Thu Mar 24 18:12:02 2022
# Process ID: 6880
# Current directory: D:/data/logic_design_lab/labs/lab4/lab4_4
# Command line: vivado.exe -gui_launcher_event rodinguilauncherevent14108 D:\data\logic_design_lab\labs\lab4\lab4_4\lab4_4.xpr
# Log file: D:/data/logic_design_lab/labs/lab4/lab4_4/vivado.log
# Journal file: D:/data/logic_design_lab/labs/lab4/lab4_4\vivado.jou
#-----------------------------------------------------------
start_gui
open_project D:/data/logic_design_lab/labs/lab4/lab4_4/lab4_4.xpr
Scanning sources...
Finished scanning sources
INFO: [IP_Flow 19-234] Refreshing IP repositories
INFO: [IP_Flow 19-1704] No user IP repositories specified
INFO: [IP_Flow 19-2313] Loaded Vivado IP repository 'C:/Xilinx/Vivado/2019.2/data/ip'.
open_project: Time (s): cpu = 00:00:20 ; elapsed = 00:00:08 . Memory (MB): peak = 906.234 ; gain = 224.496
update_compile_order -fileset sources_1
exit
INFO: [Common 17-206] Exiting Vivado at Thu Mar 24 19:11:37 2022...
