#-----------------------------------------------------------
# Vivado v2016.2 (64-bit)
# SW Build 1577090 on Thu Jun  2 16:32:40 MDT 2016
# IP Build 1577682 on Fri Jun  3 12:00:54 MDT 2016
# Start of session at: Sun May 19 11:31:18 2019
# Process ID: 3972
# Current directory: D:/logicdesign/M/lab90101
# Command line: vivado.exe -gui_launcher_event rodinguilauncherevent14428 D:\logicdesign\M\lab90101\lab90101.xpr
# Log file: D:/logicdesign/M/lab90101/vivado.log
# Journal file: D:/logicdesign/M/lab90101\vivado.jou
#-----------------------------------------------------------
start_gui
open_project D:/logicdesign/M/lab90101/lab90101.xpr
INFO: [Project 1-313] Project file moved from 'C:/Users/HP 15/Desktop/digitaldesignnnn/Lab09/lab90101' since last save.
Scanning sources...
Finished scanning sources
INFO: [IP_Flow 19-234] Refreshing IP repositories
INFO: [IP_Flow 19-1704] No user IP repositories specified
INFO: [IP_Flow 19-2313] Loaded Vivado IP repository 'D:/logicdesign/Xilinx/Vivado/2016.2/data/ip'.
update_compile_order -fileset sources_1
launch_runs impl_1 -to_step write_bitstream
[Sun May 19 11:32:36 2019] Launched synth_1...
Run output will be captured here: D:/logicdesign/M/lab90101/lab90101.runs/synth_1/runme.log
[Sun May 19 11:32:36 2019] Launched impl_1...
Run output will be captured here: D:/logicdesign/M/lab90101/lab90101.runs/impl_1/runme.log
reset_run synth_1
launch_runs impl_1 -to_step write_bitstream
[Sun May 19 11:33:21 2019] Launched synth_1...
Run output will be captured here: D:/logicdesign/M/lab90101/lab90101.runs/synth_1/runme.log
[Sun May 19 11:33:21 2019] Launched impl_1...
Run output will be captured here: D:/logicdesign/M/lab90101/lab90101.runs/impl_1/runme.log
reset_run synth_1
launch_runs impl_1 -to_step write_bitstream
[Sun May 19 11:35:34 2019] Launched synth_1...
Run output will be captured here: D:/logicdesign/M/lab90101/lab90101.runs/synth_1/runme.log
[Sun May 19 11:35:34 2019] Launched impl_1...
Run output will be captured here: D:/logicdesign/M/lab90101/lab90101.runs/impl_1/runme.log
exit
INFO: [Common 17-206] Exiting Vivado at Sun May 19 11:38:42 2019...
