
*** Running vivado
    with args -log exp_3.vds -m64 -product Vivado -mode batch -messageDb vivado.pb -notrace -source exp_3.tcl


****** Vivado v2019.2 (64-bit)
  **** SW Build 2708876 on Wed Nov  6 21:40:23 MST 2019
  **** IP Build 2700528 on Thu Nov  7 00:09:20 MST 2019
    ** Copyright 1986-2019 Xilinx, Inc. All Rights Reserved.

source exp_3.tcl -notrace
INFO: [IP_Flow 19-234] Refreshing IP repositories
INFO: [IP_Flow 19-1700] Loaded user IP repository 'd:/data/logic_design_lab/labs/lab8/lab08_keyboard_source/lab08_keyboard_source'.
INFO: [IP_Flow 19-2313] Loaded Vivado IP repository 'C:/Xilinx/Vivado/2019.2/data/ip'.
Command: synth_design -top exp_3 -part xc7a35tcpg236-1
Starting synth_design
Attempting to get a license for feature 'Synthesis' and/or device 'xc7a35t'
INFO: [Common 17-349] Got license for feature 'Synthesis' and/or device 'xc7a35t'
INFO: [Device 21-403] Loading part xc7a35tcpg236-1
INFO: Launching helper process for spawning children vivado processes
INFO: Helper process launched with PID 14112 
---------------------------------------------------------------------------------
Starting RTL Elaboration : Time (s): cpu = 00:00:05 ; elapsed = 00:00:06 . Memory (MB): peak = 957.879 ; gain = 234.469
---------------------------------------------------------------------------------
INFO: [Synth 8-6157] synthesizing module 'exp_3' [D:/data/logic_design_lab/labs/lab8/exp_3/exp_3.srcs/sources_1/new/exp_3.v:25]
INFO: [Synth 8-6157] synthesizing module 'keyboard' [D:/data/logic_design_lab/labs/lab8/exp_3/exp_3.srcs/sources_1/new/keyboard.v:24]
INFO: [Synth 8-6157] synthesizing module 'KeyboardDecoder' [D:/data/logic_design_lab/labs/lab8/exp_3/exp_3.srcs/sources_1/new/KeyboardDecoder.v:23]
	Parameter INIT bound to: 2'b00 
	Parameter WAIT_FOR_SIGNAL bound to: 2'b01 
	Parameter GET_SIGNAL_DOWN bound to: 2'b10 
	Parameter WAIT_RELEASE bound to: 2'b11 
	Parameter IS_INIT bound to: 8'b10101010 
	Parameter IS_EXTEND bound to: 8'b11100000 
	Parameter IS_BREAK bound to: 8'b11110000 
INFO: [Synth 8-6157] synthesizing module 'KeyboardCtrl_0' [D:/data/logic_design_lab/labs/lab8/exp_3/exp_3.runs/synth_1/.Xil/Vivado-19084-DESKTOP-0M9JO91/realtime/KeyboardCtrl_0_stub.v:6]
INFO: [Synth 8-6155] done synthesizing module 'KeyboardCtrl_0' (1#1) [D:/data/logic_design_lab/labs/lab8/exp_3/exp_3.runs/synth_1/.Xil/Vivado-19084-DESKTOP-0M9JO91/realtime/KeyboardCtrl_0_stub.v:6]
INFO: [Synth 8-6157] synthesizing module 'OnePulse' [D:/data/logic_design_lab/labs/lab8/exp_3/exp_3.srcs/sources_1/new/OnePulse.v:53]
INFO: [Synth 8-6155] done synthesizing module 'OnePulse' (2#1) [D:/data/logic_design_lab/labs/lab8/exp_3/exp_3.srcs/sources_1/new/OnePulse.v:53]
INFO: [Synth 8-226] default block is never used [D:/data/logic_design_lab/labs/lab8/exp_3/exp_3.srcs/sources_1/new/KeyboardDecoder.v:86]
INFO: [Synth 8-6155] done synthesizing module 'KeyboardDecoder' (3#1) [D:/data/logic_design_lab/labs/lab8/exp_3/exp_3.srcs/sources_1/new/KeyboardDecoder.v:23]
INFO: [Synth 8-6157] synthesizing module 'validator' [D:/data/logic_design_lab/labs/lab8/exp_3/exp_3.srcs/sources_1/new/validator.v:28]
INFO: [Synth 8-6155] done synthesizing module 'validator' (4#1) [D:/data/logic_design_lab/labs/lab8/exp_3/exp_3.srcs/sources_1/new/validator.v:28]
INFO: [Synth 8-6155] done synthesizing module 'keyboard' (5#1) [D:/data/logic_design_lab/labs/lab8/exp_3/exp_3.srcs/sources_1/new/keyboard.v:24]
WARNING: [Synth 8-7023] instance 'UKB' of module 'keyboard' has 12 connections declared, but only 7 given [D:/data/logic_design_lab/labs/lab8/exp_3/exp_3.srcs/sources_1/new/exp_3.v:38]
INFO: [Synth 8-6157] synthesizing module 'controller' [D:/data/logic_design_lab/labs/lab8/exp_3/exp_3.srcs/sources_1/new/controller.v:34]
INFO: [Synth 8-6157] synthesizing module 'symbol_to_binary' [D:/data/logic_design_lab/labs/lab8/exp_3/exp_3.srcs/sources_1/new/symbol_to_binary.v:24]
INFO: [Synth 8-6155] done synthesizing module 'symbol_to_binary' (6#1) [D:/data/logic_design_lab/labs/lab8/exp_3/exp_3.srcs/sources_1/new/symbol_to_binary.v:24]
INFO: [Synth 8-6157] synthesizing module 'num_checker' [D:/data/logic_design_lab/labs/lab8/exp_3/exp_3.srcs/sources_1/new/is_num.v:24]
INFO: [Synth 8-155] case statement is not full and has no default [D:/data/logic_design_lab/labs/lab8/exp_3/exp_3.srcs/sources_1/new/is_num.v:41]
INFO: [Synth 8-155] case statement is not full and has no default [D:/data/logic_design_lab/labs/lab8/exp_3/exp_3.srcs/sources_1/new/is_num.v:56]
INFO: [Synth 8-6155] done synthesizing module 'num_checker' (7#1) [D:/data/logic_design_lab/labs/lab8/exp_3/exp_3.srcs/sources_1/new/is_num.v:24]
INFO: [Synth 8-6155] done synthesizing module 'controller' (8#1) [D:/data/logic_design_lab/labs/lab8/exp_3/exp_3.srcs/sources_1/new/controller.v:34]
WARNING: [Synth 8-7023] instance 'UCONT' of module 'controller' has 18 connections declared, but only 16 given [D:/data/logic_design_lab/labs/lab8/exp_3/exp_3.srcs/sources_1/new/exp_3.v:67]
INFO: [Synth 8-6157] synthesizing module 'segment7' [D:/data/logic_design_lab/labs/lab8/exp_3/exp_3.srcs/sources_1/new/segment7.v:25]
INFO: [Synth 8-6155] done synthesizing module 'segment7' (9#1) [D:/data/logic_design_lab/labs/lab8/exp_3/exp_3.srcs/sources_1/new/segment7.v:25]
INFO: [Synth 8-6157] synthesizing module 'display_7seg' [D:/data/logic_design_lab/labs/lab8/exp_3/exp_3.srcs/sources_1/new/display_7seg.v:29]
INFO: [Synth 8-6157] synthesizing module 'segment7_frequency_divider' [D:/data/logic_design_lab/labs/lab8/exp_3/exp_3.srcs/sources_1/new/segment7_frequency_divider.v:31]
INFO: [Synth 8-6155] done synthesizing module 'segment7_frequency_divider' (10#1) [D:/data/logic_design_lab/labs/lab8/exp_3/exp_3.srcs/sources_1/new/segment7_frequency_divider.v:31]
WARNING: [Synth 8-567] referenced signal 'd0' should be on the sensitivity list [D:/data/logic_design_lab/labs/lab8/exp_3/exp_3.srcs/sources_1/new/display_7seg.v:63]
WARNING: [Synth 8-567] referenced signal 'd1' should be on the sensitivity list [D:/data/logic_design_lab/labs/lab8/exp_3/exp_3.srcs/sources_1/new/display_7seg.v:63]
WARNING: [Synth 8-567] referenced signal 'd2' should be on the sensitivity list [D:/data/logic_design_lab/labs/lab8/exp_3/exp_3.srcs/sources_1/new/display_7seg.v:63]
WARNING: [Synth 8-567] referenced signal 'd3' should be on the sensitivity list [D:/data/logic_design_lab/labs/lab8/exp_3/exp_3.srcs/sources_1/new/display_7seg.v:63]
INFO: [Synth 8-6155] done synthesizing module 'display_7seg' (11#1) [D:/data/logic_design_lab/labs/lab8/exp_3/exp_3.srcs/sources_1/new/display_7seg.v:29]
WARNING: [Synth 8-3848] Net key_valid in module/entity exp_3 does not have driver. [D:/data/logic_design_lab/labs/lab8/exp_3/exp_3.srcs/sources_1/new/exp_3.v:29]
INFO: [Synth 8-6155] done synthesizing module 'exp_3' (12#1) [D:/data/logic_design_lab/labs/lab8/exp_3/exp_3.srcs/sources_1/new/exp_3.v:25]
WARNING: [Synth 8-3331] design validator has unconnected port key_valid
WARNING: [Synth 8-3331] design exp_3 has unconnected port key_valid
---------------------------------------------------------------------------------
Finished RTL Elaboration : Time (s): cpu = 00:00:07 ; elapsed = 00:00:07 . Memory (MB): peak = 1031.316 ; gain = 307.906
---------------------------------------------------------------------------------

Report Check Netlist: 
+------+------------------+-------+---------+-------+------------------+
|      |Item              |Errors |Warnings |Status |Description       |
+------+------------------+-------+---------+-------+------------------+
|1     |multi_driven_nets |      0|        0|Passed |Multi driven nets |
+------+------------------+-------+---------+-------+------------------+
---------------------------------------------------------------------------------
Start Handling Custom Attributes
---------------------------------------------------------------------------------
---------------------------------------------------------------------------------
Finished Handling Custom Attributes : Time (s): cpu = 00:00:07 ; elapsed = 00:00:08 . Memory (MB): peak = 1031.316 ; gain = 307.906
---------------------------------------------------------------------------------
---------------------------------------------------------------------------------
Finished RTL Optimization Phase 1 : Time (s): cpu = 00:00:07 ; elapsed = 00:00:08 . Memory (MB): peak = 1031.316 ; gain = 307.906
---------------------------------------------------------------------------------
Netlist sorting complete. Time (s): cpu = 00:00:00 ; elapsed = 00:00:00.078 . Memory (MB): peak = 1031.316 ; gain = 0.000
INFO: [Project 1-570] Preparing netlist for logic optimization

Processing XDC Constraints
Initializing timing engine
Parsing XDC File [d:/data/logic_design_lab/labs/lab8/exp_3/exp_3.srcs/sources_1/ip/KeyboardCtrl_0/KeyboardCtrl_0/KeyboardCtrl_0_in_context.xdc] for cell 'UKB/UKD/inst'
Finished Parsing XDC File [d:/data/logic_design_lab/labs/lab8/exp_3/exp_3.srcs/sources_1/ip/KeyboardCtrl_0/KeyboardCtrl_0/KeyboardCtrl_0_in_context.xdc] for cell 'UKB/UKD/inst'
Parsing XDC File [D:/data/logic_design_lab/labs/lab8/exp_3/exp_3.srcs/constrs_1/new/exp_3.xdc]
Finished Parsing XDC File [D:/data/logic_design_lab/labs/lab8/exp_3/exp_3.srcs/constrs_1/new/exp_3.xdc]
INFO: [Project 1-236] Implementation specific constraints were found while reading constraint file [D:/data/logic_design_lab/labs/lab8/exp_3/exp_3.srcs/constrs_1/new/exp_3.xdc]. These constraints will be ignored for synthesis but will be used in implementation. Impacted constraints are listed in the file [.Xil/exp_3_propImpl.xdc].
Resolution: To avoid this warning, move constraints listed in [.Xil/exp_3_propImpl.xdc] to another XDC file and exclude this new file from synthesis with the used_in_synthesis property (File Properties dialog in GUI) and re-run elaboration/synthesis.
Completed Processing XDC Constraints

Netlist sorting complete. Time (s): cpu = 00:00:00 ; elapsed = 00:00:00.001 . Memory (MB): peak = 1152.965 ; gain = 0.000
INFO: [Project 1-111] Unisim Transformation Summary:
No Unisim elements were transformed.

Constraint Validation Runtime : Time (s): cpu = 00:00:00 ; elapsed = 00:00:00.016 . Memory (MB): peak = 1152.965 ; gain = 0.000
---------------------------------------------------------------------------------
Finished Constraint Validation : Time (s): cpu = 00:00:15 ; elapsed = 00:00:15 . Memory (MB): peak = 1152.965 ; gain = 429.555
---------------------------------------------------------------------------------
---------------------------------------------------------------------------------
Start Loading Part and Timing Information
---------------------------------------------------------------------------------
Loading part: xc7a35tcpg236-1
---------------------------------------------------------------------------------
Finished Loading Part and Timing Information : Time (s): cpu = 00:00:15 ; elapsed = 00:00:15 . Memory (MB): peak = 1152.965 ; gain = 429.555
---------------------------------------------------------------------------------
---------------------------------------------------------------------------------
Start Applying 'set_property' XDC Constraints
---------------------------------------------------------------------------------
Applied set_property IO_BUFFER_TYPE = NONE for PS2_CLK. (constraint file  d:/data/logic_design_lab/labs/lab8/exp_3/exp_3.srcs/sources_1/ip/KeyboardCtrl_0/KeyboardCtrl_0/KeyboardCtrl_0_in_context.xdc, line 1).
Applied set_property CLOCK_BUFFER_TYPE = NONE for PS2_CLK. (constraint file  d:/data/logic_design_lab/labs/lab8/exp_3/exp_3.srcs/sources_1/ip/KeyboardCtrl_0/KeyboardCtrl_0/KeyboardCtrl_0_in_context.xdc, line 2).
Applied set_property IO_BUFFER_TYPE = NONE for PS2_DATA. (constraint file  d:/data/logic_design_lab/labs/lab8/exp_3/exp_3.srcs/sources_1/ip/KeyboardCtrl_0/KeyboardCtrl_0/KeyboardCtrl_0_in_context.xdc, line 3).
Applied set_property CLOCK_BUFFER_TYPE = NONE for PS2_DATA. (constraint file  d:/data/logic_design_lab/labs/lab8/exp_3/exp_3.srcs/sources_1/ip/KeyboardCtrl_0/KeyboardCtrl_0/KeyboardCtrl_0_in_context.xdc, line 4).
Applied set_property DONT_TOUCH = true for UKB/UKD/inst. (constraint file  auto generated constraint, line ).
---------------------------------------------------------------------------------
Finished applying 'set_property' XDC Constraints : Time (s): cpu = 00:00:15 ; elapsed = 00:00:16 . Memory (MB): peak = 1152.965 ; gain = 429.555
---------------------------------------------------------------------------------
INFO: [Synth 8-802] inferred FSM for state register 'state_reg' in module 'KeyboardDecoder'
INFO: [Synth 8-5546] ROM "binary" won't be mapped to RAM because it is too sparse
INFO: [Synth 8-5818] HDL ADVISOR - The operator resource <adder> is shared. To prevent sharing consider applying a KEEP on the output of the operator [D:/data/logic_design_lab/labs/lab8/exp_3/exp_3.srcs/sources_1/new/controller.v:191]
INFO: [Synth 8-5587] ROM size for "D" is below threshold of ROM address width. It will be mapped to LUTs
---------------------------------------------------------------------------------------------------
                   State |                     New Encoding |                Previous Encoding 
---------------------------------------------------------------------------------------------------
                    INIT |                               00 |                               00
         WAIT_FOR_SIGNAL |                               01 |                               01
         GET_SIGNAL_DOWN |                               10 |                               10
            WAIT_RELEASE |                               11 |                               11
---------------------------------------------------------------------------------------------------
INFO: [Synth 8-3354] encoded FSM with state register 'state_reg' using encoding 'sequential' in module 'KeyboardDecoder'
WARNING: [Synth 8-327] inferring latch for variable 'kb_in_debouce_reg' [D:/data/logic_design_lab/labs/lab8/exp_3/exp_3.srcs/sources_1/new/validator.v:87]
WARNING: [Synth 8-327] inferring latch for variable 'is_number_reg' [D:/data/logic_design_lab/labs/lab8/exp_3/exp_3.srcs/sources_1/new/is_num.v:42]
---------------------------------------------------------------------------------
Finished RTL Optimization Phase 2 : Time (s): cpu = 00:00:16 ; elapsed = 00:00:16 . Memory (MB): peak = 1152.965 ; gain = 429.555
---------------------------------------------------------------------------------

Report RTL Partitions: 
+-+--------------+------------+----------+
| |RTL Partition |Replication |Instances |
+-+--------------+------------+----------+
+-+--------------+------------+----------+
---------------------------------------------------------------------------------
Start RTL Component Statistics 
---------------------------------------------------------------------------------
Detailed RTL Component Info : 
+---Adders : 
	   3 Input     32 Bit       Adders := 1     
	   2 Input     30 Bit       Adders := 1     
	   2 Input     16 Bit       Adders := 1     
+---Registers : 
	              512 Bit    Registers := 3     
	               32 Bit    Registers := 1     
	               30 Bit    Registers := 2     
	               10 Bit    Registers := 1     
	                8 Bit    Registers := 14    
	                4 Bit    Registers := 2     
	                2 Bit    Registers := 1     
	                1 Bit    Registers := 9     
+---Muxes : 
	   2 Input    512 Bit        Muxes := 2     
	   4 Input     32 Bit        Muxes := 3     
	   2 Input     16 Bit        Muxes := 1     
	   4 Input     10 Bit        Muxes := 1     
	   2 Input      9 Bit        Muxes := 1     
	   2 Input      8 Bit        Muxes := 19    
	   4 Input      8 Bit        Muxes := 2     
	   6 Input      8 Bit        Muxes := 2     
	   5 Input      8 Bit        Muxes := 1     
	   3 Input      5 Bit        Muxes := 1     
	  21 Input      4 Bit        Muxes := 1     
	   2 Input      4 Bit        Muxes := 9     
	   4 Input      4 Bit        Muxes := 1     
	   4 Input      2 Bit        Muxes := 2     
	   2 Input      2 Bit        Muxes := 6     
	   5 Input      2 Bit        Muxes := 1     
	   2 Input      1 Bit        Muxes := 32    
	   4 Input      1 Bit        Muxes := 10    
	   8 Input      1 Bit        Muxes := 1     
	   7 Input      1 Bit        Muxes := 3     
	   6 Input      1 Bit        Muxes := 3     
---------------------------------------------------------------------------------
Finished RTL Component Statistics 
---------------------------------------------------------------------------------
---------------------------------------------------------------------------------
Start RTL Hierarchical Component Statistics 
---------------------------------------------------------------------------------
Hierarchical RTL Component report 
Module OnePulse 
Detailed RTL Component Info : 
+---Registers : 
	                1 Bit    Registers := 2     
Module KeyboardDecoder 
Detailed RTL Component Info : 
+---Registers : 
	              512 Bit    Registers := 1     
	               10 Bit    Registers := 1     
	                1 Bit    Registers := 4     
+---Muxes : 
	   2 Input    512 Bit        Muxes := 1     
	   4 Input     10 Bit        Muxes := 1     
	   4 Input      2 Bit        Muxes := 1     
	   2 Input      2 Bit        Muxes := 3     
	   2 Input      1 Bit        Muxes := 8     
	   4 Input      1 Bit        Muxes := 7     
Module validator 
Detailed RTL Component Info : 
+---Adders : 
	   2 Input     30 Bit       Adders := 1     
+---Registers : 
	              512 Bit    Registers := 2     
	               30 Bit    Registers := 1     
+---Muxes : 
	   2 Input      1 Bit        Muxes := 1     
Module keyboard 
Detailed RTL Component Info : 
+---Muxes : 
	   2 Input    512 Bit        Muxes := 1     
	   2 Input      9 Bit        Muxes := 1     
Module symbol_to_binary 
Detailed RTL Component Info : 
+---Muxes : 
	  21 Input      4 Bit        Muxes := 1     
	   2 Input      4 Bit        Muxes := 1     
Module num_checker 
Detailed RTL Component Info : 
+---Muxes : 
	   8 Input      1 Bit        Muxes := 1     
	   4 Input      1 Bit        Muxes := 1     
Module controller 
Detailed RTL Component Info : 
+---Adders : 
	   3 Input     32 Bit       Adders := 1     
+---Registers : 
	               32 Bit    Registers := 1     
	                8 Bit    Registers := 13    
	                4 Bit    Registers := 1     
	                2 Bit    Registers := 1     
+---Muxes : 
	   4 Input     32 Bit        Muxes := 3     
	   2 Input      8 Bit        Muxes := 15    
	   4 Input      8 Bit        Muxes := 2     
	   6 Input      8 Bit        Muxes := 2     
	   3 Input      5 Bit        Muxes := 1     
	   2 Input      4 Bit        Muxes := 8     
	   4 Input      4 Bit        Muxes := 1     
	   5 Input      2 Bit        Muxes := 1     
	   2 Input      2 Bit        Muxes := 3     
	   4 Input      2 Bit        Muxes := 1     
	   2 Input      1 Bit        Muxes := 23    
	   7 Input      1 Bit        Muxes := 3     
	   4 Input      1 Bit        Muxes := 2     
	   6 Input      1 Bit        Muxes := 3     
Module segment7 
Detailed RTL Component Info : 
+---Muxes : 
	   2 Input      8 Bit        Muxes := 1     
Module segment7_frequency_divider 
Detailed RTL Component Info : 
+---Adders : 
	   2 Input     16 Bit       Adders := 1     
+---Registers : 
	               30 Bit    Registers := 1     
	                1 Bit    Registers := 1     
+---Muxes : 
	   2 Input     16 Bit        Muxes := 1     
Module display_7seg 
Detailed RTL Component Info : 
+---Registers : 
	                8 Bit    Registers := 1     
	                4 Bit    Registers := 1     
+---Muxes : 
	   5 Input      8 Bit        Muxes := 1     
---------------------------------------------------------------------------------
Finished RTL Hierarchical Component Statistics
---------------------------------------------------------------------------------
---------------------------------------------------------------------------------
Start Part Resource Summary
---------------------------------------------------------------------------------
Part Resources:
DSPs: 90 (col length:60)
BRAMs: 100 (col length: RAMB18 60 RAMB36 30)
---------------------------------------------------------------------------------
Finished Part Resource Summary
---------------------------------------------------------------------------------
---------------------------------------------------------------------------------
Start Cross Boundary and Area Optimization
---------------------------------------------------------------------------------
Warning: Parallel synthesis criteria is not met 
INFO: [Synth 8-4471] merging register 'a1_reg[7:0]' into 'a1_reg[7:0]' [D:/data/logic_design_lab/labs/lab8/exp_3/exp_3.srcs/sources_1/new/controller.v:86]
INFO: [Synth 8-4471] merging register 'b1_reg[7:0]' into 'b1_reg[7:0]' [D:/data/logic_design_lab/labs/lab8/exp_3/exp_3.srcs/sources_1/new/controller.v:86]
INFO: [Synth 8-4471] merging register 'a0_reg[7:0]' into 'a0_reg[7:0]' [D:/data/logic_design_lab/labs/lab8/exp_3/exp_3.srcs/sources_1/new/controller.v:86]
INFO: [Synth 8-4471] merging register 'b0_reg[7:0]' into 'b0_reg[7:0]' [D:/data/logic_design_lab/labs/lab8/exp_3/exp_3.srcs/sources_1/new/controller.v:86]
INFO: [Synth 8-5587] ROM size for "UA_BIN/binary" is below threshold of ROM address width. It will be mapped to LUTs
DSP Report: Generating DSP prod, operation Mode is: A*B.
DSP Report: operator prod is absorbed into DSP prod.
WARNING: [Synth 8-3331] design validator has unconnected port key_valid
WARNING: [Synth 8-3331] design exp_3 has unconnected port key_valid
INFO: [Synth 8-3886] merging instance 'UCONT/b1_reg[7]' (FDE) to 'UCONT/b1_reg[6]'
INFO: [Synth 8-3886] merging instance 'UCONT/a1_reg[7]' (FDE) to 'UCONT/a1_reg[4]'
INFO: [Synth 8-3886] merging instance 'UCONT/b0_reg[4]' (FDE) to 'UCONT/b0_reg[7]'
INFO: [Synth 8-3886] merging instance 'UCONT/b0_reg[5]' (FDE) to 'UCONT/b0_reg[7]'
INFO: [Synth 8-3886] merging instance 'UCONT/b0_reg[6]' (FDE) to 'UCONT/b0_reg[7]'
INFO: [Synth 8-3886] merging instance 'UCONT/b1_reg[5]' (FDE) to 'UCONT/b1_reg[6]'
INFO: [Synth 8-3886] merging instance 'UCONT/b1_reg[6]' (FDE) to 'UCONT/b1_reg[4]'
INFO: [Synth 8-3886] merging instance 'UCONT/a0_reg[4]' (FDE) to 'UCONT/a0_reg[5]'
INFO: [Synth 8-3886] merging instance 'UCONT/a0_reg[5]' (FDE) to 'UCONT/a0_reg[6]'
INFO: [Synth 8-3886] merging instance 'UCONT/a0_reg[6]' (FDE) to 'UCONT/a0_reg[7]'
INFO: [Synth 8-3886] merging instance 'UCONT/a1_reg[5]' (FDE) to 'UCONT/a1_reg[4]'
INFO: [Synth 8-3886] merging instance 'UCONT/a1_reg[6]' (FDE) to 'UCONT/a1_reg[4]'
INFO: [Synth 8-3886] merging instance 'UCONT/res_reg[24]' (FDE) to 'UCONT/res_reg[25]'
INFO: [Synth 8-3886] merging instance 'UCONT/res_reg[25]' (FDE) to 'UCONT/res_reg[26]'
INFO: [Synth 8-3886] merging instance 'UCONT/res_reg[26]' (FDE) to 'UCONT/res_reg[27]'
INFO: [Synth 8-3886] merging instance 'UCONT/res_reg[27]' (FDE) to 'UCONT/res_reg[28]'
INFO: [Synth 8-3886] merging instance 'UCONT/res_reg[28]' (FDE) to 'UCONT/res_reg[29]'
INFO: [Synth 8-3886] merging instance 'UCONT/res_reg[29]' (FDE) to 'UCONT/res_reg[30]'
INFO: [Synth 8-3886] merging instance 'UCONT/res_reg[30]' (FDE) to 'UCONT/res_reg[31]'
INFO: [Synth 8-3886] merging instance 'UCONT/d0_reg[7]' (FDRE) to 'UCONT/d0_reg[6]'
INFO: [Synth 8-3886] merging instance 'UCONT/d0_reg[6]' (FDRE) to 'UCONT/d0_reg[5]'
INFO: [Synth 8-3333] propagating constant 0 across sequential element (UCONT/\d0_reg[5] )
INFO: [Synth 8-3886] merging instance 'UCONT/d1_reg[4]' (FDE) to 'UCONT/d1_reg[7]'
INFO: [Synth 8-3886] merging instance 'UCONT/d1_reg[7]' (FDE) to 'UCONT/d1_reg[6]'
INFO: [Synth 8-3886] merging instance 'UCONT/d1_reg[6]' (FDE) to 'UCONT/d1_reg[5]'
INFO: [Synth 8-3333] propagating constant 0 across sequential element (UCONT/\d1_reg[5] )
CRITICAL WARNING: [Synth 8-6859] multi-driven net on pin res0_reg[7] with 1st driver pin 'UCONT/res0_reg[7]/Q' [D:/data/logic_design_lab/labs/lab8/exp_3/exp_3.srcs/sources_1/new/controller.v:117]
CRITICAL WARNING: [Synth 8-6859] multi-driven net on pin res0_reg[7] with 2nd driver pin 'GND' [D:/data/logic_design_lab/labs/lab8/exp_3/exp_3.srcs/sources_1/new/controller.v:117]
CRITICAL WARNING: [Synth 8-6858] multi-driven net res0_reg[7] is connected to at least one constant driver which has been preserved, other driver is ignored [D:/data/logic_design_lab/labs/lab8/exp_3/exp_3.srcs/sources_1/new/controller.v:117]
CRITICAL WARNING: [Synth 8-6859] multi-driven net on pin res0_reg[6] with 1st driver pin 'UCONT/res0_reg[6]/Q' [D:/data/logic_design_lab/labs/lab8/exp_3/exp_3.srcs/sources_1/new/controller.v:117]
CRITICAL WARNING: [Synth 8-6859] multi-driven net on pin res0_reg[6] with 2nd driver pin 'GND' [D:/data/logic_design_lab/labs/lab8/exp_3/exp_3.srcs/sources_1/new/controller.v:117]
CRITICAL WARNING: [Synth 8-6858] multi-driven net res0_reg[6] is connected to at least one constant driver which has been preserved, other driver is ignored [D:/data/logic_design_lab/labs/lab8/exp_3/exp_3.srcs/sources_1/new/controller.v:117]
CRITICAL WARNING: [Synth 8-6859] multi-driven net on pin res0_reg[5] with 1st driver pin 'UCONT/res0_reg[5]/Q' [D:/data/logic_design_lab/labs/lab8/exp_3/exp_3.srcs/sources_1/new/controller.v:117]
CRITICAL WARNING: [Synth 8-6859] multi-driven net on pin res0_reg[5] with 2nd driver pin 'GND' [D:/data/logic_design_lab/labs/lab8/exp_3/exp_3.srcs/sources_1/new/controller.v:117]
CRITICAL WARNING: [Synth 8-6858] multi-driven net res0_reg[5] is connected to at least one constant driver which has been preserved, other driver is ignored [D:/data/logic_design_lab/labs/lab8/exp_3/exp_3.srcs/sources_1/new/controller.v:117]
CRITICAL WARNING: [Synth 8-6859] multi-driven net on pin res0_reg[4] with 1st driver pin 'UCONT/res0_reg[4]/Q' [D:/data/logic_design_lab/labs/lab8/exp_3/exp_3.srcs/sources_1/new/controller.v:117]
CRITICAL WARNING: [Synth 8-6859] multi-driven net on pin res0_reg[4] with 2nd driver pin 'GND' [D:/data/logic_design_lab/labs/lab8/exp_3/exp_3.srcs/sources_1/new/controller.v:117]
CRITICAL WARNING: [Synth 8-6858] multi-driven net res0_reg[4] is connected to at least one constant driver which has been preserved, other driver is ignored [D:/data/logic_design_lab/labs/lab8/exp_3/exp_3.srcs/sources_1/new/controller.v:117]
CRITICAL WARNING: [Synth 8-6859] multi-driven net on pin Q with 1st driver pin 'UCONT/res0_reg[3]/Q' [D:/data/logic_design_lab/labs/lab8/exp_3/exp_3.srcs/sources_1/new/controller.v:117]
CRITICAL WARNING: [Synth 8-6859] multi-driven net on pin Q with 2nd driver pin 'GND' [D:/data/logic_design_lab/labs/lab8/exp_3/exp_3.srcs/sources_1/new/controller.v:117]
CRITICAL WARNING: [Synth 8-6858] multi-driven net Q is connected to at least one constant driver which has been preserved, other driver is ignored [D:/data/logic_design_lab/labs/lab8/exp_3/exp_3.srcs/sources_1/new/controller.v:117]
CRITICAL WARNING: [Synth 8-6859] multi-driven net on pin Q with 1st driver pin 'UCONT/res0_reg[2]/Q' [D:/data/logic_design_lab/labs/lab8/exp_3/exp_3.srcs/sources_1/new/controller.v:117]
CRITICAL WARNING: [Synth 8-6859] multi-driven net on pin Q with 2nd driver pin 'GND' [D:/data/logic_design_lab/labs/lab8/exp_3/exp_3.srcs/sources_1/new/controller.v:117]
CRITICAL WARNING: [Synth 8-6858] multi-driven net Q is connected to at least one constant driver which has been preserved, other driver is ignored [D:/data/logic_design_lab/labs/lab8/exp_3/exp_3.srcs/sources_1/new/controller.v:117]
CRITICAL WARNING: [Synth 8-6859] multi-driven net on pin Q with 1st driver pin 'UCONT/res0_reg[1]/Q' [D:/data/logic_design_lab/labs/lab8/exp_3/exp_3.srcs/sources_1/new/controller.v:117]
CRITICAL WARNING: [Synth 8-6859] multi-driven net on pin Q with 2nd driver pin 'GND' [D:/data/logic_design_lab/labs/lab8/exp_3/exp_3.srcs/sources_1/new/controller.v:117]
CRITICAL WARNING: [Synth 8-6858] multi-driven net Q is connected to at least one constant driver which has been preserved, other driver is ignored [D:/data/logic_design_lab/labs/lab8/exp_3/exp_3.srcs/sources_1/new/controller.v:117]
CRITICAL WARNING: [Synth 8-6859] multi-driven net on pin Q with 1st driver pin 'UCONT/res0_reg[0]/Q' [D:/data/logic_design_lab/labs/lab8/exp_3/exp_3.srcs/sources_1/new/controller.v:117]
CRITICAL WARNING: [Synth 8-6859] multi-driven net on pin Q with 2nd driver pin 'GND' [D:/data/logic_design_lab/labs/lab8/exp_3/exp_3.srcs/sources_1/new/controller.v:117]
CRITICAL WARNING: [Synth 8-6858] multi-driven net Q is connected to at least one constant driver which has been preserved, other driver is ignored [D:/data/logic_design_lab/labs/lab8/exp_3/exp_3.srcs/sources_1/new/controller.v:117]
CRITICAL WARNING: [Synth 8-6859] multi-driven net on pin Q with 1st driver pin 'UCONT/res1_reg[7]/Q' [D:/data/logic_design_lab/labs/lab8/exp_3/exp_3.srcs/sources_1/new/controller.v:118]
CRITICAL WARNING: [Synth 8-6859] multi-driven net on pin Q with 2nd driver pin 'GND' [D:/data/logic_design_lab/labs/lab8/exp_3/exp_3.srcs/sources_1/new/controller.v:118]
CRITICAL WARNING: [Synth 8-6858] multi-driven net Q is connected to at least one constant driver which has been preserved, other driver is ignored [D:/data/logic_design_lab/labs/lab8/exp_3/exp_3.srcs/sources_1/new/controller.v:118]
CRITICAL WARNING: [Synth 8-6859] multi-driven net on pin Q with 1st driver pin 'UCONT/res1_reg[6]/Q' [D:/data/logic_design_lab/labs/lab8/exp_3/exp_3.srcs/sources_1/new/controller.v:118]
CRITICAL WARNING: [Synth 8-6859] multi-driven net on pin Q with 2nd driver pin 'GND' [D:/data/logic_design_lab/labs/lab8/exp_3/exp_3.srcs/sources_1/new/controller.v:118]
CRITICAL WARNING: [Synth 8-6858] multi-driven net Q is connected to at least one constant driver which has been preserved, other driver is ignored [D:/data/logic_design_lab/labs/lab8/exp_3/exp_3.srcs/sources_1/new/controller.v:118]
CRITICAL WARNING: [Synth 8-6859] multi-driven net on pin Q with 1st driver pin 'UCONT/res1_reg[5]/Q' [D:/data/logic_design_lab/labs/lab8/exp_3/exp_3.srcs/sources_1/new/controller.v:118]
CRITICAL WARNING: [Synth 8-6859] multi-driven net on pin Q with 2nd driver pin 'GND' [D:/data/logic_design_lab/labs/lab8/exp_3/exp_3.srcs/sources_1/new/controller.v:118]
CRITICAL WARNING: [Synth 8-6858] multi-driven net Q is connected to at least one constant driver which has been preserved, other driver is ignored [D:/data/logic_design_lab/labs/lab8/exp_3/exp_3.srcs/sources_1/new/controller.v:118]
CRITICAL WARNING: [Synth 8-6859] multi-driven net on pin Q with 1st driver pin 'UCONT/res1_reg[4]/Q' [D:/data/logic_design_lab/labs/lab8/exp_3/exp_3.srcs/sources_1/new/controller.v:118]
CRITICAL WARNING: [Synth 8-6859] multi-driven net on pin Q with 2nd driver pin 'GND' [D:/data/logic_design_lab/labs/lab8/exp_3/exp_3.srcs/sources_1/new/controller.v:118]
CRITICAL WARNING: [Synth 8-6858] multi-driven net Q is connected to at least one constant driver which has been preserved, other driver is ignored [D:/data/logic_design_lab/labs/lab8/exp_3/exp_3.srcs/sources_1/new/controller.v:118]
CRITICAL WARNING: [Synth 8-6859] multi-driven net on pin Q with 1st driver pin 'UCONT/res1_reg[3]/Q' [D:/data/logic_design_lab/labs/lab8/exp_3/exp_3.srcs/sources_1/new/controller.v:118]
CRITICAL WARNING: [Synth 8-6859] multi-driven net on pin Q with 2nd driver pin 'GND' [D:/data/logic_design_lab/labs/lab8/exp_3/exp_3.srcs/sources_1/new/controller.v:118]
CRITICAL WARNING: [Synth 8-6858] multi-driven net Q is connected to at least one constant driver which has been preserved, other driver is ignored [D:/data/logic_design_lab/labs/lab8/exp_3/exp_3.srcs/sources_1/new/controller.v:118]
CRITICAL WARNING: [Synth 8-6859] multi-driven net on pin Q with 1st driver pin 'UCONT/res1_reg[2]/Q' [D:/data/logic_design_lab/labs/lab8/exp_3/exp_3.srcs/sources_1/new/controller.v:118]
CRITICAL WARNING: [Synth 8-6859] multi-driven net on pin Q with 2nd driver pin 'GND' [D:/data/logic_design_lab/labs/lab8/exp_3/exp_3.srcs/sources_1/new/controller.v:118]
CRITICAL WARNING: [Synth 8-6858] multi-driven net Q is connected to at least one constant driver which has been preserved, other driver is ignored [D:/data/logic_design_lab/labs/lab8/exp_3/exp_3.srcs/sources_1/new/controller.v:118]
CRITICAL WARNING: [Synth 8-6859] multi-driven net on pin Q with 1st driver pin 'UCONT/res1_reg[1]/Q' [D:/data/logic_design_lab/labs/lab8/exp_3/exp_3.srcs/sources_1/new/controller.v:118]
CRITICAL WARNING: [Synth 8-6859] multi-driven net on pin Q with 2nd driver pin 'GND' [D:/data/logic_design_lab/labs/lab8/exp_3/exp_3.srcs/sources_1/new/controller.v:118]
CRITICAL WARNING: [Synth 8-6858] multi-driven net Q is connected to at least one constant driver which has been preserved, other driver is ignored [D:/data/logic_design_lab/labs/lab8/exp_3/exp_3.srcs/sources_1/new/controller.v:118]
CRITICAL WARNING: [Synth 8-6859] multi-driven net on pin Q with 1st driver pin 'UCONT/res1_reg[0]/Q' [D:/data/logic_design_lab/labs/lab8/exp_3/exp_3.srcs/sources_1/new/controller.v:118]
CRITICAL WARNING: [Synth 8-6859] multi-driven net on pin Q with 2nd driver pin 'GND' [D:/data/logic_design_lab/labs/lab8/exp_3/exp_3.srcs/sources_1/new/controller.v:118]
CRITICAL WARNING: [Synth 8-6858] multi-driven net Q is connected to at least one constant driver which has been preserved, other driver is ignored [D:/data/logic_design_lab/labs/lab8/exp_3/exp_3.srcs/sources_1/new/controller.v:118]
CRITICAL WARNING: [Synth 8-6859] multi-driven net on pin Q with 1st driver pin 'UCONT/res2_reg[7]/Q' [D:/data/logic_design_lab/labs/lab8/exp_3/exp_3.srcs/sources_1/new/controller.v:119]
CRITICAL WARNING: [Synth 8-6859] multi-driven net on pin Q with 2nd driver pin 'GND' [D:/data/logic_design_lab/labs/lab8/exp_3/exp_3.srcs/sources_1/new/controller.v:119]
CRITICAL WARNING: [Synth 8-6858] multi-driven net Q is connected to at least one constant driver which has been preserved, other driver is ignored [D:/data/logic_design_lab/labs/lab8/exp_3/exp_3.srcs/sources_1/new/controller.v:119]
CRITICAL WARNING: [Synth 8-6859] multi-driven net on pin Q with 1st driver pin 'UCONT/res2_reg[6]/Q' [D:/data/logic_design_lab/labs/lab8/exp_3/exp_3.srcs/sources_1/new/controller.v:119]
CRITICAL WARNING: [Synth 8-6859] multi-driven net on pin Q with 2nd driver pin 'GND' [D:/data/logic_design_lab/labs/lab8/exp_3/exp_3.srcs/sources_1/new/controller.v:119]
CRITICAL WARNING: [Synth 8-6858] multi-driven net Q is connected to at least one constant driver which has been preserved, other driver is ignored [D:/data/logic_design_lab/labs/lab8/exp_3/exp_3.srcs/sources_1/new/controller.v:119]
CRITICAL WARNING: [Synth 8-6859] multi-driven net on pin Q with 1st driver pin 'UCONT/res2_reg[5]/Q' [D:/data/logic_design_lab/labs/lab8/exp_3/exp_3.srcs/sources_1/new/controller.v:119]
CRITICAL WARNING: [Synth 8-6859] multi-driven net on pin Q with 2nd driver pin 'GND' [D:/data/logic_design_lab/labs/lab8/exp_3/exp_3.srcs/sources_1/new/controller.v:119]
CRITICAL WARNING: [Synth 8-6858] multi-driven net Q is connected to at least one constant driver which has been preserved, other driver is ignored [D:/data/logic_design_lab/labs/lab8/exp_3/exp_3.srcs/sources_1/new/controller.v:119]
CRITICAL WARNING: [Synth 8-6859] multi-driven net on pin Q with 1st driver pin 'UCONT/res2_reg[4]/Q' [D:/data/logic_design_lab/labs/lab8/exp_3/exp_3.srcs/sources_1/new/controller.v:119]
CRITICAL WARNING: [Synth 8-6859] multi-driven net on pin Q with 2nd driver pin 'GND' [D:/data/logic_design_lab/labs/lab8/exp_3/exp_3.srcs/sources_1/new/controller.v:119]
CRITICAL WARNING: [Synth 8-6858] multi-driven net Q is connected to at least one constant driver which has been preserved, other driver is ignored [D:/data/logic_design_lab/labs/lab8/exp_3/exp_3.srcs/sources_1/new/controller.v:119]
CRITICAL WARNING: [Synth 8-6859] multi-driven net on pin Q with 1st driver pin 'UCONT/res2_reg[3]/Q' [D:/data/logic_design_lab/labs/lab8/exp_3/exp_3.srcs/sources_1/new/controller.v:119]
CRITICAL WARNING: [Synth 8-6859] multi-driven net on pin Q with 2nd driver pin 'GND' [D:/data/logic_design_lab/labs/lab8/exp_3/exp_3.srcs/sources_1/new/controller.v:119]
CRITICAL WARNING: [Synth 8-6858] multi-driven net Q is connected to at least one constant driver which has been preserved, other driver is ignored [D:/data/logic_design_lab/labs/lab8/exp_3/exp_3.srcs/sources_1/new/controller.v:119]
CRITICAL WARNING: [Synth 8-6859] multi-driven net on pin Q with 1st driver pin 'UCONT/res2_reg[2]/Q' [D:/data/logic_design_lab/labs/lab8/exp_3/exp_3.srcs/sources_1/new/controller.v:119]
CRITICAL WARNING: [Synth 8-6859] multi-driven net on pin Q with 2nd driver pin 'GND' [D:/data/logic_design_lab/labs/lab8/exp_3/exp_3.srcs/sources_1/new/controller.v:119]
CRITICAL WARNING: [Synth 8-6858] multi-driven net Q is connected to at least one constant driver which has been preserved, other driver is ignored [D:/data/logic_design_lab/labs/lab8/exp_3/exp_3.srcs/sources_1/new/controller.v:119]
CRITICAL WARNING: [Synth 8-6859] multi-driven net on pin Q with 1st driver pin 'UCONT/res2_reg[1]/Q' [D:/data/logic_design_lab/labs/lab8/exp_3/exp_3.srcs/sources_1/new/controller.v:119]
CRITICAL WARNING: [Synth 8-6859] multi-driven net on pin Q with 2nd driver pin 'GND' [D:/data/logic_design_lab/labs/lab8/exp_3/exp_3.srcs/sources_1/new/controller.v:119]
CRITICAL WARNING: [Synth 8-6858] multi-driven net Q is connected to at least one constant driver which has been preserved, other driver is ignored [D:/data/logic_design_lab/labs/lab8/exp_3/exp_3.srcs/sources_1/new/controller.v:119]
CRITICAL WARNING: [Synth 8-6859] multi-driven net on pin Q with 1st driver pin 'UCONT/res2_reg[0]/Q' [D:/data/logic_design_lab/labs/lab8/exp_3/exp_3.srcs/sources_1/new/controller.v:119]
CRITICAL WARNING: [Synth 8-6859] multi-driven net on pin Q with 2nd driver pin 'GND' [D:/data/logic_design_lab/labs/lab8/exp_3/exp_3.srcs/sources_1/new/controller.v:119]
CRITICAL WARNING: [Synth 8-6858] multi-driven net Q is connected to at least one constant driver which has been preserved, other driver is ignored [D:/data/logic_design_lab/labs/lab8/exp_3/exp_3.srcs/sources_1/new/controller.v:119]
---------------------------------------------------------------------------------
Finished Cross Boundary and Area Optimization : Time (s): cpu = 00:01:18 ; elapsed = 00:01:23 . Memory (MB): peak = 1152.965 ; gain = 429.555
---------------------------------------------------------------------------------
---------------------------------------------------------------------------------
Start ROM, RAM, DSP and Shift Register Reporting
---------------------------------------------------------------------------------

ROM:
+------------+-------------+---------------+----------------+
|Module Name | RTL Object  | Depth x Width | Implemented As | 
+------------+-------------+---------------+----------------+
|exp_3       | USEG_SUM0/D | 32x8          | LUT            | 
|exp_3       | USEG_SUM1/D | 32x8          | LUT            | 
|exp_3       | USEG_B/D    | 32x8          | LUT            | 
|exp_3       | USEG_A/D    | 32x8          | LUT            | 
+------------+-------------+---------------+----------------+


DSP: Preliminary Mapping	Report (see note below)
+------------+-------------+--------+--------+--------+--------+--------+------+------+------+------+-------+------+------+
|Module Name | DSP Mapping | A Size | B Size | C Size | D Size | P Size | AREG | BREG | CREG | DREG | ADREG | MREG | PREG | 
+------------+-------------+--------+--------+--------+--------+--------+------+------+------+------+-------+------+------+
|controller  | A*B         | 12     | 12     | -      | -      | 24     | 0    | 0    | -    | -    | -     | 0    | 0    | 
+------------+-------------+--------+--------+--------+--------+--------+------+------+------+------+-------+------+------+

Note: The table above is a preliminary report that shows the DSPs inferred at the current stage of the synthesis flow. Some DSP may be reimplemented as non DSP primitives later in the synthesis flow. Multiple instantiated DSPs are reported only once.
---------------------------------------------------------------------------------
Finished ROM, RAM, DSP and Shift Register Reporting
---------------------------------------------------------------------------------

Report RTL Partitions: 
+-+--------------+------------+----------+
| |RTL Partition |Replication |Instances |
+-+--------------+------------+----------+
+-+--------------+------------+----------+
---------------------------------------------------------------------------------
Start Applying XDC Timing Constraints
---------------------------------------------------------------------------------
---------------------------------------------------------------------------------
Finished Applying XDC Timing Constraints : Time (s): cpu = 00:01:34 ; elapsed = 00:01:40 . Memory (MB): peak = 1169.664 ; gain = 446.254
---------------------------------------------------------------------------------
---------------------------------------------------------------------------------
Start Timing Optimization
---------------------------------------------------------------------------------
---------------------------------------------------------------------------------
Finished Timing Optimization : Time (s): cpu = 00:01:35 ; elapsed = 00:01:41 . Memory (MB): peak = 1173.664 ; gain = 450.254
---------------------------------------------------------------------------------

Report RTL Partitions: 
+-+--------------+------------+----------+
| |RTL Partition |Replication |Instances |
+-+--------------+------------+----------+
+-+--------------+------------+----------+
---------------------------------------------------------------------------------
Start Technology Mapping
---------------------------------------------------------------------------------
INFO: [Synth 8-3333] propagating constant 0 across sequential element (\UCONT/a0_reg[7] )
INFO: [Synth 8-3333] propagating constant 0 across sequential element (\UCONT/b1_reg[4] )
---------------------------------------------------------------------------------
Finished Technology Mapping : Time (s): cpu = 00:01:37 ; elapsed = 00:01:44 . Memory (MB): peak = 1242.945 ; gain = 519.535
---------------------------------------------------------------------------------

Report RTL Partitions: 
+-+--------------+------------+----------+
| |RTL Partition |Replication |Instances |
+-+--------------+------------+----------+
+-+--------------+------------+----------+
---------------------------------------------------------------------------------
Start IO Insertion
---------------------------------------------------------------------------------
---------------------------------------------------------------------------------
Start Flattening Before IO Insertion
---------------------------------------------------------------------------------
---------------------------------------------------------------------------------
Finished Flattening Before IO Insertion
---------------------------------------------------------------------------------
---------------------------------------------------------------------------------
Start Final Netlist Cleanup
---------------------------------------------------------------------------------
---------------------------------------------------------------------------------
Finished Final Netlist Cleanup
---------------------------------------------------------------------------------
---------------------------------------------------------------------------------
Finished IO Insertion : Time (s): cpu = 00:01:44 ; elapsed = 00:01:51 . Memory (MB): peak = 1247.512 ; gain = 524.102
---------------------------------------------------------------------------------
---------------------------------------------------------------------------------
Start Renaming Generated Instances
---------------------------------------------------------------------------------
---------------------------------------------------------------------------------
Finished Renaming Generated Instances : Time (s): cpu = 00:01:44 ; elapsed = 00:01:51 . Memory (MB): peak = 1247.512 ; gain = 524.102
---------------------------------------------------------------------------------

Report RTL Partitions: 
+-+--------------+------------+----------+
| |RTL Partition |Replication |Instances |
+-+--------------+------------+----------+
+-+--------------+------------+----------+

Report Check Netlist: 
+------+------------------+-------+---------+-------+------------------+
|      |Item              |Errors |Warnings |Status |Description       |
+------+------------------+-------+---------+-------+------------------+
|1     |multi_driven_nets |      0|        0|Passed |Multi driven nets |
+------+------------------+-------+---------+-------+------------------+
---------------------------------------------------------------------------------
Start Rebuilding User Hierarchy
---------------------------------------------------------------------------------
---------------------------------------------------------------------------------
Finished Rebuilding User Hierarchy : Time (s): cpu = 00:01:44 ; elapsed = 00:01:51 . Memory (MB): peak = 1247.512 ; gain = 524.102
---------------------------------------------------------------------------------
---------------------------------------------------------------------------------
Start Renaming Generated Ports
---------------------------------------------------------------------------------
---------------------------------------------------------------------------------
Finished Renaming Generated Ports : Time (s): cpu = 00:01:44 ; elapsed = 00:01:51 . Memory (MB): peak = 1247.512 ; gain = 524.102
---------------------------------------------------------------------------------
---------------------------------------------------------------------------------
Start Handling Custom Attributes
---------------------------------------------------------------------------------
---------------------------------------------------------------------------------
Finished Handling Custom Attributes : Time (s): cpu = 00:01:45 ; elapsed = 00:01:52 . Memory (MB): peak = 1247.512 ; gain = 524.102
---------------------------------------------------------------------------------
---------------------------------------------------------------------------------
Start Renaming Generated Nets
---------------------------------------------------------------------------------
---------------------------------------------------------------------------------
Finished Renaming Generated Nets : Time (s): cpu = 00:01:45 ; elapsed = 00:01:52 . Memory (MB): peak = 1247.512 ; gain = 524.102
---------------------------------------------------------------------------------
---------------------------------------------------------------------------------
Start Writing Synthesis Report
---------------------------------------------------------------------------------

Report BlackBoxes: 
+------+---------------+----------+
|      |BlackBox name  |Instances |
+------+---------------+----------+
|1     |KeyboardCtrl_0 |         1|
+------+---------------+----------+

Report Cell Usage: 
+------+---------------+------+
|      |Cell           |Count |
+------+---------------+------+
|1     |KeyboardCtrl_0 |     1|
|2     |BUFG           |     1|
|3     |CARRY4         |   221|
|4     |DSP48E1        |     1|
|5     |LUT1           |    18|
|6     |LUT2           |   144|
|7     |LUT3           |   346|
|8     |LUT4           |   702|
|9     |LUT5           |   156|
|10    |LUT6           |   762|
|11    |FDCE           |   529|
|12    |FDPE           |    10|
|13    |FDRE           |  1130|
|14    |FDSE           |    10|
|15    |LDC            |    16|
|16    |IBUF           |     2|
|17    |OBUF           |    21|
|18    |OBUFT          |     1|
+------+---------------+------+

Report Instance Areas: 
+------+----------+---------------------------+------+
|      |Instance  |Module                     |Cells |
+------+----------+---------------------------+------+
|1     |top       |                           |  4082|
|2     |  UCONT   |controller                 |   669|
|3     |    UN_CK |num_checker                |    39|
|4     |  UDisp   |display_7seg               |    71|
|5     |    U0    |segment7_frequency_divider |    44|
|6     |  UKB     |keyboard                   |  3261|
|7     |    UKD   |KeyboardDecoder            |  1118|
|8     |      op  |OnePulse_0                 |     2|
|9     |    UVAL  |validator                  |  2140|
|10    |      op  |OnePulse                   |   148|
+------+----------+---------------------------+------+
---------------------------------------------------------------------------------
Finished Writing Synthesis Report : Time (s): cpu = 00:01:45 ; elapsed = 00:01:52 . Memory (MB): peak = 1247.512 ; gain = 524.102
---------------------------------------------------------------------------------
Synthesis finished with 0 errors, 72 critical warnings and 4 warnings.
Synthesis Optimization Runtime : Time (s): cpu = 00:01:36 ; elapsed = 00:01:49 . Memory (MB): peak = 1247.512 ; gain = 402.453
Synthesis Optimization Complete : Time (s): cpu = 00:01:46 ; elapsed = 00:01:52 . Memory (MB): peak = 1247.512 ; gain = 524.102
INFO: [Project 1-571] Translating synthesized netlist
Netlist sorting complete. Time (s): cpu = 00:00:00 ; elapsed = 00:00:00.173 . Memory (MB): peak = 1259.555 ; gain = 0.000
INFO: [Netlist 29-17] Analyzing 238 Unisim elements for replacement
INFO: [Netlist 29-28] Unisim Transformation completed in 0 CPU seconds
INFO: [Project 1-570] Preparing netlist for logic optimization
INFO: [Opt 31-138] Pushed 0 inverter(s) to 0 load pin(s).
Netlist sorting complete. Time (s): cpu = 00:00:00 ; elapsed = 00:00:00.003 . Memory (MB): peak = 1259.555 ; gain = 0.000
INFO: [Project 1-111] Unisim Transformation Summary:
  A total of 16 instances were transformed.
  LDC => LDCE: 16 instances

INFO: [Common 17-83] Releasing license: Synthesis
80 Infos, 13 Warnings, 72 Critical Warnings and 0 Errors encountered.
synth_design completed successfully
synth_design: Time (s): cpu = 00:01:53 ; elapsed = 00:02:01 . Memory (MB): peak = 1259.555 ; gain = 804.691
Netlist sorting complete. Time (s): cpu = 00:00:00 ; elapsed = 00:00:00.001 . Memory (MB): peak = 1259.555 ; gain = 0.000
WARNING: [Constraints 18-5210] No constraints selected for write.
Resolution: This message can indicate that there are no constraints for the design, or it can indicate that the used_in flags are set such that the constraints are ignored. This later case is used when running synth_design to not write synthesis constraints to the resulting checkpoint. Instead, project constraints are read when the synthesized design is opened.
INFO: [Common 17-1381] The checkpoint 'D:/data/logic_design_lab/labs/lab8/exp_3/exp_3.runs/synth_1/exp_3.dcp' has been generated.
INFO: [runtcl-4] Executing : report_utilization -file exp_3_utilization_synth.rpt -pb exp_3_utilization_synth.pb
INFO: [Common 17-206] Exiting Vivado at Tue May  3 00:01:54 2022...
