Copyright 1986-2019 Xilinx, Inc. All Rights Reserved.
------------------------------------------------------------------------------------
| Tool Version : Vivado v.2019.2 (win64) Build 2708876 Wed Nov  6 21:40:23 MST 2019
| Date         : Sun Apr  3 23:55:45 2022
| Host         : DESKTOP-0M9JO91 running 64-bit major release  (build 9200)
| Command      : report_control_sets -verbose -file exp_1_1_control_sets_placed.rpt
| Design       : exp_1_1
| Device       : xc7a35t
------------------------------------------------------------------------------------

Control Set Information

Table of Contents
-----------------
1. Summary
2. Histogram
3. Flip-Flop Distribution
4. Detailed Control Set Information

1. Summary
----------

+----------------------------------------------------------+-------+
|                          Status                          | Count |
+----------------------------------------------------------+-------+
| Total control sets                                       |     8 |
|    Minimum number of control sets                        |     8 |
|    Addition due to synthesis replication                 |     0 |
|    Addition due to physical synthesis replication        |     0 |
| Unused register locations in slices containing registers |    34 |
+----------------------------------------------------------+-------+
* Control sets can be merged at opt_design using control_set_merge or merge_equivalent_drivers
** Run report_qor_suggestions for automated merging and remapping suggestions


2. Histogram
------------

+--------------------+-------+
|       Fanout       | Count |
+--------------------+-------+
| Total control sets |     8 |
| >= 0 to < 4        |     1 |
| >= 4 to < 6        |     6 |
| >= 6 to < 8        |     0 |
| >= 8 to < 10       |     0 |
| >= 10 to < 12      |     0 |
| >= 12 to < 14      |     0 |
| >= 14 to < 16      |     0 |
| >= 16              |     1 |
+--------------------+-------+
* Control sets can be remapped at either synth_design or opt_design


3. Flip-Flop Distribution
-------------------------

+--------------+-----------------------+------------------------+-----------------+--------------+
| Clock Enable | Synchronous Set/Reset | Asynchronous Set/Reset | Total Registers | Total Slices |
+--------------+-----------------------+------------------------+-----------------+--------------+
| No           | No                    | No                     |               0 |            0 |
| No           | No                    | Yes                    |              50 |           13 |
| No           | Yes                   | No                     |               0 |            0 |
| Yes          | No                    | No                     |               0 |            0 |
| Yes          | No                    | Yes                    |              20 |            7 |
| Yes          | Yes                   | No                     |               0 |            0 |
+--------------+-----------------------+------------------------+-----------------+--------------+


4. Detailed Control Set Information
-----------------------------------

+-----------------------+-------------------------+------------------+------------------+----------------+
|      Clock Signal     |      Enable Signal      | Set/Reset Signal | Slice Load Count | Bel Load Count |
+-----------------------+-------------------------+------------------+------------------+----------------+
|  Uclkgen/clk_2k_reg_0 |                         | Uclkgen/rst_n    |                1 |              2 |
|  Uclkgen/CLK          |                         | Uclkgen/rst_n    |                1 |              4 |
|  Uclkgen/CLK          | Utd/Umin0/E[0]          | Uclkgen/rst_n    |                1 |              4 |
|  Uclkgen/CLK          | Utd/Usec0/E[0]          | Uclkgen/rst_n    |                2 |              4 |
|  Uclkgen/CLK          | Utd/Umin1/E[0]          | Uclkgen/rst_n    |                1 |              4 |
|  Uclkgen/CLK          | Utd/Usec0/q_reg[3]_0[0] | Uclkgen/rst_n    |                1 |              4 |
|  Uclkgen/CLK          | Utd/Usec1/q_reg[0]_0[0] | Uclkgen/rst_n    |                2 |              4 |
|  clk_IBUF_BUFG        |                         | Uclkgen/rst_n    |               11 |             44 |
+-----------------------+-------------------------+------------------+------------------+----------------+


