Copyright 1986-2019 Xilinx, Inc. All Rights Reserved.
------------------------------------------------------------------------------------
| Tool Version : Vivado v.2019.2 (win64) Build 2708876 Wed Nov  6 21:40:23 MST 2019
| Date         : Tue May  3 15:21:46 2022
| Host         : DESKTOP-0M9JO91 running 64-bit major release  (build 9200)
| Command      : report_control_sets -verbose -file lab904_control_sets_placed.rpt
| Design       : lab904
| Device       : xc7a35t
------------------------------------------------------------------------------------

Control Set Information

Table of Contents
-----------------
1. Summary
2. Histogram
3. Flip-Flop Distribution
4. Detailed Control Set Information

1. Summary
----------

+----------------------------------------------------------+-------+
|                          Status                          | Count |
+----------------------------------------------------------+-------+
| Total control sets                                       |    11 |
|    Minimum number of control sets                        |    11 |
|    Addition due to synthesis replication                 |     0 |
|    Addition due to physical synthesis replication        |     0 |
| Unused register locations in slices containing registers |    42 |
+----------------------------------------------------------+-------+
* Control sets can be merged at opt_design using control_set_merge or merge_equivalent_drivers
** Run report_qor_suggestions for automated merging and remapping suggestions


2. Histogram
------------

+--------------------+-------+
|       Fanout       | Count |
+--------------------+-------+
| Total control sets |    11 |
| >= 0 to < 4        |     2 |
| >= 4 to < 6        |     3 |
| >= 6 to < 8        |     0 |
| >= 8 to < 10       |     2 |
| >= 10 to < 12      |     1 |
| >= 12 to < 14      |     0 |
| >= 14 to < 16      |     0 |
| >= 16              |     3 |
+--------------------+-------+
* Control sets can be remapped at either synth_design or opt_design


3. Flip-Flop Distribution
-------------------------

+--------------+-----------------------+------------------------+-----------------+--------------+
| Clock Enable | Synchronous Set/Reset | Asynchronous Set/Reset | Total Registers | Total Slices |
+--------------+-----------------------+------------------------+-----------------+--------------+
| No           | No                    | No                     |               4 |            3 |
| No           | No                    | Yes                    |              67 |           26 |
| No           | Yes                   | No                     |               0 |            0 |
| Yes          | No                    | No                     |               0 |            0 |
| Yes          | No                    | Yes                    |             562 |          156 |
| Yes          | Yes                   | No                     |               5 |            2 |
+--------------+-----------------------+------------------------+-----------------+--------------+


4. Detailed Control Set Information
-----------------------------------

+----------------+------------------------------------------+--------------------+------------------+----------------+
|  Clock Signal  |               Enable Signal              |  Set/Reset Signal  | Slice Load Count | Bel Load Count |
+----------------+------------------------------------------+--------------------+------------------+----------------+
|  clk_IBUF_BUFG | U0/inst/Ps2Interface_i/ps2_clk_s1        | rst_IBUF           |                1 |              1 |
|  clk_IBUF_BUFG | U0/inst/Ps2Interface_i/ps2_data_s1       | rst_IBUF           |                1 |              1 |
|  clk_IBUF_BUFG |                                          |                    |                3 |              4 |
|  clk_IBUF_BUFG | U0/inst/Ps2Interface_i/bits_count        | rst_IBUF           |                2 |              4 |
|  clk_IBUF_BUFG | U0/key_reg[9]_0                          | U3/char[4]_i_1_n_0 |                2 |              5 |
|  clk_IBUF_BUFG | U0/inst/Ps2Interface_i/rx_finish         | rst_IBUF           |                3 |              8 |
|  clk_IBUF_BUFG | U0/inst/Ps2Interface_i/rx_valid          | rst_IBUF           |                2 |              8 |
|  clk_IBUF_BUFG | U0/inst/Ps2Interface_i/frame[10]_i_1_n_0 | rst_IBUF           |                3 |             11 |
|  clk_IBUF_BUFG | U0/inst/key                              | rst_IBUF           |                4 |             17 |
|  clk_IBUF_BUFG |                                          | rst_IBUF           |               26 |             67 |
|  clk_IBUF_BUFG | U0/key_valid0                            | rst_IBUF           |              140 |            512 |
+----------------+------------------------------------------+--------------------+------------------+----------------+


