
*** Running vivado
    with args -log lab904.vds -m64 -product Vivado -mode batch -messageDb vivado.pb -notrace -source lab904.tcl


****** Vivado v2019.2 (64-bit)
  **** SW Build 2708876 on Wed Nov  6 21:40:23 MST 2019
  **** IP Build 2700528 on Thu Nov  7 00:09:20 MST 2019
    ** Copyright 1986-2019 Xilinx, Inc. All Rights Reserved.

source lab904.tcl -notrace
Command: synth_design -top lab904 -part xc7a35tcpg236-1
Starting synth_design
Attempting to get a license for feature 'Synthesis' and/or device 'xc7a35t'
INFO: [Common 17-349] Got license for feature 'Synthesis' and/or device 'xc7a35t'
INFO: [Device 21-403] Loading part xc7a35tcpg236-1
INFO: Launching helper process for spawning children vivado processes
INFO: Helper process launched with PID 14696 
WARNING: [Synth 8-2507] parameter declaration becomes local in KeyboardCtrl with formal parameter declaration list [D:/data/logic_design_lab/past_ref/logic_design_lab_ma/logic_design_lab/Lab09/lab90401/lab90401.srcs/sources_1/imports/keyboard_sample_code/KeyboardCtrl.v:18]
WARNING: [Synth 8-2507] parameter declaration becomes local in KeyboardCtrl with formal parameter declaration list [D:/data/logic_design_lab/past_ref/logic_design_lab_ma/logic_design_lab/Lab09/lab90401/lab90401.srcs/sources_1/imports/keyboard_sample_code/KeyboardCtrl.v:19]
WARNING: [Synth 8-2507] parameter declaration becomes local in KeyboardCtrl with formal parameter declaration list [D:/data/logic_design_lab/past_ref/logic_design_lab_ma/logic_design_lab/Lab09/lab90401/lab90401.srcs/sources_1/imports/keyboard_sample_code/KeyboardCtrl.v:20]
WARNING: [Synth 8-2507] parameter declaration becomes local in KeyboardCtrl with formal parameter declaration list [D:/data/logic_design_lab/past_ref/logic_design_lab_ma/logic_design_lab/Lab09/lab90401/lab90401.srcs/sources_1/imports/keyboard_sample_code/KeyboardCtrl.v:21]
WARNING: [Synth 8-2507] parameter declaration becomes local in KeyboardCtrl with formal parameter declaration list [D:/data/logic_design_lab/past_ref/logic_design_lab_ma/logic_design_lab/Lab09/lab90401/lab90401.srcs/sources_1/imports/keyboard_sample_code/KeyboardCtrl.v:22]
WARNING: [Synth 8-2507] parameter declaration becomes local in KeyboardCtrl with formal parameter declaration list [D:/data/logic_design_lab/past_ref/logic_design_lab_ma/logic_design_lab/Lab09/lab90401/lab90401.srcs/sources_1/imports/keyboard_sample_code/KeyboardCtrl.v:23]
WARNING: [Synth 8-2507] parameter declaration becomes local in KeyboardCtrl with formal parameter declaration list [D:/data/logic_design_lab/past_ref/logic_design_lab_ma/logic_design_lab/Lab09/lab90401/lab90401.srcs/sources_1/imports/keyboard_sample_code/KeyboardCtrl.v:24]
WARNING: [Synth 8-2507] parameter declaration becomes local in KeyboardCtrl with formal parameter declaration list [D:/data/logic_design_lab/past_ref/logic_design_lab_ma/logic_design_lab/Lab09/lab90401/lab90401.srcs/sources_1/imports/keyboard_sample_code/KeyboardCtrl.v:26]
WARNING: [Synth 8-2507] parameter declaration becomes local in KeyboardCtrl with formal parameter declaration list [D:/data/logic_design_lab/past_ref/logic_design_lab_ma/logic_design_lab/Lab09/lab90401/lab90401.srcs/sources_1/imports/keyboard_sample_code/KeyboardCtrl.v:27]
WARNING: [Synth 8-2507] parameter declaration becomes local in KeyboardCtrl with formal parameter declaration list [D:/data/logic_design_lab/past_ref/logic_design_lab_ma/logic_design_lab/Lab09/lab90401/lab90401.srcs/sources_1/imports/keyboard_sample_code/KeyboardCtrl.v:28]
WARNING: [Synth 8-2507] parameter declaration becomes local in KeyboardCtrl with formal parameter declaration list [D:/data/logic_design_lab/past_ref/logic_design_lab_ma/logic_design_lab/Lab09/lab90401/lab90401.srcs/sources_1/imports/keyboard_sample_code/KeyboardCtrl.v:29]
WARNING: [Synth 8-2507] parameter declaration becomes local in KeyboardCtrl with formal parameter declaration list [D:/data/logic_design_lab/past_ref/logic_design_lab_ma/logic_design_lab/Lab09/lab90401/lab90401.srcs/sources_1/imports/keyboard_sample_code/KeyboardCtrl.v:31]
WARNING: [Synth 8-2507] parameter declaration becomes local in KeyboardCtrl with formal parameter declaration list [D:/data/logic_design_lab/past_ref/logic_design_lab_ma/logic_design_lab/Lab09/lab90401/lab90401.srcs/sources_1/imports/keyboard_sample_code/KeyboardCtrl.v:32]
WARNING: [Synth 8-2507] parameter declaration becomes local in KeyboardCtrl with formal parameter declaration list [D:/data/logic_design_lab/past_ref/logic_design_lab_ma/logic_design_lab/Lab09/lab90401/lab90401.srcs/sources_1/imports/keyboard_sample_code/KeyboardCtrl.v:33]
WARNING: [Synth 8-2507] parameter declaration becomes local in KeyboardCtrl with formal parameter declaration list [D:/data/logic_design_lab/past_ref/logic_design_lab_ma/logic_design_lab/Lab09/lab90401/lab90401.srcs/sources_1/imports/keyboard_sample_code/KeyboardCtrl.v:34]
WARNING: [Synth 8-2507] parameter declaration becomes local in KeyboardCtrl with formal parameter declaration list [D:/data/logic_design_lab/past_ref/logic_design_lab_ma/logic_design_lab/Lab09/lab90401/lab90401.srcs/sources_1/imports/keyboard_sample_code/KeyboardCtrl.v:35]
WARNING: [Synth 8-2507] parameter declaration becomes local in Ps2Interface with formal parameter declaration list [D:/data/logic_design_lab/past_ref/logic_design_lab_ma/logic_design_lab/Lab09/lab90401/lab90401.srcs/sources_1/imports/keyboard_sample_code/Ps2Interface.v:191]
WARNING: [Synth 8-2507] parameter declaration becomes local in Ps2Interface with formal parameter declaration list [D:/data/logic_design_lab/past_ref/logic_design_lab_ma/logic_design_lab/Lab09/lab90401/lab90401.srcs/sources_1/imports/keyboard_sample_code/Ps2Interface.v:192]
WARNING: [Synth 8-2507] parameter declaration becomes local in Ps2Interface with formal parameter declaration list [D:/data/logic_design_lab/past_ref/logic_design_lab_ma/logic_design_lab/Lab09/lab90401/lab90401.srcs/sources_1/imports/keyboard_sample_code/Ps2Interface.v:193]
WARNING: [Synth 8-2507] parameter declaration becomes local in Ps2Interface with formal parameter declaration list [D:/data/logic_design_lab/past_ref/logic_design_lab_ma/logic_design_lab/Lab09/lab90401/lab90401.srcs/sources_1/imports/keyboard_sample_code/Ps2Interface.v:194]
WARNING: [Synth 8-2507] parameter declaration becomes local in Ps2Interface with formal parameter declaration list [D:/data/logic_design_lab/past_ref/logic_design_lab_ma/logic_design_lab/Lab09/lab90401/lab90401.srcs/sources_1/imports/keyboard_sample_code/Ps2Interface.v:229]
WARNING: [Synth 8-2507] parameter declaration becomes local in Ps2Interface with formal parameter declaration list [D:/data/logic_design_lab/past_ref/logic_design_lab_ma/logic_design_lab/Lab09/lab90401/lab90401.srcs/sources_1/imports/keyboard_sample_code/Ps2Interface.v:231]
WARNING: [Synth 8-2507] parameter declaration becomes local in Ps2Interface with formal parameter declaration list [D:/data/logic_design_lab/past_ref/logic_design_lab_ma/logic_design_lab/Lab09/lab90401/lab90401.srcs/sources_1/imports/keyboard_sample_code/Ps2Interface.v:232]
WARNING: [Synth 8-2507] parameter declaration becomes local in Ps2Interface with formal parameter declaration list [D:/data/logic_design_lab/past_ref/logic_design_lab_ma/logic_design_lab/Lab09/lab90401/lab90401.srcs/sources_1/imports/keyboard_sample_code/Ps2Interface.v:233]
WARNING: [Synth 8-2507] parameter declaration becomes local in Ps2Interface with formal parameter declaration list [D:/data/logic_design_lab/past_ref/logic_design_lab_ma/logic_design_lab/Lab09/lab90401/lab90401.srcs/sources_1/imports/keyboard_sample_code/Ps2Interface.v:234]
WARNING: [Synth 8-2507] parameter declaration becomes local in Ps2Interface with formal parameter declaration list [D:/data/logic_design_lab/past_ref/logic_design_lab_ma/logic_design_lab/Lab09/lab90401/lab90401.srcs/sources_1/imports/keyboard_sample_code/Ps2Interface.v:235]
WARNING: [Synth 8-2507] parameter declaration becomes local in Ps2Interface with formal parameter declaration list [D:/data/logic_design_lab/past_ref/logic_design_lab_ma/logic_design_lab/Lab09/lab90401/lab90401.srcs/sources_1/imports/keyboard_sample_code/Ps2Interface.v:236]
WARNING: [Synth 8-2507] parameter declaration becomes local in Ps2Interface with formal parameter declaration list [D:/data/logic_design_lab/past_ref/logic_design_lab_ma/logic_design_lab/Lab09/lab90401/lab90401.srcs/sources_1/imports/keyboard_sample_code/Ps2Interface.v:237]
WARNING: [Synth 8-2507] parameter declaration becomes local in Ps2Interface with formal parameter declaration list [D:/data/logic_design_lab/past_ref/logic_design_lab_ma/logic_design_lab/Lab09/lab90401/lab90401.srcs/sources_1/imports/keyboard_sample_code/Ps2Interface.v:238]
WARNING: [Synth 8-2507] parameter declaration becomes local in Ps2Interface with formal parameter declaration list [D:/data/logic_design_lab/past_ref/logic_design_lab_ma/logic_design_lab/Lab09/lab90401/lab90401.srcs/sources_1/imports/keyboard_sample_code/Ps2Interface.v:239]
WARNING: [Synth 8-2507] parameter declaration becomes local in Ps2Interface with formal parameter declaration list [D:/data/logic_design_lab/past_ref/logic_design_lab_ma/logic_design_lab/Lab09/lab90401/lab90401.srcs/sources_1/imports/keyboard_sample_code/Ps2Interface.v:240]
WARNING: [Synth 8-2507] parameter declaration becomes local in Ps2Interface with formal parameter declaration list [D:/data/logic_design_lab/past_ref/logic_design_lab_ma/logic_design_lab/Lab09/lab90401/lab90401.srcs/sources_1/imports/keyboard_sample_code/Ps2Interface.v:241]
WARNING: [Synth 8-2507] parameter declaration becomes local in Ps2Interface with formal parameter declaration list [D:/data/logic_design_lab/past_ref/logic_design_lab_ma/logic_design_lab/Lab09/lab90401/lab90401.srcs/sources_1/imports/keyboard_sample_code/Ps2Interface.v:242]
WARNING: [Synth 8-2507] parameter declaration becomes local in Ps2Interface with formal parameter declaration list [D:/data/logic_design_lab/past_ref/logic_design_lab_ma/logic_design_lab/Lab09/lab90401/lab90401.srcs/sources_1/imports/keyboard_sample_code/Ps2Interface.v:243]
WARNING: [Synth 8-2507] parameter declaration becomes local in Ps2Interface with formal parameter declaration list [D:/data/logic_design_lab/past_ref/logic_design_lab_ma/logic_design_lab/Lab09/lab90401/lab90401.srcs/sources_1/imports/keyboard_sample_code/Ps2Interface.v:244]
WARNING: [Synth 8-2507] parameter declaration becomes local in Ps2Interface with formal parameter declaration list [D:/data/logic_design_lab/past_ref/logic_design_lab_ma/logic_design_lab/Lab09/lab90401/lab90401.srcs/sources_1/imports/keyboard_sample_code/Ps2Interface.v:245]
---------------------------------------------------------------------------------
Starting RTL Elaboration : Time (s): cpu = 00:00:06 ; elapsed = 00:00:06 . Memory (MB): peak = 954.063 ; gain = 239.813
---------------------------------------------------------------------------------
INFO: [Synth 8-6157] synthesizing module 'lab904' [D:/data/logic_design_lab/past_ref/logic_design_lab_ma/logic_design_lab/Lab09/lab90401/lab90401.srcs/sources_1/new/lab904.v:23]
INFO: [Synth 8-6157] synthesizing module 'KeyboardDecoder' [D:/data/logic_design_lab/past_ref/logic_design_lab_ma/logic_design_lab/Lab09/lab90401/lab90401.srcs/sources_1/imports/keyboard_sample_code/KeyboardDecoder.v:1]
	Parameter INIT bound to: 2'b00 
	Parameter WAIT_FOR_SIGNAL bound to: 2'b01 
	Parameter GET_SIGNAL_DOWN bound to: 2'b10 
	Parameter WAIT_RELEASE bound to: 2'b11 
	Parameter IS_INIT bound to: 8'b10101010 
	Parameter IS_EXTEND bound to: 8'b11100000 
	Parameter IS_BREAK bound to: 8'b11110000 
INFO: [Synth 8-6157] synthesizing module 'KeyboardCtrl' [D:/data/logic_design_lab/past_ref/logic_design_lab_ma/logic_design_lab/Lab09/lab90401/lab90401.srcs/sources_1/imports/keyboard_sample_code/KeyboardCtrl.v:1]
	Parameter SYSCLK_FREQUENCY_HZ bound to: 100000000 - type: integer 
	Parameter RESET bound to: 3'b000 
	Parameter SEND_CMD bound to: 3'b001 
	Parameter WAIT_ACK bound to: 3'b010 
	Parameter WAIT_KEYIN bound to: 3'b011 
	Parameter GET_BREAK bound to: 3'b100 
	Parameter GET_EXTEND bound to: 3'b101 
	Parameter RESET_WAIT_BAT bound to: 3'b110 
	Parameter CMD_RESET bound to: 8'b11111111 
	Parameter CMD_SET_STATUS_LEDS bound to: 8'b11101101 
	Parameter RSP_ACK bound to: 8'b11111010 
	Parameter RSP_BAT_PASS bound to: 8'b10101010 
	Parameter BREAK_CODE bound to: 8'b11110000 
	Parameter EXTEND_CODE bound to: 8'b11100000 
	Parameter CAPS_LOCK bound to: 8'b01011000 
	Parameter NUM_LOCK bound to: 8'b01110111 
	Parameter SCR_LOCK bound to: 8'b01111110 
INFO: [Synth 8-6157] synthesizing module 'Ps2Interface' [D:/data/logic_design_lab/past_ref/logic_design_lab_ma/logic_design_lab/Lab09/lab90401/lab90401.srcs/sources_1/imports/keyboard_sample_code/Ps2Interface.v:164]
	Parameter SYSCLK_FREQUENCY_HZ bound to: 100000000 - type: integer 
	Parameter CLOCK_CNT_100US bound to: 10000 - type: integer 
	Parameter CLOCK_CNT_20US bound to: 2000 - type: integer 
	Parameter DEBOUNCE_DELAY bound to: 15 - type: integer 
	Parameter BITS_NUM bound to: 11 - type: integer 
	Parameter parity_table bound to: 256'b1001011001101001011010011001011001101001100101101001011001101001011010011001011010010110011010011001011001101001011010011001011001101001100101101001011001101001100101100110100101101001100101101001011001101001011010011001011001101001100101101001011001101001 
	Parameter IDLE bound to: 4'b0000 
	Parameter RX_NEG_EDGE bound to: 4'b0001 
	Parameter RX_CLK_LOW bound to: 4'b0010 
	Parameter RX_CLK_HIGH bound to: 4'b0011 
	Parameter TX_FORCE_CLK_LOW bound to: 4'b0100 
	Parameter TX_BRING_DATA_LOW bound to: 4'b0101 
	Parameter TX_RELEASE_CLK bound to: 4'b0110 
	Parameter TX_WAIT_FIRTS_NEG_EDGE bound to: 4'b0111 
	Parameter TX_CLK_LOW bound to: 4'b1000 
	Parameter TX_WAIT_POS_EDGE bound to: 4'b1001 
	Parameter TX_CLK_HIGH bound to: 4'b1010 
	Parameter TX_WAIT_POS_EDGE_BEFORE_ACK bound to: 4'b1011 
	Parameter TX_WAIT_ACK bound to: 4'b1100 
	Parameter TX_RECEIVED_ACK bound to: 4'b1101 
	Parameter TX_ERROR_NO_ACK bound to: 4'b1110 
INFO: [Synth 8-6157] synthesizing module 'IOBUF' [C:/Xilinx/Vivado/2019.2/scripts/rt/data/unisim_comp.v:36196]
	Parameter DRIVE bound to: 12 - type: integer 
	Parameter IBUF_LOW_PWR bound to: TRUE - type: string 
	Parameter IOSTANDARD bound to: DEFAULT - type: string 
	Parameter SLEW bound to: SLOW - type: string 
INFO: [Synth 8-6155] done synthesizing module 'IOBUF' (1#1) [C:/Xilinx/Vivado/2019.2/scripts/rt/data/unisim_comp.v:36196]
INFO: [Synth 8-6155] done synthesizing module 'Ps2Interface' (2#1) [D:/data/logic_design_lab/past_ref/logic_design_lab_ma/logic_design_lab/Lab09/lab90401/lab90401.srcs/sources_1/imports/keyboard_sample_code/Ps2Interface.v:164]
INFO: [Synth 8-6155] done synthesizing module 'KeyboardCtrl' (3#1) [D:/data/logic_design_lab/past_ref/logic_design_lab_ma/logic_design_lab/Lab09/lab90401/lab90401.srcs/sources_1/imports/keyboard_sample_code/KeyboardCtrl.v:1]
INFO: [Synth 8-226] default block is never used [D:/data/logic_design_lab/past_ref/logic_design_lab_ma/logic_design_lab/Lab09/lab90401/lab90401.srcs/sources_1/imports/keyboard_sample_code/KeyboardDecoder.v:71]
INFO: [Synth 8-6155] done synthesizing module 'KeyboardDecoder' (4#1) [D:/data/logic_design_lab/past_ref/logic_design_lab_ma/logic_design_lab/Lab09/lab90401/lab90401.srcs/sources_1/imports/keyboard_sample_code/KeyboardDecoder.v:1]
INFO: [Synth 8-6157] synthesizing module 'fsm' [D:/data/logic_design_lab/past_ref/logic_design_lab_ma/logic_design_lab/Lab09/lab90401/lab90401.srcs/sources_1/new/fsm.v:23]
WARNING: [Synth 8-6014] Unused sequential element tmp_reg was removed.  [D:/data/logic_design_lab/past_ref/logic_design_lab_ma/logic_design_lab/Lab09/lab90401/lab90401.srcs/sources_1/new/fsm.v:36]
INFO: [Synth 8-4471] merging register 'led_state_reg' into 'next_state_reg' [D:/data/logic_design_lab/past_ref/logic_design_lab_ma/logic_design_lab/Lab09/lab90401/lab90401.srcs/sources_1/new/fsm.v:42]
WARNING: [Synth 8-6014] Unused sequential element led_state_reg was removed.  [D:/data/logic_design_lab/past_ref/logic_design_lab_ma/logic_design_lab/Lab09/lab90401/lab90401.srcs/sources_1/new/fsm.v:42]
INFO: [Synth 8-6155] done synthesizing module 'fsm' (5#1) [D:/data/logic_design_lab/past_ref/logic_design_lab_ma/logic_design_lab/Lab09/lab90401/lab90401.srcs/sources_1/new/fsm.v:23]
INFO: [Synth 8-6157] synthesizing module 'shift' [D:/data/logic_design_lab/past_ref/logic_design_lab_ma/logic_design_lab/Lab09/lab90401/lab90401.srcs/sources_1/new/shift.v:23]
WARNING: [Synth 8-6014] Unused sequential element tmp_reg was removed.  [D:/data/logic_design_lab/past_ref/logic_design_lab_ma/logic_design_lab/Lab09/lab90401/lab90401.srcs/sources_1/new/shift.v:37]
INFO: [Synth 8-4471] merging register 'shift_state_reg' into 'next_state_reg' [D:/data/logic_design_lab/past_ref/logic_design_lab_ma/logic_design_lab/Lab09/lab90401/lab90401.srcs/sources_1/new/shift.v:43]
WARNING: [Synth 8-6014] Unused sequential element shift_state_reg was removed.  [D:/data/logic_design_lab/past_ref/logic_design_lab_ma/logic_design_lab/Lab09/lab90401/lab90401.srcs/sources_1/new/shift.v:43]
INFO: [Synth 8-6155] done synthesizing module 'shift' (6#1) [D:/data/logic_design_lab/past_ref/logic_design_lab_ma/logic_design_lab/Lab09/lab90401/lab90401.srcs/sources_1/new/shift.v:23]
INFO: [Synth 8-6157] synthesizing module 'key' [D:/data/logic_design_lab/past_ref/logic_design_lab_ma/logic_design_lab/Lab09/lab90401/lab90401.srcs/sources_1/new/key.v:23]
INFO: [Synth 8-6155] done synthesizing module 'key' (7#1) [D:/data/logic_design_lab/past_ref/logic_design_lab_ma/logic_design_lab/Lab09/lab90401/lab90401.srcs/sources_1/new/key.v:23]
INFO: [Synth 8-6157] synthesizing module 'out' [D:/data/logic_design_lab/past_ref/logic_design_lab_ma/logic_design_lab/Lab09/lab90401/lab90401.srcs/sources_1/new/out.v:23]
INFO: [Synth 8-6155] done synthesizing module 'out' (8#1) [D:/data/logic_design_lab/past_ref/logic_design_lab_ma/logic_design_lab/Lab09/lab90401/lab90401.srcs/sources_1/new/out.v:23]
INFO: [Synth 8-6155] done synthesizing module 'lab904' (9#1) [D:/data/logic_design_lab/past_ref/logic_design_lab_ma/logic_design_lab/Lab09/lab90401/lab90401.srcs/sources_1/new/lab904.v:23]
WARNING: [Synth 8-3331] design out has unconnected port last_change[8]
WARNING: [Synth 8-3331] design out has unconnected port last_change[7]
WARNING: [Synth 8-3331] design out has unconnected port last_change[6]
WARNING: [Synth 8-3331] design out has unconnected port last_change[5]
WARNING: [Synth 8-3331] design out has unconnected port last_change[4]
WARNING: [Synth 8-3331] design out has unconnected port last_change[3]
WARNING: [Synth 8-3331] design out has unconnected port last_change[2]
WARNING: [Synth 8-3331] design out has unconnected port last_change[1]
WARNING: [Synth 8-3331] design out has unconnected port last_change[0]
WARNING: [Synth 8-3331] design out has unconnected port key_down[511]
WARNING: [Synth 8-3331] design out has unconnected port key_down[510]
WARNING: [Synth 8-3331] design out has unconnected port key_down[509]
WARNING: [Synth 8-3331] design out has unconnected port key_down[508]
WARNING: [Synth 8-3331] design out has unconnected port key_down[507]
WARNING: [Synth 8-3331] design out has unconnected port key_down[506]
WARNING: [Synth 8-3331] design out has unconnected port key_down[505]
WARNING: [Synth 8-3331] design out has unconnected port key_down[504]
WARNING: [Synth 8-3331] design out has unconnected port key_down[503]
WARNING: [Synth 8-3331] design out has unconnected port key_down[502]
WARNING: [Synth 8-3331] design out has unconnected port key_down[501]
WARNING: [Synth 8-3331] design out has unconnected port key_down[500]
WARNING: [Synth 8-3331] design out has unconnected port key_down[499]
WARNING: [Synth 8-3331] design out has unconnected port key_down[498]
WARNING: [Synth 8-3331] design out has unconnected port key_down[497]
WARNING: [Synth 8-3331] design out has unconnected port key_down[496]
WARNING: [Synth 8-3331] design out has unconnected port key_down[495]
WARNING: [Synth 8-3331] design out has unconnected port key_down[494]
WARNING: [Synth 8-3331] design out has unconnected port key_down[493]
WARNING: [Synth 8-3331] design out has unconnected port key_down[492]
WARNING: [Synth 8-3331] design out has unconnected port key_down[491]
WARNING: [Synth 8-3331] design out has unconnected port key_down[490]
WARNING: [Synth 8-3331] design out has unconnected port key_down[489]
WARNING: [Synth 8-3331] design out has unconnected port key_down[488]
WARNING: [Synth 8-3331] design out has unconnected port key_down[487]
WARNING: [Synth 8-3331] design out has unconnected port key_down[486]
WARNING: [Synth 8-3331] design out has unconnected port key_down[485]
WARNING: [Synth 8-3331] design out has unconnected port key_down[484]
WARNING: [Synth 8-3331] design out has unconnected port key_down[483]
WARNING: [Synth 8-3331] design out has unconnected port key_down[482]
WARNING: [Synth 8-3331] design out has unconnected port key_down[481]
WARNING: [Synth 8-3331] design out has unconnected port key_down[480]
WARNING: [Synth 8-3331] design out has unconnected port key_down[479]
WARNING: [Synth 8-3331] design out has unconnected port key_down[478]
WARNING: [Synth 8-3331] design out has unconnected port key_down[477]
WARNING: [Synth 8-3331] design out has unconnected port key_down[476]
WARNING: [Synth 8-3331] design out has unconnected port key_down[475]
WARNING: [Synth 8-3331] design out has unconnected port key_down[474]
WARNING: [Synth 8-3331] design out has unconnected port key_down[473]
WARNING: [Synth 8-3331] design out has unconnected port key_down[472]
WARNING: [Synth 8-3331] design out has unconnected port key_down[471]
WARNING: [Synth 8-3331] design out has unconnected port key_down[470]
WARNING: [Synth 8-3331] design out has unconnected port key_down[469]
WARNING: [Synth 8-3331] design out has unconnected port key_down[468]
WARNING: [Synth 8-3331] design out has unconnected port key_down[467]
WARNING: [Synth 8-3331] design out has unconnected port key_down[466]
WARNING: [Synth 8-3331] design out has unconnected port key_down[465]
WARNING: [Synth 8-3331] design out has unconnected port key_down[464]
WARNING: [Synth 8-3331] design out has unconnected port key_down[463]
WARNING: [Synth 8-3331] design out has unconnected port key_down[462]
WARNING: [Synth 8-3331] design out has unconnected port key_down[461]
WARNING: [Synth 8-3331] design out has unconnected port key_down[460]
WARNING: [Synth 8-3331] design out has unconnected port key_down[459]
WARNING: [Synth 8-3331] design out has unconnected port key_down[458]
WARNING: [Synth 8-3331] design out has unconnected port key_down[457]
WARNING: [Synth 8-3331] design out has unconnected port key_down[456]
WARNING: [Synth 8-3331] design out has unconnected port key_down[455]
WARNING: [Synth 8-3331] design out has unconnected port key_down[454]
WARNING: [Synth 8-3331] design out has unconnected port key_down[453]
WARNING: [Synth 8-3331] design out has unconnected port key_down[452]
WARNING: [Synth 8-3331] design out has unconnected port key_down[451]
WARNING: [Synth 8-3331] design out has unconnected port key_down[450]
WARNING: [Synth 8-3331] design out has unconnected port key_down[449]
WARNING: [Synth 8-3331] design out has unconnected port key_down[448]
WARNING: [Synth 8-3331] design out has unconnected port key_down[447]
WARNING: [Synth 8-3331] design out has unconnected port key_down[446]
WARNING: [Synth 8-3331] design out has unconnected port key_down[445]
WARNING: [Synth 8-3331] design out has unconnected port key_down[444]
WARNING: [Synth 8-3331] design out has unconnected port key_down[443]
WARNING: [Synth 8-3331] design out has unconnected port key_down[442]
WARNING: [Synth 8-3331] design out has unconnected port key_down[441]
WARNING: [Synth 8-3331] design out has unconnected port key_down[440]
WARNING: [Synth 8-3331] design out has unconnected port key_down[439]
WARNING: [Synth 8-3331] design out has unconnected port key_down[438]
WARNING: [Synth 8-3331] design out has unconnected port key_down[437]
WARNING: [Synth 8-3331] design out has unconnected port key_down[436]
WARNING: [Synth 8-3331] design out has unconnected port key_down[435]
WARNING: [Synth 8-3331] design out has unconnected port key_down[434]
WARNING: [Synth 8-3331] design out has unconnected port key_down[433]
WARNING: [Synth 8-3331] design out has unconnected port key_down[432]
WARNING: [Synth 8-3331] design out has unconnected port key_down[431]
WARNING: [Synth 8-3331] design out has unconnected port key_down[430]
WARNING: [Synth 8-3331] design out has unconnected port key_down[429]
WARNING: [Synth 8-3331] design out has unconnected port key_down[428]
WARNING: [Synth 8-3331] design out has unconnected port key_down[427]
WARNING: [Synth 8-3331] design out has unconnected port key_down[426]
WARNING: [Synth 8-3331] design out has unconnected port key_down[425]
WARNING: [Synth 8-3331] design out has unconnected port key_down[424]
WARNING: [Synth 8-3331] design out has unconnected port key_down[423]
WARNING: [Synth 8-3331] design out has unconnected port key_down[422]
WARNING: [Synth 8-3331] design out has unconnected port key_down[421]
INFO: [Common 17-14] Message 'Synth 8-3331' appears 100 times and further instances of the messages will be disabled. Use the Tcl command set_msg_config to change the current settings.
---------------------------------------------------------------------------------
Finished RTL Elaboration : Time (s): cpu = 00:00:07 ; elapsed = 00:00:08 . Memory (MB): peak = 1004.945 ; gain = 290.695
---------------------------------------------------------------------------------

Report Check Netlist: 
+------+------------------+-------+---------+-------+------------------+
|      |Item              |Errors |Warnings |Status |Description       |
+------+------------------+-------+---------+-------+------------------+
|1     |multi_driven_nets |      0|        0|Passed |Multi driven nets |
+------+------------------+-------+---------+-------+------------------+
---------------------------------------------------------------------------------
Start Handling Custom Attributes
---------------------------------------------------------------------------------
---------------------------------------------------------------------------------
Finished Handling Custom Attributes : Time (s): cpu = 00:00:08 ; elapsed = 00:00:09 . Memory (MB): peak = 1004.945 ; gain = 290.695
---------------------------------------------------------------------------------
---------------------------------------------------------------------------------
Finished RTL Optimization Phase 1 : Time (s): cpu = 00:00:08 ; elapsed = 00:00:09 . Memory (MB): peak = 1004.945 ; gain = 290.695
---------------------------------------------------------------------------------
Netlist sorting complete. Time (s): cpu = 00:00:00 ; elapsed = 00:00:00.061 . Memory (MB): peak = 1004.945 ; gain = 0.000
INFO: [Netlist 29-17] Analyzing 2 Unisim elements for replacement
INFO: [Netlist 29-28] Unisim Transformation completed in 0 CPU seconds
INFO: [Project 1-570] Preparing netlist for logic optimization

Processing XDC Constraints
Initializing timing engine
Parsing XDC File [D:/data/logic_design_lab/past_ref/logic_design_lab_ma/logic_design_lab/Lab09/lab90401/lab90401.srcs/constrs_1/imports/lab8_4_105061117_ver1/lab8_4.xdc]
Finished Parsing XDC File [D:/data/logic_design_lab/past_ref/logic_design_lab_ma/logic_design_lab/Lab09/lab90401/lab90401.srcs/constrs_1/imports/lab8_4_105061117_ver1/lab8_4.xdc]
INFO: [Project 1-236] Implementation specific constraints were found while reading constraint file [D:/data/logic_design_lab/past_ref/logic_design_lab_ma/logic_design_lab/Lab09/lab90401/lab90401.srcs/constrs_1/imports/lab8_4_105061117_ver1/lab8_4.xdc]. These constraints will be ignored for synthesis but will be used in implementation. Impacted constraints are listed in the file [.Xil/lab904_propImpl.xdc].
Resolution: To avoid this warning, move constraints listed in [.Xil/lab904_propImpl.xdc] to another XDC file and exclude this new file from synthesis with the used_in_synthesis property (File Properties dialog in GUI) and re-run elaboration/synthesis.
Completed Processing XDC Constraints

Netlist sorting complete. Time (s): cpu = 00:00:00 ; elapsed = 00:00:00 . Memory (MB): peak = 1111.652 ; gain = 0.000
INFO: [Project 1-111] Unisim Transformation Summary:
  A total of 2 instances were transformed.
  IOBUF => IOBUF (IBUF, OBUFT): 2 instances

Constraint Validation Runtime : Time (s): cpu = 00:00:00 ; elapsed = 00:00:00.007 . Memory (MB): peak = 1111.652 ; gain = 0.000
---------------------------------------------------------------------------------
Finished Constraint Validation : Time (s): cpu = 00:00:17 ; elapsed = 00:00:18 . Memory (MB): peak = 1111.652 ; gain = 397.402
---------------------------------------------------------------------------------
---------------------------------------------------------------------------------
Start Loading Part and Timing Information
---------------------------------------------------------------------------------
Loading part: xc7a35tcpg236-1
---------------------------------------------------------------------------------
Finished Loading Part and Timing Information : Time (s): cpu = 00:00:17 ; elapsed = 00:00:18 . Memory (MB): peak = 1111.652 ; gain = 397.402
---------------------------------------------------------------------------------
---------------------------------------------------------------------------------
Start Applying 'set_property' XDC Constraints
---------------------------------------------------------------------------------
---------------------------------------------------------------------------------
Finished applying 'set_property' XDC Constraints : Time (s): cpu = 00:00:17 ; elapsed = 00:00:18 . Memory (MB): peak = 1111.652 ; gain = 397.402
---------------------------------------------------------------------------------
INFO: [Synth 8-802] inferred FSM for state register 'state_reg' in module 'Ps2Interface'
INFO: [Synth 8-5544] ROM "ps2_clk_out_next" won't be mapped to Block RAM because address size (4) smaller than threshold (5)
INFO: [Synth 8-5544] ROM "ps2_clk_en_next" won't be mapped to Block RAM because address size (4) smaller than threshold (5)
INFO: [Synth 8-802] inferred FSM for state register 'state_reg' in module 'KeyboardCtrl'
INFO: [Synth 8-802] inferred FSM for state register 'state_reg' in module 'KeyboardDecoder'
---------------------------------------------------------------------------------------------------
                   State |                     New Encoding |                Previous Encoding 
---------------------------------------------------------------------------------------------------
                    IDLE |                  000000000000010 |                             0000
        TX_FORCE_CLK_LOW |                  000000000001000 |                             0100
       TX_BRING_DATA_LOW |                  000000000010000 |                             0101
          TX_RELEASE_CLK |                  100000000000000 |                             0110
  TX_WAIT_FIRTS_NEG_EDGE |                  001000000000000 |                             0111
              TX_CLK_LOW |                  000100000000000 |                             1000
        TX_WAIT_POS_EDGE |                  010000000000000 |                             1001
TX_WAIT_POS_EDGE_BEFORE_ACK |                  000001000000000 |                             1011
             TX_WAIT_ACK |                  000000010000000 |                             1100
         TX_RECEIVED_ACK |                  000000000100000 |                             1101
         TX_ERROR_NO_ACK |                  000000100000000 |                             1110
             TX_CLK_HIGH |                  000010000000000 |                             1010
             RX_NEG_EDGE |                  000000000000100 |                             0001
              RX_CLK_LOW |                  000000001000000 |                             0010
             RX_CLK_HIGH |                  000000000000001 |                             0011
---------------------------------------------------------------------------------------------------
INFO: [Synth 8-3354] encoded FSM with state register 'state_reg' using encoding 'one-hot' in module 'Ps2Interface'
---------------------------------------------------------------------------------------------------
                   State |                     New Encoding |                Previous Encoding 
---------------------------------------------------------------------------------------------------
                   RESET |                              000 |                              000
                SEND_CMD |                              001 |                              001
                WAIT_ACK |                              010 |                              010
          RESET_WAIT_BAT |                              011 |                              110
              WAIT_KEYIN |                              100 |                              011
              GET_EXTEND |                              101 |                              101
               GET_BREAK |                              110 |                              100
---------------------------------------------------------------------------------------------------
INFO: [Synth 8-3354] encoded FSM with state register 'state_reg' using encoding 'sequential' in module 'KeyboardCtrl'
---------------------------------------------------------------------------------------------------
                   State |                     New Encoding |                Previous Encoding 
---------------------------------------------------------------------------------------------------
                    INIT |                               00 |                               00
         WAIT_FOR_SIGNAL |                               01 |                               01
         GET_SIGNAL_DOWN |                               10 |                               10
            WAIT_RELEASE |                               11 |                               11
---------------------------------------------------------------------------------------------------
INFO: [Synth 8-3354] encoded FSM with state register 'state_reg' using encoding 'sequential' in module 'KeyboardDecoder'
---------------------------------------------------------------------------------
Finished RTL Optimization Phase 2 : Time (s): cpu = 00:00:18 ; elapsed = 00:00:20 . Memory (MB): peak = 1111.652 ; gain = 397.402
---------------------------------------------------------------------------------

Report RTL Partitions: 
+-+--------------+------------+----------+
| |RTL Partition |Replication |Instances |
+-+--------------+------------+----------+
+-+--------------+------------+----------+
---------------------------------------------------------------------------------
Start RTL Component Statistics 
---------------------------------------------------------------------------------
Detailed RTL Component Info : 
+---Adders : 
	   2 Input     14 Bit       Adders := 1     
	   2 Input      4 Bit       Adders := 3     
+---Registers : 
	              512 Bit    Registers := 1     
	               14 Bit    Registers := 1     
	               11 Bit    Registers := 1     
	               10 Bit    Registers := 1     
	                8 Bit    Registers := 3     
	                7 Bit    Registers := 1     
	                5 Bit    Registers := 1     
	                4 Bit    Registers := 3     
	                3 Bit    Registers := 1     
	                1 Bit    Registers := 22    
+---Muxes : 
	   2 Input    512 Bit        Muxes := 1     
	  15 Input     15 Bit        Muxes := 1     
	   2 Input     15 Bit        Muxes := 17    
	   2 Input     14 Bit        Muxes := 3     
	  15 Input     14 Bit        Muxes := 1     
	   2 Input     11 Bit        Muxes := 1     
	   4 Input     10 Bit        Muxes := 1     
	   7 Input      8 Bit        Muxes := 1     
	   2 Input      7 Bit        Muxes := 3     
	  27 Input      5 Bit        Muxes := 1     
	   2 Input      4 Bit        Muxes := 5     
	  25 Input      3 Bit        Muxes := 1     
	   4 Input      2 Bit        Muxes := 1     
	   2 Input      2 Bit        Muxes := 3     
	   2 Input      1 Bit        Muxes := 24    
	  15 Input      1 Bit        Muxes := 6     
	   7 Input      1 Bit        Muxes := 7     
	   4 Input      1 Bit        Muxes := 7     
---------------------------------------------------------------------------------
Finished RTL Component Statistics 
---------------------------------------------------------------------------------
---------------------------------------------------------------------------------
Start RTL Hierarchical Component Statistics 
---------------------------------------------------------------------------------
Hierarchical RTL Component report 
Module Ps2Interface 
Detailed RTL Component Info : 
+---Adders : 
	   2 Input     14 Bit       Adders := 1     
	   2 Input      4 Bit       Adders := 3     
+---Registers : 
	               14 Bit    Registers := 1     
	               11 Bit    Registers := 1     
	                8 Bit    Registers := 1     
	                4 Bit    Registers := 3     
	                1 Bit    Registers := 10    
+---Muxes : 
	  15 Input     15 Bit        Muxes := 1     
	   2 Input     15 Bit        Muxes := 17    
	   2 Input     14 Bit        Muxes := 3     
	  15 Input     14 Bit        Muxes := 1     
	   2 Input     11 Bit        Muxes := 1     
	   2 Input      4 Bit        Muxes := 5     
	   2 Input      1 Bit        Muxes := 8     
	  15 Input      1 Bit        Muxes := 6     
Module KeyboardCtrl 
Detailed RTL Component Info : 
+---Registers : 
	                8 Bit    Registers := 2     
	                3 Bit    Registers := 1     
	                1 Bit    Registers := 4     
+---Muxes : 
	   7 Input      8 Bit        Muxes := 1     
	  25 Input      3 Bit        Muxes := 1     
	   2 Input      1 Bit        Muxes := 1     
	   7 Input      1 Bit        Muxes := 7     
Module KeyboardDecoder 
Detailed RTL Component Info : 
+---Registers : 
	              512 Bit    Registers := 1     
	               10 Bit    Registers := 1     
	                1 Bit    Registers := 6     
+---Muxes : 
	   2 Input    512 Bit        Muxes := 1     
	   4 Input     10 Bit        Muxes := 1     
	   4 Input      2 Bit        Muxes := 1     
	   2 Input      2 Bit        Muxes := 3     
	   2 Input      1 Bit        Muxes := 8     
	   4 Input      1 Bit        Muxes := 7     
Module fsm 
Detailed RTL Component Info : 
+---Registers : 
	                1 Bit    Registers := 1     
+---Muxes : 
	   2 Input      1 Bit        Muxes := 2     
Module shift 
Detailed RTL Component Info : 
+---Registers : 
	                1 Bit    Registers := 1     
+---Muxes : 
	   2 Input      1 Bit        Muxes := 1     
Module key 
Detailed RTL Component Info : 
+---Registers : 
	                5 Bit    Registers := 1     
+---Muxes : 
	  27 Input      5 Bit        Muxes := 1     
	   2 Input      1 Bit        Muxes := 1     
Module out 
Detailed RTL Component Info : 
+---Registers : 
	                7 Bit    Registers := 1     
+---Muxes : 
	   2 Input      7 Bit        Muxes := 3     
	   2 Input      1 Bit        Muxes := 3     
---------------------------------------------------------------------------------
Finished RTL Hierarchical Component Statistics
---------------------------------------------------------------------------------
---------------------------------------------------------------------------------
Start Part Resource Summary
---------------------------------------------------------------------------------
Part Resources:
DSPs: 90 (col length:60)
BRAMs: 100 (col length: RAMB18 60 RAMB36 30)
---------------------------------------------------------------------------------
Finished Part Resource Summary
---------------------------------------------------------------------------------
---------------------------------------------------------------------------------
Start Cross Boundary and Area Optimization
---------------------------------------------------------------------------------
Warning: Parallel synthesis criteria is not met 
INFO: [Synth 8-3886] merging instance 'U0/inst/lock_status_reg[1]' (FDCE) to 'U0/inst/lock_status_reg[0]'
INFO: [Synth 8-3886] merging instance 'U0/inst/lock_status_reg[2]' (FDCE) to 'U0/inst/lock_status_reg[0]'
INFO: [Synth 8-3333] propagating constant 0 across sequential element (\U0/inst/lock_status_reg[0] )
INFO: [Synth 8-3886] merging instance 'U0/inst/tx_data_reg[3]' (FDCE) to 'U0/inst/tx_data_reg[4]'
INFO: [Synth 8-3886] merging instance 'U0/inst/tx_data_reg[4]' (FDCE) to 'U0/inst/tx_data_reg[5]'
INFO: [Synth 8-3886] merging instance 'U0/inst/tx_data_reg[5]' (FDCE) to 'U0/inst/tx_data_reg[6]'
INFO: [Synth 8-3886] merging instance 'U0/inst/tx_data_reg[6]' (FDCE) to 'U0/inst/tx_data_reg[7]'
INFO: [Synth 8-3886] merging instance 'U0/inst/tx_data_reg[1]' (FDCE) to 'U0/inst/tx_data_reg[0]'
INFO: [Synth 8-3886] merging instance 'U0/inst/tx_data_reg[2]' (FDCE) to 'U0/inst/tx_data_reg[0]'
---------------------------------------------------------------------------------
Finished Cross Boundary and Area Optimization : Time (s): cpu = 00:00:37 ; elapsed = 00:00:39 . Memory (MB): peak = 1111.652 ; gain = 397.402
---------------------------------------------------------------------------------
---------------------------------------------------------------------------------
Start ROM, RAM, DSP and Shift Register Reporting
---------------------------------------------------------------------------------

ROM:
+-------------+-----------------------------+---------------+----------------+
|Module Name  | RTL Object                  | Depth x Width | Implemented As | 
+-------------+-----------------------------+---------------+----------------+
|Ps2Interface | parity_table                | 256x1         | LUT            | 
|Ps2Interface | parity_table                | 256x1         | LUT            | 
|out          | led                         | 32x7          | LUT            | 
|out          | led                         | 32x6          | LUT            | 
|KeyboardCtrl | Ps2Interface_i/parity_table | 256x1         | LUT            | 
|KeyboardCtrl | Ps2Interface_i/parity_table | 256x1         | LUT            | 
|lab904       | U4/led                      | 32x7          | LUT            | 
|lab904       | U4/led                      | 32x6          | LUT            | 
+-------------+-----------------------------+---------------+----------------+

---------------------------------------------------------------------------------
Finished ROM, RAM, DSP and Shift Register Reporting
---------------------------------------------------------------------------------

Report RTL Partitions: 
+-+--------------+------------+----------+
| |RTL Partition |Replication |Instances |
+-+--------------+------------+----------+
+-+--------------+------------+----------+
---------------------------------------------------------------------------------
Start Applying XDC Timing Constraints
---------------------------------------------------------------------------------
---------------------------------------------------------------------------------
Finished Applying XDC Timing Constraints : Time (s): cpu = 00:00:49 ; elapsed = 00:00:51 . Memory (MB): peak = 1111.652 ; gain = 397.402
---------------------------------------------------------------------------------
---------------------------------------------------------------------------------
Start Timing Optimization
---------------------------------------------------------------------------------
---------------------------------------------------------------------------------
Finished Timing Optimization : Time (s): cpu = 00:00:52 ; elapsed = 00:00:54 . Memory (MB): peak = 1111.652 ; gain = 397.402
---------------------------------------------------------------------------------

Report RTL Partitions: 
+-+--------------+------------+----------+
| |RTL Partition |Replication |Instances |
+-+--------------+------------+----------+
+-+--------------+------------+----------+
---------------------------------------------------------------------------------
Start Technology Mapping
---------------------------------------------------------------------------------
---------------------------------------------------------------------------------
Finished Technology Mapping : Time (s): cpu = 00:00:54 ; elapsed = 00:00:56 . Memory (MB): peak = 1160.832 ; gain = 446.582
---------------------------------------------------------------------------------

Report RTL Partitions: 
+-+--------------+------------+----------+
| |RTL Partition |Replication |Instances |
+-+--------------+------------+----------+
+-+--------------+------------+----------+
---------------------------------------------------------------------------------
Start IO Insertion
---------------------------------------------------------------------------------
---------------------------------------------------------------------------------
Start Flattening Before IO Insertion
---------------------------------------------------------------------------------
---------------------------------------------------------------------------------
Finished Flattening Before IO Insertion
---------------------------------------------------------------------------------
---------------------------------------------------------------------------------
Start Final Netlist Cleanup
---------------------------------------------------------------------------------
INFO: [Synth 8-5365] Flop U0/inst/Ps2Interface_i/ps2_clk_en_reg is being inverted and renamed to U0/inst/Ps2Interface_i/ps2_clk_en_reg_inv.
INFO: [Synth 8-5365] Flop U0/inst/Ps2Interface_i/ps2_data_en_reg is being inverted and renamed to U0/inst/Ps2Interface_i/ps2_data_en_reg_inv.
---------------------------------------------------------------------------------
Finished Final Netlist Cleanup
---------------------------------------------------------------------------------
---------------------------------------------------------------------------------
Finished IO Insertion : Time (s): cpu = 00:01:01 ; elapsed = 00:01:03 . Memory (MB): peak = 1166.094 ; gain = 451.844
---------------------------------------------------------------------------------
---------------------------------------------------------------------------------
Start Renaming Generated Instances
---------------------------------------------------------------------------------
---------------------------------------------------------------------------------
Finished Renaming Generated Instances : Time (s): cpu = 00:01:01 ; elapsed = 00:01:03 . Memory (MB): peak = 1166.094 ; gain = 451.844
---------------------------------------------------------------------------------

Report RTL Partitions: 
+-+--------------+------------+----------+
| |RTL Partition |Replication |Instances |
+-+--------------+------------+----------+
+-+--------------+------------+----------+

Report Check Netlist: 
+------+------------------+-------+---------+-------+------------------+
|      |Item              |Errors |Warnings |Status |Description       |
+------+------------------+-------+---------+-------+------------------+
|1     |multi_driven_nets |      0|        0|Passed |Multi driven nets |
+------+------------------+-------+---------+-------+------------------+
---------------------------------------------------------------------------------
Start Rebuilding User Hierarchy
---------------------------------------------------------------------------------
---------------------------------------------------------------------------------
Finished Rebuilding User Hierarchy : Time (s): cpu = 00:01:01 ; elapsed = 00:01:03 . Memory (MB): peak = 1166.094 ; gain = 451.844
---------------------------------------------------------------------------------
---------------------------------------------------------------------------------
Start Renaming Generated Ports
---------------------------------------------------------------------------------
---------------------------------------------------------------------------------
Finished Renaming Generated Ports : Time (s): cpu = 00:01:01 ; elapsed = 00:01:03 . Memory (MB): peak = 1166.094 ; gain = 451.844
---------------------------------------------------------------------------------
---------------------------------------------------------------------------------
Start Handling Custom Attributes
---------------------------------------------------------------------------------
---------------------------------------------------------------------------------
Finished Handling Custom Attributes : Time (s): cpu = 00:01:02 ; elapsed = 00:01:04 . Memory (MB): peak = 1166.094 ; gain = 451.844
---------------------------------------------------------------------------------
---------------------------------------------------------------------------------
Start Renaming Generated Nets
---------------------------------------------------------------------------------
---------------------------------------------------------------------------------
Finished Renaming Generated Nets : Time (s): cpu = 00:01:02 ; elapsed = 00:01:04 . Memory (MB): peak = 1166.094 ; gain = 451.844
---------------------------------------------------------------------------------
---------------------------------------------------------------------------------
Start Writing Synthesis Report
---------------------------------------------------------------------------------

Report BlackBoxes: 
+-+--------------+----------+
| |BlackBox name |Instances |
+-+--------------+----------+
+-+--------------+----------+

Report Cell Usage: 
+------+-------+------+
|      |Cell   |Count |
+------+-------+------+
|1     |BUFG   |     1|
|2     |CARRY4 |     4|
|3     |LUT1   |    16|
|4     |LUT2   |    29|
|5     |LUT3   |    19|
|6     |LUT4   |   566|
|7     |LUT5   |    66|
|8     |LUT6   |   190|
|9     |MUXF7  |    76|
|10    |MUXF8  |    36|
|11    |FDCE   |   621|
|12    |FDPE   |     8|
|13    |FDRE   |     9|
|14    |IBUF   |     2|
|15    |IOBUF  |     2|
|16    |OBUF   |     8|
+------+-------+------+

Report Instance Areas: 
+------+---------------------+----------------+------+
|      |Instance             |Module          |Cells |
+------+---------------------+----------------+------+
|1     |top                  |                |  1653|
|2     |  U0                 |KeyboardDecoder |  1610|
|3     |    inst             |KeyboardCtrl    |   215|
|4     |      Ps2Interface_i |Ps2Interface    |   180|
|5     |  U1                 |fsm             |     2|
|6     |  U2                 |shift           |     1|
|7     |  U3                 |key             |    17|
|8     |  U4                 |out             |    12|
+------+---------------------+----------------+------+
---------------------------------------------------------------------------------
Finished Writing Synthesis Report : Time (s): cpu = 00:01:02 ; elapsed = 00:01:04 . Memory (MB): peak = 1166.094 ; gain = 451.844
---------------------------------------------------------------------------------
Synthesis finished with 0 errors, 0 critical warnings and 0 warnings.
Synthesis Optimization Runtime : Time (s): cpu = 00:00:51 ; elapsed = 00:01:01 . Memory (MB): peak = 1166.094 ; gain = 345.137
Synthesis Optimization Complete : Time (s): cpu = 00:01:02 ; elapsed = 00:01:04 . Memory (MB): peak = 1166.094 ; gain = 451.844
INFO: [Project 1-571] Translating synthesized netlist
Netlist sorting complete. Time (s): cpu = 00:00:00 ; elapsed = 00:00:00.020 . Memory (MB): peak = 1166.094 ; gain = 0.000
INFO: [Netlist 29-17] Analyzing 118 Unisim elements for replacement
INFO: [Netlist 29-28] Unisim Transformation completed in 0 CPU seconds
WARNING: [Netlist 29-101] Netlist 'lab904' is not ideal for floorplanning, since the cellview 'KeyboardDecoder' contains a large number of primitives.  Please consider enabling hierarchy in synthesis if you want to do floorplanning.
INFO: [Project 1-570] Preparing netlist for logic optimization
INFO: [Opt 31-138] Pushed 0 inverter(s) to 0 load pin(s).
Netlist sorting complete. Time (s): cpu = 00:00:00 ; elapsed = 00:00:00 . Memory (MB): peak = 1176.199 ; gain = 0.000
INFO: [Project 1-111] Unisim Transformation Summary:
  A total of 2 instances were transformed.
  IOBUF => IOBUF (IBUF, OBUFT): 2 instances

INFO: [Common 17-83] Releasing license: Synthesis
55 Infos, 141 Warnings, 0 Critical Warnings and 0 Errors encountered.
synth_design completed successfully
synth_design: Time (s): cpu = 00:01:08 ; elapsed = 00:01:11 . Memory (MB): peak = 1176.199 ; gain = 751.859
Netlist sorting complete. Time (s): cpu = 00:00:00 ; elapsed = 00:00:00.001 . Memory (MB): peak = 1176.199 ; gain = 0.000
WARNING: [Constraints 18-5210] No constraints selected for write.
Resolution: This message can indicate that there are no constraints for the design, or it can indicate that the used_in flags are set such that the constraints are ignored. This later case is used when running synth_design to not write synthesis constraints to the resulting checkpoint. Instead, project constraints are read when the synthesized design is opened.
INFO: [Common 17-1381] The checkpoint 'D:/data/logic_design_lab/past_ref/logic_design_lab_ma/logic_design_lab/Lab09/lab90401/lab90401.runs/synth_1/lab904.dcp' has been generated.
INFO: [runtcl-4] Executing : report_utilization -file lab904_utilization_synth.rpt -pb lab904_utilization_synth.pb
INFO: [Common 17-206] Exiting Vivado at Tue May  3 15:20:50 2022...
