Copyright 1986-2016 Xilinx, Inc. All Rights Reserved.
------------------------------------------------------------------------------------
| Tool Version : Vivado v.2016.2 (win64) Build 1577090 Thu Jun  2 16:32:40 MDT 2016
| Date         : Mon May 20 14:26:30 2019
| Host         : DESKTOP-5VSMBIN running 64-bit major release  (build 9200)
| Command      : report_control_sets -verbose -file lab904_control_sets_placed.rpt
| Design       : lab904
| Device       : xc7a35t
------------------------------------------------------------------------------------

Control Set Information

Table of Contents
-----------------
1. Summary
2. Flip-Flop Distribution
3. Detailed Control Set Information

1. Summary
----------

+----------------------------------------------------------+-------+
|                          Status                          | Count |
+----------------------------------------------------------+-------+
| Number of unique control sets                            |    11 |
| Unused register locations in slices containing registers |    42 |
+----------------------------------------------------------+-------+


2. Flip-Flop Distribution
-------------------------

+--------------+-----------------------+------------------------+-----------------+--------------+
| Clock Enable | Synchronous Set/Reset | Asynchronous Set/Reset | Total Registers | Total Slices |
+--------------+-----------------------+------------------------+-----------------+--------------+
| No           | No                    | No                     |               4 |            3 |
| No           | No                    | Yes                    |              67 |           35 |
| No           | Yes                   | No                     |               0 |            0 |
| Yes          | No                    | No                     |               5 |            4 |
| Yes          | No                    | Yes                    |             562 |          161 |
| Yes          | Yes                   | No                     |               0 |            0 |
+--------------+-----------------------+------------------------+-----------------+--------------+


3. Detailed Control Set Information
-----------------------------------

+----------------+------------------------------------------+------------------+------------------+----------------+
|  Clock Signal  |               Enable Signal              | Set/Reset Signal | Slice Load Count | Bel Load Count |
+----------------+------------------------------------------+------------------+------------------+----------------+
|  clk_IBUF_BUFG | U0/inst/Ps2Interface_i/ps2_clk_s1        | rst_IBUF         |                1 |              1 |
|  clk_IBUF_BUFG | U0/inst/Ps2Interface_i/ps2_data_s1       | rst_IBUF         |                1 |              1 |
|  clk_IBUF_BUFG |                                          |                  |                3 |              4 |
|  clk_IBUF_BUFG | U0/inst/Ps2Interface_i/bits_count        | rst_IBUF         |                2 |              4 |
|  clk_IBUF_BUFG | U0/E[0]                                  |                  |                4 |              5 |
|  clk_IBUF_BUFG | U0/inst/Ps2Interface_i/rx_finish         | rst_IBUF         |                1 |              8 |
|  clk_IBUF_BUFG | U0/inst/Ps2Interface_i/rx_valid          | rst_IBUF         |                2 |              8 |
|  clk_IBUF_BUFG | U0/inst/Ps2Interface_i/frame[10]_i_1_n_0 | rst_IBUF         |                5 |             11 |
|  clk_IBUF_BUFG | U0/inst/key_reg[8]_rep__5                | rst_IBUF         |                3 |             17 |
|  clk_IBUF_BUFG |                                          | rst_IBUF         |               35 |             67 |
|  clk_IBUF_BUFG | U0/pulse_been_ready                      | rst_IBUF         |              146 |            512 |
+----------------+------------------------------------------+------------------+------------------+----------------+


