Copyright 1986-2019 Xilinx, Inc. All Rights Reserved.
-----------------------------------------------------------------------------------------------------------------------------------------------
| Tool Version : Vivado v.2019.2 (win64) Build 2708876 Wed Nov  6 21:40:23 MST 2019
| Date         : Thu Jun  9 14:24:46 2022
| Host         : DESKTOP-0M9JO91 running 64-bit major release  (build 9200)
| Command      : report_methodology -file top_methodology_drc_routed.rpt -pb top_methodology_drc_routed.pb -rpx top_methodology_drc_routed.rpx
| Design       : top
| Device       : xc7a35tcpg236-1
| Speed File   : -1
| Design State : Fully Routed
-----------------------------------------------------------------------------------------------------------------------------------------------

Report Methodology

Table of Contents
-----------------
1. REPORT SUMMARY
2. REPORT DETAILS

1. REPORT SUMMARY
-----------------
            Netlist: netlist
          Floorplan: design_1
      Design limits: <entire design considered>
             Max violations: <unlimited>
             Violations found: 280
+-----------+------------------+-------------------------------+------------+
| Rule      | Severity         | Description                   | Violations |
+-----------+------------------+-------------------------------+------------+
| TIMING-17 | Critical Warning | Non-clocked sequential cell   | 170        |
| DPIR-1    | Warning          | Asynchronous driver check     | 22         |
| LUTAR-1   | Warning          | LUT drives async reset alert  | 2          |
| TIMING-18 | Warning          | Missing input or output delay | 34         |
| TIMING-20 | Warning          | Non-clocked latch             | 52         |
+-----------+------------------+-------------------------------+------------+

2. REPORT DETAILS
-----------------
TIMING-17#1 Critical Warning
Non-clocked sequential cell  
The clock pin UACTRL/SCTRL/UCNT/cnt_reg[0]/C is not reached by a timing clock
Related violations: <none>

TIMING-17#2 Critical Warning
Non-clocked sequential cell  
The clock pin UACTRL/SCTRL/UCNT/cnt_reg[1]/C is not reached by a timing clock
Related violations: <none>

TIMING-17#3 Critical Warning
Non-clocked sequential cell  
The clock pin UACTRL/SCTRL/UCNT/cnt_reg[2]/C is not reached by a timing clock
Related violations: <none>

TIMING-17#4 Critical Warning
Non-clocked sequential cell  
The clock pin UACTRL/SCTRL/UCNT/cnt_reg[3]/C is not reached by a timing clock
Related violations: <none>

TIMING-17#5 Critical Warning
Non-clocked sequential cell  
The clock pin UACTRL/SCTRL/UCNT/cnt_reg[4]/C is not reached by a timing clock
Related violations: <none>

TIMING-17#6 Critical Warning
Non-clocked sequential cell  
The clock pin UACTRL/SCTRL/UCNT/cnt_reg[5]/C is not reached by a timing clock
Related violations: <none>

TIMING-17#7 Critical Warning
Non-clocked sequential cell  
The clock pin UACTRL/SCTRL/UCNT/cnt_reg[6]/C is not reached by a timing clock
Related violations: <none>

TIMING-17#8 Critical Warning
Non-clocked sequential cell  
The clock pin UACTRL/SCTRL/UCNT/cnt_reg[7]/C is not reached by a timing clock
Related violations: <none>

TIMING-17#9 Critical Warning
Non-clocked sequential cell  
The clock pin UACTRL/SCTRL/UCNT/cnt_reg[8]/C is not reached by a timing clock
Related violations: <none>

TIMING-17#10 Critical Warning
Non-clocked sequential cell  
The clock pin UACTRL/SCTRL/UCNT/cnt_reg[9]/C is not reached by a timing clock
Related violations: <none>

TIMING-17#11 Critical Warning
Non-clocked sequential cell  
The clock pin UACTRL/SCTRL/UCNT/cnt_reg_rep[0]/C is not reached by a timing clock
Related violations: <none>

TIMING-17#12 Critical Warning
Non-clocked sequential cell  
The clock pin UACTRL/SCTRL/UCNT/cnt_reg_rep[0]__0/C is not reached by a timing clock
Related violations: <none>

TIMING-17#13 Critical Warning
Non-clocked sequential cell  
The clock pin UACTRL/SCTRL/UCNT/cnt_reg_rep[1]/C is not reached by a timing clock
Related violations: <none>

TIMING-17#14 Critical Warning
Non-clocked sequential cell  
The clock pin UACTRL/SCTRL/UCNT/cnt_reg_rep[1]__0/C is not reached by a timing clock
Related violations: <none>

TIMING-17#15 Critical Warning
Non-clocked sequential cell  
The clock pin UACTRL/SCTRL/UCNT/cnt_reg_rep[2]/C is not reached by a timing clock
Related violations: <none>

TIMING-17#16 Critical Warning
Non-clocked sequential cell  
The clock pin UACTRL/SCTRL/UCNT/cnt_reg_rep[2]__0/C is not reached by a timing clock
Related violations: <none>

TIMING-17#17 Critical Warning
Non-clocked sequential cell  
The clock pin UACTRL/SCTRL/UCNT/cnt_reg_rep[3]/C is not reached by a timing clock
Related violations: <none>

TIMING-17#18 Critical Warning
Non-clocked sequential cell  
The clock pin UACTRL/SCTRL/UCNT/cnt_reg_rep[3]__0/C is not reached by a timing clock
Related violations: <none>

TIMING-17#19 Critical Warning
Non-clocked sequential cell  
The clock pin UACTRL/SCTRL/UCNT/cnt_reg_rep[4]/C is not reached by a timing clock
Related violations: <none>

TIMING-17#20 Critical Warning
Non-clocked sequential cell  
The clock pin UACTRL/SCTRL/UCNT/cnt_reg_rep[4]__0/C is not reached by a timing clock
Related violations: <none>

TIMING-17#21 Critical Warning
Non-clocked sequential cell  
The clock pin UACTRL/SCTRL/UCNT/cnt_reg_rep[5]/C is not reached by a timing clock
Related violations: <none>

TIMING-17#22 Critical Warning
Non-clocked sequential cell  
The clock pin UACTRL/SCTRL/UCNT/cnt_reg_rep[5]__0/C is not reached by a timing clock
Related violations: <none>

TIMING-17#23 Critical Warning
Non-clocked sequential cell  
The clock pin UACTRL/SCTRL/UCNT/cnt_reg_rep[6]/C is not reached by a timing clock
Related violations: <none>

TIMING-17#24 Critical Warning
Non-clocked sequential cell  
The clock pin UACTRL/SCTRL/UCNT/cnt_reg_rep[6]__0/C is not reached by a timing clock
Related violations: <none>

TIMING-17#25 Critical Warning
Non-clocked sequential cell  
The clock pin UACTRL/SCTRL/UCNT/cnt_reg_rep[7]/C is not reached by a timing clock
Related violations: <none>

TIMING-17#26 Critical Warning
Non-clocked sequential cell  
The clock pin UACTRL/SCTRL/UCNT/cnt_reg_rep[7]__0/C is not reached by a timing clock
Related violations: <none>

TIMING-17#27 Critical Warning
Non-clocked sequential cell  
The clock pin UACTRL/SCTRL/UCNT/cnt_reg_rep[8]/C is not reached by a timing clock
Related violations: <none>

TIMING-17#28 Critical Warning
Non-clocked sequential cell  
The clock pin UACTRL/SCTRL/UCNT/cnt_reg_rep[8]__0/C is not reached by a timing clock
Related violations: <none>

TIMING-17#29 Critical Warning
Non-clocked sequential cell  
The clock pin UACTRL/U1/audio_right_reg[12]/C is not reached by a timing clock
Related violations: <none>

TIMING-17#30 Critical Warning
Non-clocked sequential cell  
The clock pin UACTRL/U1/audio_right_reg[15]/C is not reached by a timing clock
Related violations: <none>

TIMING-17#31 Critical Warning
Non-clocked sequential cell  
The clock pin UACTRL/U1/audio_right_reg[1]/C is not reached by a timing clock
Related violations: <none>

TIMING-17#32 Critical Warning
Non-clocked sequential cell  
The clock pin UDISP/UDisp/d_out_reg[0]/C is not reached by a timing clock
Related violations: <none>

TIMING-17#33 Critical Warning
Non-clocked sequential cell  
The clock pin UDISP/UDisp/d_out_reg[1]/C is not reached by a timing clock
Related violations: <none>

TIMING-17#34 Critical Warning
Non-clocked sequential cell  
The clock pin UDISP/UDisp/d_out_reg[2]/C is not reached by a timing clock
Related violations: <none>

TIMING-17#35 Critical Warning
Non-clocked sequential cell  
The clock pin UDISP/UDisp/d_out_reg[3]/C is not reached by a timing clock
Related violations: <none>

TIMING-17#36 Critical Warning
Non-clocked sequential cell  
The clock pin UDISP/UDisp/d_out_reg[4]/C is not reached by a timing clock
Related violations: <none>

TIMING-17#37 Critical Warning
Non-clocked sequential cell  
The clock pin UDISP/UDisp/d_out_reg[5]/C is not reached by a timing clock
Related violations: <none>

TIMING-17#38 Critical Warning
Non-clocked sequential cell  
The clock pin UDISP/UDisp/d_out_reg[6]/C is not reached by a timing clock
Related violations: <none>

TIMING-17#39 Critical Warning
Non-clocked sequential cell  
The clock pin UDISP/UDisp/d_out_reg[7]/C is not reached by a timing clock
Related violations: <none>

TIMING-17#40 Critical Warning
Non-clocked sequential cell  
The clock pin UDISP/UDisp/d_sel_reg[0]/C is not reached by a timing clock
Related violations: <none>

TIMING-17#41 Critical Warning
Non-clocked sequential cell  
The clock pin UDISP/UDisp/d_sel_reg[1]/C is not reached by a timing clock
Related violations: <none>

TIMING-17#42 Critical Warning
Non-clocked sequential cell  
The clock pin UDISP/UDisp/d_sel_reg[2]/C is not reached by a timing clock
Related violations: <none>

TIMING-17#43 Critical Warning
Non-clocked sequential cell  
The clock pin UDISP/UDisp/d_sel_reg[3]/C is not reached by a timing clock
Related violations: <none>

TIMING-17#44 Critical Warning
Non-clocked sequential cell  
The clock pin UGAME/UBG/UMEMGEN/position_reg[0]/C is not reached by a timing clock
Related violations: <none>

TIMING-17#45 Critical Warning
Non-clocked sequential cell  
The clock pin UGAME/UBG/UMEMGEN/position_reg[1]/C is not reached by a timing clock
Related violations: <none>

TIMING-17#46 Critical Warning
Non-clocked sequential cell  
The clock pin UGAME/UBG/UMEMGEN/position_reg[2]/C is not reached by a timing clock
Related violations: <none>

TIMING-17#47 Critical Warning
Non-clocked sequential cell  
The clock pin UGAME/UBG/UMEMGEN/position_reg[3]/C is not reached by a timing clock
Related violations: <none>

TIMING-17#48 Critical Warning
Non-clocked sequential cell  
The clock pin UGAME/UBG/UMEMGEN/position_reg[4]/C is not reached by a timing clock
Related violations: <none>

TIMING-17#49 Critical Warning
Non-clocked sequential cell  
The clock pin UGAME/UBG/UMEMGEN/position_reg[5]/C is not reached by a timing clock
Related violations: <none>

TIMING-17#50 Critical Warning
Non-clocked sequential cell  
The clock pin UGAME/UBG/UMEMGEN/position_reg[6]/C is not reached by a timing clock
Related violations: <none>

TIMING-17#51 Critical Warning
Non-clocked sequential cell  
The clock pin UGAME/UBG/UMEMGEN/position_reg[7]/C is not reached by a timing clock
Related violations: <none>

TIMING-17#52 Critical Warning
Non-clocked sequential cell  
The clock pin UGAME/UBG/UMEMGEN/position_reg[8]/C is not reached by a timing clock
Related violations: <none>

TIMING-17#53 Critical Warning
Non-clocked sequential cell  
The clock pin UGAME/UBIRD/UBIRDCTRL/drop_count_reg[0]/C is not reached by a timing clock
Related violations: <none>

TIMING-17#54 Critical Warning
Non-clocked sequential cell  
The clock pin UGAME/UBIRD/UBIRDCTRL/drop_count_reg[10]/C is not reached by a timing clock
Related violations: <none>

TIMING-17#55 Critical Warning
Non-clocked sequential cell  
The clock pin UGAME/UBIRD/UBIRDCTRL/drop_count_reg[1]/C is not reached by a timing clock
Related violations: <none>

TIMING-17#56 Critical Warning
Non-clocked sequential cell  
The clock pin UGAME/UBIRD/UBIRDCTRL/drop_count_reg[2]/C is not reached by a timing clock
Related violations: <none>

TIMING-17#57 Critical Warning
Non-clocked sequential cell  
The clock pin UGAME/UBIRD/UBIRDCTRL/drop_count_reg[3]/C is not reached by a timing clock
Related violations: <none>

TIMING-17#58 Critical Warning
Non-clocked sequential cell  
The clock pin UGAME/UBIRD/UBIRDCTRL/drop_count_reg[4]/C is not reached by a timing clock
Related violations: <none>

TIMING-17#59 Critical Warning
Non-clocked sequential cell  
The clock pin UGAME/UBIRD/UBIRDCTRL/drop_count_reg[5]/C is not reached by a timing clock
Related violations: <none>

TIMING-17#60 Critical Warning
Non-clocked sequential cell  
The clock pin UGAME/UBIRD/UBIRDCTRL/drop_count_reg[6]/C is not reached by a timing clock
Related violations: <none>

TIMING-17#61 Critical Warning
Non-clocked sequential cell  
The clock pin UGAME/UBIRD/UBIRDCTRL/drop_count_reg[7]/C is not reached by a timing clock
Related violations: <none>

TIMING-17#62 Critical Warning
Non-clocked sequential cell  
The clock pin UGAME/UBIRD/UBIRDCTRL/drop_count_reg[8]/C is not reached by a timing clock
Related violations: <none>

TIMING-17#63 Critical Warning
Non-clocked sequential cell  
The clock pin UGAME/UBIRD/UBIRDCTRL/drop_count_reg[9]/C is not reached by a timing clock
Related violations: <none>

TIMING-17#64 Critical Warning
Non-clocked sequential cell  
The clock pin UGAME/UBIRD/UBIRDCTRL/is_clicked_reg/C is not reached by a timing clock
Related violations: <none>

TIMING-17#65 Critical Warning
Non-clocked sequential cell  
The clock pin UGAME/UBIRD/UBIRDCTRL/pos_v_cnt_reg[0]/C is not reached by a timing clock
Related violations: <none>

TIMING-17#66 Critical Warning
Non-clocked sequential cell  
The clock pin UGAME/UBIRD/UBIRDCTRL/pos_v_cnt_reg[1]/C is not reached by a timing clock
Related violations: <none>

TIMING-17#67 Critical Warning
Non-clocked sequential cell  
The clock pin UGAME/UBIRD/UBIRDCTRL/pos_v_cnt_reg[2]/C is not reached by a timing clock
Related violations: <none>

TIMING-17#68 Critical Warning
Non-clocked sequential cell  
The clock pin UGAME/UBIRD/UBIRDCTRL/pos_v_cnt_reg[3]/C is not reached by a timing clock
Related violations: <none>

TIMING-17#69 Critical Warning
Non-clocked sequential cell  
The clock pin UGAME/UBIRD/UBIRDCTRL/pos_v_cnt_reg[4]/C is not reached by a timing clock
Related violations: <none>

TIMING-17#70 Critical Warning
Non-clocked sequential cell  
The clock pin UGAME/UBIRD/UBIRDCTRL/pos_v_cnt_reg[5]/C is not reached by a timing clock
Related violations: <none>

TIMING-17#71 Critical Warning
Non-clocked sequential cell  
The clock pin UGAME/UBIRD/UBIRDCTRL/pos_v_cnt_reg[6]/C is not reached by a timing clock
Related violations: <none>

TIMING-17#72 Critical Warning
Non-clocked sequential cell  
The clock pin UGAME/UBIRD/UBIRDCTRL/pos_v_cnt_reg[7]/C is not reached by a timing clock
Related violations: <none>

TIMING-17#73 Critical Warning
Non-clocked sequential cell  
The clock pin UGAME/UBIRD/UBIRDCTRL/pos_v_cnt_reg[8]/C is not reached by a timing clock
Related violations: <none>

TIMING-17#74 Critical Warning
Non-clocked sequential cell  
The clock pin UGAME/UBIRD/UBIRDCTRL/pos_v_cnt_reg[9]/C is not reached by a timing clock
Related violations: <none>

TIMING-17#75 Critical Warning
Non-clocked sequential cell  
The clock pin UGAME/UBIRD/UMEMGEN/phase_reg[3]__0/C is not reached by a timing clock
Related violations: <none>

TIMING-17#76 Critical Warning
Non-clocked sequential cell  
The clock pin UGAME/UBIRD/UMEMGEN/phase_reg[4]__0/C is not reached by a timing clock
Related violations: <none>

TIMING-17#77 Critical Warning
Non-clocked sequential cell  
The clock pin UGAME/UCTRL/score_reg[0]/C is not reached by a timing clock
Related violations: <none>

TIMING-17#78 Critical Warning
Non-clocked sequential cell  
The clock pin UGAME/UCTRL/score_reg[10]/C is not reached by a timing clock
Related violations: <none>

TIMING-17#79 Critical Warning
Non-clocked sequential cell  
The clock pin UGAME/UCTRL/score_reg[11]/C is not reached by a timing clock
Related violations: <none>

TIMING-17#80 Critical Warning
Non-clocked sequential cell  
The clock pin UGAME/UCTRL/score_reg[12]/C is not reached by a timing clock
Related violations: <none>

TIMING-17#81 Critical Warning
Non-clocked sequential cell  
The clock pin UGAME/UCTRL/score_reg[13]/C is not reached by a timing clock
Related violations: <none>

TIMING-17#82 Critical Warning
Non-clocked sequential cell  
The clock pin UGAME/UCTRL/score_reg[1]/C is not reached by a timing clock
Related violations: <none>

TIMING-17#83 Critical Warning
Non-clocked sequential cell  
The clock pin UGAME/UCTRL/score_reg[2]/C is not reached by a timing clock
Related violations: <none>

TIMING-17#84 Critical Warning
Non-clocked sequential cell  
The clock pin UGAME/UCTRL/score_reg[3]/C is not reached by a timing clock
Related violations: <none>

TIMING-17#85 Critical Warning
Non-clocked sequential cell  
The clock pin UGAME/UCTRL/score_reg[4]/C is not reached by a timing clock
Related violations: <none>

TIMING-17#86 Critical Warning
Non-clocked sequential cell  
The clock pin UGAME/UCTRL/score_reg[5]/C is not reached by a timing clock
Related violations: <none>

TIMING-17#87 Critical Warning
Non-clocked sequential cell  
The clock pin UGAME/UCTRL/score_reg[6]/C is not reached by a timing clock
Related violations: <none>

TIMING-17#88 Critical Warning
Non-clocked sequential cell  
The clock pin UGAME/UCTRL/score_reg[7]/C is not reached by a timing clock
Related violations: <none>

TIMING-17#89 Critical Warning
Non-clocked sequential cell  
The clock pin UGAME/UCTRL/score_reg[8]/C is not reached by a timing clock
Related violations: <none>

TIMING-17#90 Critical Warning
Non-clocked sequential cell  
The clock pin UGAME/UCTRL/score_reg[9]/C is not reached by a timing clock
Related violations: <none>

TIMING-17#91 Critical Warning
Non-clocked sequential cell  
The clock pin UGAME/UPIPE/UMEMGEN/is_pass_first_pipe_reg/C is not reached by a timing clock
Related violations: <none>

TIMING-17#92 Critical Warning
Non-clocked sequential cell  
The clock pin UGAME/UPIPE/UMEMGEN/pipe_gaps_reg[0][2]/C is not reached by a timing clock
Related violations: <none>

TIMING-17#93 Critical Warning
Non-clocked sequential cell  
The clock pin UGAME/UPIPE/UMEMGEN/pipe_gaps_reg[0][4]/C is not reached by a timing clock
Related violations: <none>

TIMING-17#94 Critical Warning
Non-clocked sequential cell  
The clock pin UGAME/UPIPE/UMEMGEN/pipe_gaps_reg[1][2]/C is not reached by a timing clock
Related violations: <none>

TIMING-17#95 Critical Warning
Non-clocked sequential cell  
The clock pin UGAME/UPIPE/UMEMGEN/pipe_gaps_reg[1][4]/C is not reached by a timing clock
Related violations: <none>

TIMING-17#96 Critical Warning
Non-clocked sequential cell  
The clock pin UGAME/UPIPE/UMEMGEN/pipe_gaps_reg[2][2]/C is not reached by a timing clock
Related violations: <none>

TIMING-17#97 Critical Warning
Non-clocked sequential cell  
The clock pin UGAME/UPIPE/UMEMGEN/pipe_gaps_reg[2][4]/C is not reached by a timing clock
Related violations: <none>

TIMING-17#98 Critical Warning
Non-clocked sequential cell  
The clock pin UGAME/UPIPE/UMEMGEN/pipe_gaps_reg[3][2]/C is not reached by a timing clock
Related violations: <none>

TIMING-17#99 Critical Warning
Non-clocked sequential cell  
The clock pin UGAME/UPIPE/UMEMGEN/pipe_gaps_reg[3][4]/C is not reached by a timing clock
Related violations: <none>

TIMING-17#100 Critical Warning
Non-clocked sequential cell  
The clock pin UGAME/UPIPE/UMEMGEN/pipe_gaps_reg[4][2]/C is not reached by a timing clock
Related violations: <none>

TIMING-17#101 Critical Warning
Non-clocked sequential cell  
The clock pin UGAME/UPIPE/UMEMGEN/pipe_gaps_reg[4][4]/C is not reached by a timing clock
Related violations: <none>

TIMING-17#102 Critical Warning
Non-clocked sequential cell  
The clock pin UGAME/UPIPE/UMEMGEN/pipe_gaps_reg[5][2]/C is not reached by a timing clock
Related violations: <none>

TIMING-17#103 Critical Warning
Non-clocked sequential cell  
The clock pin UGAME/UPIPE/UMEMGEN/pipe_gaps_reg[5][4]/C is not reached by a timing clock
Related violations: <none>

TIMING-17#104 Critical Warning
Non-clocked sequential cell  
The clock pin UGAME/UPIPE/UMEMGEN/pipe_lens_reg[0][2]/C is not reached by a timing clock
Related violations: <none>

TIMING-17#105 Critical Warning
Non-clocked sequential cell  
The clock pin UGAME/UPIPE/UMEMGEN/pipe_lens_reg[0][3]/C is not reached by a timing clock
Related violations: <none>

TIMING-17#106 Critical Warning
Non-clocked sequential cell  
The clock pin UGAME/UPIPE/UMEMGEN/pipe_lens_reg[0][4]/C is not reached by a timing clock
Related violations: <none>

TIMING-17#107 Critical Warning
Non-clocked sequential cell  
The clock pin UGAME/UPIPE/UMEMGEN/pipe_lens_reg[0][5]/C is not reached by a timing clock
Related violations: <none>

TIMING-17#108 Critical Warning
Non-clocked sequential cell  
The clock pin UGAME/UPIPE/UMEMGEN/pipe_lens_reg[0][6]/C is not reached by a timing clock
Related violations: <none>

TIMING-17#109 Critical Warning
Non-clocked sequential cell  
The clock pin UGAME/UPIPE/UMEMGEN/pipe_lens_reg[0][7]/C is not reached by a timing clock
Related violations: <none>

TIMING-17#110 Critical Warning
Non-clocked sequential cell  
The clock pin UGAME/UPIPE/UMEMGEN/pipe_lens_reg[1][2]/C is not reached by a timing clock
Related violations: <none>

TIMING-17#111 Critical Warning
Non-clocked sequential cell  
The clock pin UGAME/UPIPE/UMEMGEN/pipe_lens_reg[1][3]/C is not reached by a timing clock
Related violations: <none>

TIMING-17#112 Critical Warning
Non-clocked sequential cell  
The clock pin UGAME/UPIPE/UMEMGEN/pipe_lens_reg[1][4]/C is not reached by a timing clock
Related violations: <none>

TIMING-17#113 Critical Warning
Non-clocked sequential cell  
The clock pin UGAME/UPIPE/UMEMGEN/pipe_lens_reg[1][5]/C is not reached by a timing clock
Related violations: <none>

TIMING-17#114 Critical Warning
Non-clocked sequential cell  
The clock pin UGAME/UPIPE/UMEMGEN/pipe_lens_reg[1][6]/C is not reached by a timing clock
Related violations: <none>

TIMING-17#115 Critical Warning
Non-clocked sequential cell  
The clock pin UGAME/UPIPE/UMEMGEN/pipe_lens_reg[1][7]/C is not reached by a timing clock
Related violations: <none>

TIMING-17#116 Critical Warning
Non-clocked sequential cell  
The clock pin UGAME/UPIPE/UMEMGEN/pipe_lens_reg[2][2]/C is not reached by a timing clock
Related violations: <none>

TIMING-17#117 Critical Warning
Non-clocked sequential cell  
The clock pin UGAME/UPIPE/UMEMGEN/pipe_lens_reg[2][3]/C is not reached by a timing clock
Related violations: <none>

TIMING-17#118 Critical Warning
Non-clocked sequential cell  
The clock pin UGAME/UPIPE/UMEMGEN/pipe_lens_reg[2][4]/C is not reached by a timing clock
Related violations: <none>

TIMING-17#119 Critical Warning
Non-clocked sequential cell  
The clock pin UGAME/UPIPE/UMEMGEN/pipe_lens_reg[2][5]/C is not reached by a timing clock
Related violations: <none>

TIMING-17#120 Critical Warning
Non-clocked sequential cell  
The clock pin UGAME/UPIPE/UMEMGEN/pipe_lens_reg[2][6]/C is not reached by a timing clock
Related violations: <none>

TIMING-17#121 Critical Warning
Non-clocked sequential cell  
The clock pin UGAME/UPIPE/UMEMGEN/pipe_lens_reg[2][7]/C is not reached by a timing clock
Related violations: <none>

TIMING-17#122 Critical Warning
Non-clocked sequential cell  
The clock pin UGAME/UPIPE/UMEMGEN/pipe_lens_reg[3][2]/C is not reached by a timing clock
Related violations: <none>

TIMING-17#123 Critical Warning
Non-clocked sequential cell  
The clock pin UGAME/UPIPE/UMEMGEN/pipe_lens_reg[3][3]/C is not reached by a timing clock
Related violations: <none>

TIMING-17#124 Critical Warning
Non-clocked sequential cell  
The clock pin UGAME/UPIPE/UMEMGEN/pipe_lens_reg[3][4]/C is not reached by a timing clock
Related violations: <none>

TIMING-17#125 Critical Warning
Non-clocked sequential cell  
The clock pin UGAME/UPIPE/UMEMGEN/pipe_lens_reg[3][5]/C is not reached by a timing clock
Related violations: <none>

TIMING-17#126 Critical Warning
Non-clocked sequential cell  
The clock pin UGAME/UPIPE/UMEMGEN/pipe_lens_reg[3][6]/C is not reached by a timing clock
Related violations: <none>

TIMING-17#127 Critical Warning
Non-clocked sequential cell  
The clock pin UGAME/UPIPE/UMEMGEN/pipe_lens_reg[3][7]/C is not reached by a timing clock
Related violations: <none>

TIMING-17#128 Critical Warning
Non-clocked sequential cell  
The clock pin UGAME/UPIPE/UMEMGEN/pipe_lens_reg[4][2]/C is not reached by a timing clock
Related violations: <none>

TIMING-17#129 Critical Warning
Non-clocked sequential cell  
The clock pin UGAME/UPIPE/UMEMGEN/pipe_lens_reg[4][3]/C is not reached by a timing clock
Related violations: <none>

TIMING-17#130 Critical Warning
Non-clocked sequential cell  
The clock pin UGAME/UPIPE/UMEMGEN/pipe_lens_reg[4][4]/C is not reached by a timing clock
Related violations: <none>

TIMING-17#131 Critical Warning
Non-clocked sequential cell  
The clock pin UGAME/UPIPE/UMEMGEN/pipe_lens_reg[4][5]/C is not reached by a timing clock
Related violations: <none>

TIMING-17#132 Critical Warning
Non-clocked sequential cell  
The clock pin UGAME/UPIPE/UMEMGEN/pipe_lens_reg[4][6]/C is not reached by a timing clock
Related violations: <none>

TIMING-17#133 Critical Warning
Non-clocked sequential cell  
The clock pin UGAME/UPIPE/UMEMGEN/pipe_lens_reg[4][7]/C is not reached by a timing clock
Related violations: <none>

TIMING-17#134 Critical Warning
Non-clocked sequential cell  
The clock pin UGAME/UPIPE/UMEMGEN/pipe_lens_reg[5][2]/C is not reached by a timing clock
Related violations: <none>

TIMING-17#135 Critical Warning
Non-clocked sequential cell  
The clock pin UGAME/UPIPE/UMEMGEN/pipe_lens_reg[5][3]/C is not reached by a timing clock
Related violations: <none>

TIMING-17#136 Critical Warning
Non-clocked sequential cell  
The clock pin UGAME/UPIPE/UMEMGEN/pipe_lens_reg[5][4]/C is not reached by a timing clock
Related violations: <none>

TIMING-17#137 Critical Warning
Non-clocked sequential cell  
The clock pin UGAME/UPIPE/UMEMGEN/pipe_lens_reg[5][5]/C is not reached by a timing clock
Related violations: <none>

TIMING-17#138 Critical Warning
Non-clocked sequential cell  
The clock pin UGAME/UPIPE/UMEMGEN/pipe_lens_reg[5][6]/C is not reached by a timing clock
Related violations: <none>

TIMING-17#139 Critical Warning
Non-clocked sequential cell  
The clock pin UGAME/UPIPE/UMEMGEN/pipe_lens_reg[5][7]/C is not reached by a timing clock
Related violations: <none>

TIMING-17#140 Critical Warning
Non-clocked sequential cell  
The clock pin UGAME/UPIPE/UMEMGEN/pos_reg[0]/C is not reached by a timing clock
Related violations: <none>

TIMING-17#141 Critical Warning
Non-clocked sequential cell  
The clock pin UGAME/UPIPE/UMEMGEN/pos_reg[1]/C is not reached by a timing clock
Related violations: <none>

TIMING-17#142 Critical Warning
Non-clocked sequential cell  
The clock pin UGAME/UPIPE/UMEMGEN/pos_reg[2]/C is not reached by a timing clock
Related violations: <none>

TIMING-17#143 Critical Warning
Non-clocked sequential cell  
The clock pin UGAME/UPIPE/UMEMGEN/pos_reg[3]/C is not reached by a timing clock
Related violations: <none>

TIMING-17#144 Critical Warning
Non-clocked sequential cell  
The clock pin UGAME/UPIPE/UMEMGEN/pos_reg[4]/C is not reached by a timing clock
Related violations: <none>

TIMING-17#145 Critical Warning
Non-clocked sequential cell  
The clock pin UGAME/UPIPE/UMEMGEN/pos_reg[5]/C is not reached by a timing clock
Related violations: <none>

TIMING-17#146 Critical Warning
Non-clocked sequential cell  
The clock pin UGAME/UPIPE/UMEMGEN/pos_reg[6]/C is not reached by a timing clock
Related violations: <none>

TIMING-17#147 Critical Warning
Non-clocked sequential cell  
The clock pin vga_inst/hsync_i_reg/C is not reached by a timing clock
Related violations: <none>

TIMING-17#148 Critical Warning
Non-clocked sequential cell  
The clock pin vga_inst/line_cnt_reg[0]/C is not reached by a timing clock
Related violations: <none>

TIMING-17#149 Critical Warning
Non-clocked sequential cell  
The clock pin vga_inst/line_cnt_reg[1]/C is not reached by a timing clock
Related violations: <none>

TIMING-17#150 Critical Warning
Non-clocked sequential cell  
The clock pin vga_inst/line_cnt_reg[2]/C is not reached by a timing clock
Related violations: <none>

TIMING-17#151 Critical Warning
Non-clocked sequential cell  
The clock pin vga_inst/line_cnt_reg[3]/C is not reached by a timing clock
Related violations: <none>

TIMING-17#152 Critical Warning
Non-clocked sequential cell  
The clock pin vga_inst/line_cnt_reg[4]/C is not reached by a timing clock
Related violations: <none>

TIMING-17#153 Critical Warning
Non-clocked sequential cell  
The clock pin vga_inst/line_cnt_reg[5]/C is not reached by a timing clock
Related violations: <none>

TIMING-17#154 Critical Warning
Non-clocked sequential cell  
The clock pin vga_inst/line_cnt_reg[6]/C is not reached by a timing clock
Related violations: <none>

TIMING-17#155 Critical Warning
Non-clocked sequential cell  
The clock pin vga_inst/line_cnt_reg[7]/C is not reached by a timing clock
Related violations: <none>

TIMING-17#156 Critical Warning
Non-clocked sequential cell  
The clock pin vga_inst/line_cnt_reg[8]/C is not reached by a timing clock
Related violations: <none>

TIMING-17#157 Critical Warning
Non-clocked sequential cell  
The clock pin vga_inst/line_cnt_reg[9]/C is not reached by a timing clock
Related violations: <none>

TIMING-17#158 Critical Warning
Non-clocked sequential cell  
The clock pin vga_inst/pixel_cnt_reg[0]/C is not reached by a timing clock
Related violations: <none>

TIMING-17#159 Critical Warning
Non-clocked sequential cell  
The clock pin vga_inst/pixel_cnt_reg[1]/C is not reached by a timing clock
Related violations: <none>

TIMING-17#160 Critical Warning
Non-clocked sequential cell  
The clock pin vga_inst/pixel_cnt_reg[2]/C is not reached by a timing clock
Related violations: <none>

TIMING-17#161 Critical Warning
Non-clocked sequential cell  
The clock pin vga_inst/pixel_cnt_reg[3]/C is not reached by a timing clock
Related violations: <none>

TIMING-17#162 Critical Warning
Non-clocked sequential cell  
The clock pin vga_inst/pixel_cnt_reg[4]/C is not reached by a timing clock
Related violations: <none>

TIMING-17#163 Critical Warning
Non-clocked sequential cell  
The clock pin vga_inst/pixel_cnt_reg[5]/C is not reached by a timing clock
Related violations: <none>

TIMING-17#164 Critical Warning
Non-clocked sequential cell  
The clock pin vga_inst/pixel_cnt_reg[6]/C is not reached by a timing clock
Related violations: <none>

TIMING-17#165 Critical Warning
Non-clocked sequential cell  
The clock pin vga_inst/pixel_cnt_reg[7]/C is not reached by a timing clock
Related violations: <none>

TIMING-17#166 Critical Warning
Non-clocked sequential cell  
The clock pin vga_inst/pixel_cnt_reg[8]/C is not reached by a timing clock
Related violations: <none>

TIMING-17#167 Critical Warning
Non-clocked sequential cell  
The clock pin vga_inst/pixel_cnt_reg[9]/C is not reached by a timing clock
Related violations: <none>

TIMING-17#168 Critical Warning
Non-clocked sequential cell  
The clock pin vga_inst/pixel_cnt_reg[9]_rep/C is not reached by a timing clock
Related violations: <none>

TIMING-17#169 Critical Warning
Non-clocked sequential cell  
The clock pin vga_inst/pixel_cnt_reg[9]_rep__0/C is not reached by a timing clock
Related violations: <none>

TIMING-17#170 Critical Warning
Non-clocked sequential cell  
The clock pin vga_inst/vsync_i_reg/C is not reached by a timing clock
Related violations: <none>

DPIR-1#1 Warning
Asynchronous driver check  
DSP UGAME/UBIRD/UBIRDCTRL/pos_v_cnt_next2 input pin UGAME/UBIRD/UBIRDCTRL/pos_v_cnt_next2/A[0] is connected to registers with an asynchronous reset. This is preventing the possibility of merging these registers in to the DSP Block since the DSP block registers only possess synchronous reset capability.  It is suggested to recode or change these registers to remove the reset or use a synchronous reset to get the best optimization for performance, power and area.
Related violations: <none>

DPIR-1#2 Warning
Asynchronous driver check  
DSP UGAME/UBIRD/UBIRDCTRL/pos_v_cnt_next2 input pin UGAME/UBIRD/UBIRDCTRL/pos_v_cnt_next2/A[10] is connected to registers with an asynchronous reset. This is preventing the possibility of merging these registers in to the DSP Block since the DSP block registers only possess synchronous reset capability.  It is suggested to recode or change these registers to remove the reset or use a synchronous reset to get the best optimization for performance, power and area.
Related violations: <none>

DPIR-1#3 Warning
Asynchronous driver check  
DSP UGAME/UBIRD/UBIRDCTRL/pos_v_cnt_next2 input pin UGAME/UBIRD/UBIRDCTRL/pos_v_cnt_next2/A[1] is connected to registers with an asynchronous reset. This is preventing the possibility of merging these registers in to the DSP Block since the DSP block registers only possess synchronous reset capability.  It is suggested to recode or change these registers to remove the reset or use a synchronous reset to get the best optimization for performance, power and area.
Related violations: <none>

DPIR-1#4 Warning
Asynchronous driver check  
DSP UGAME/UBIRD/UBIRDCTRL/pos_v_cnt_next2 input pin UGAME/UBIRD/UBIRDCTRL/pos_v_cnt_next2/A[2] is connected to registers with an asynchronous reset. This is preventing the possibility of merging these registers in to the DSP Block since the DSP block registers only possess synchronous reset capability.  It is suggested to recode or change these registers to remove the reset or use a synchronous reset to get the best optimization for performance, power and area.
Related violations: <none>

DPIR-1#5 Warning
Asynchronous driver check  
DSP UGAME/UBIRD/UBIRDCTRL/pos_v_cnt_next2 input pin UGAME/UBIRD/UBIRDCTRL/pos_v_cnt_next2/A[3] is connected to registers with an asynchronous reset. This is preventing the possibility of merging these registers in to the DSP Block since the DSP block registers only possess synchronous reset capability.  It is suggested to recode or change these registers to remove the reset or use a synchronous reset to get the best optimization for performance, power and area.
Related violations: <none>

DPIR-1#6 Warning
Asynchronous driver check  
DSP UGAME/UBIRD/UBIRDCTRL/pos_v_cnt_next2 input pin UGAME/UBIRD/UBIRDCTRL/pos_v_cnt_next2/A[4] is connected to registers with an asynchronous reset. This is preventing the possibility of merging these registers in to the DSP Block since the DSP block registers only possess synchronous reset capability.  It is suggested to recode or change these registers to remove the reset or use a synchronous reset to get the best optimization for performance, power and area.
Related violations: <none>

DPIR-1#7 Warning
Asynchronous driver check  
DSP UGAME/UBIRD/UBIRDCTRL/pos_v_cnt_next2 input pin UGAME/UBIRD/UBIRDCTRL/pos_v_cnt_next2/A[5] is connected to registers with an asynchronous reset. This is preventing the possibility of merging these registers in to the DSP Block since the DSP block registers only possess synchronous reset capability.  It is suggested to recode or change these registers to remove the reset or use a synchronous reset to get the best optimization for performance, power and area.
Related violations: <none>

DPIR-1#8 Warning
Asynchronous driver check  
DSP UGAME/UBIRD/UBIRDCTRL/pos_v_cnt_next2 input pin UGAME/UBIRD/UBIRDCTRL/pos_v_cnt_next2/A[6] is connected to registers with an asynchronous reset. This is preventing the possibility of merging these registers in to the DSP Block since the DSP block registers only possess synchronous reset capability.  It is suggested to recode or change these registers to remove the reset or use a synchronous reset to get the best optimization for performance, power and area.
Related violations: <none>

DPIR-1#9 Warning
Asynchronous driver check  
DSP UGAME/UBIRD/UBIRDCTRL/pos_v_cnt_next2 input pin UGAME/UBIRD/UBIRDCTRL/pos_v_cnt_next2/A[7] is connected to registers with an asynchronous reset. This is preventing the possibility of merging these registers in to the DSP Block since the DSP block registers only possess synchronous reset capability.  It is suggested to recode or change these registers to remove the reset or use a synchronous reset to get the best optimization for performance, power and area.
Related violations: <none>

DPIR-1#10 Warning
Asynchronous driver check  
DSP UGAME/UBIRD/UBIRDCTRL/pos_v_cnt_next2 input pin UGAME/UBIRD/UBIRDCTRL/pos_v_cnt_next2/A[8] is connected to registers with an asynchronous reset. This is preventing the possibility of merging these registers in to the DSP Block since the DSP block registers only possess synchronous reset capability.  It is suggested to recode or change these registers to remove the reset or use a synchronous reset to get the best optimization for performance, power and area.
Related violations: <none>

DPIR-1#11 Warning
Asynchronous driver check  
DSP UGAME/UBIRD/UBIRDCTRL/pos_v_cnt_next2 input pin UGAME/UBIRD/UBIRDCTRL/pos_v_cnt_next2/A[9] is connected to registers with an asynchronous reset. This is preventing the possibility of merging these registers in to the DSP Block since the DSP block registers only possess synchronous reset capability.  It is suggested to recode or change these registers to remove the reset or use a synchronous reset to get the best optimization for performance, power and area.
Related violations: <none>

DPIR-1#12 Warning
Asynchronous driver check  
DSP UGAME/UBIRD/UBIRDCTRL/pos_v_cnt_next2 input pin UGAME/UBIRD/UBIRDCTRL/pos_v_cnt_next2/B[0] is connected to registers with an asynchronous reset. This is preventing the possibility of merging these registers in to the DSP Block since the DSP block registers only possess synchronous reset capability.  It is suggested to recode or change these registers to remove the reset or use a synchronous reset to get the best optimization for performance, power and area.
Related violations: <none>

DPIR-1#13 Warning
Asynchronous driver check  
DSP UGAME/UBIRD/UBIRDCTRL/pos_v_cnt_next2 input pin UGAME/UBIRD/UBIRDCTRL/pos_v_cnt_next2/B[10] is connected to registers with an asynchronous reset. This is preventing the possibility of merging these registers in to the DSP Block since the DSP block registers only possess synchronous reset capability.  It is suggested to recode or change these registers to remove the reset or use a synchronous reset to get the best optimization for performance, power and area.
Related violations: <none>

DPIR-1#14 Warning
Asynchronous driver check  
DSP UGAME/UBIRD/UBIRDCTRL/pos_v_cnt_next2 input pin UGAME/UBIRD/UBIRDCTRL/pos_v_cnt_next2/B[1] is connected to registers with an asynchronous reset. This is preventing the possibility of merging these registers in to the DSP Block since the DSP block registers only possess synchronous reset capability.  It is suggested to recode or change these registers to remove the reset or use a synchronous reset to get the best optimization for performance, power and area.
Related violations: <none>

DPIR-1#15 Warning
Asynchronous driver check  
DSP UGAME/UBIRD/UBIRDCTRL/pos_v_cnt_next2 input pin UGAME/UBIRD/UBIRDCTRL/pos_v_cnt_next2/B[2] is connected to registers with an asynchronous reset. This is preventing the possibility of merging these registers in to the DSP Block since the DSP block registers only possess synchronous reset capability.  It is suggested to recode or change these registers to remove the reset or use a synchronous reset to get the best optimization for performance, power and area.
Related violations: <none>

DPIR-1#16 Warning
Asynchronous driver check  
DSP UGAME/UBIRD/UBIRDCTRL/pos_v_cnt_next2 input pin UGAME/UBIRD/UBIRDCTRL/pos_v_cnt_next2/B[3] is connected to registers with an asynchronous reset. This is preventing the possibility of merging these registers in to the DSP Block since the DSP block registers only possess synchronous reset capability.  It is suggested to recode or change these registers to remove the reset or use a synchronous reset to get the best optimization for performance, power and area.
Related violations: <none>

DPIR-1#17 Warning
Asynchronous driver check  
DSP UGAME/UBIRD/UBIRDCTRL/pos_v_cnt_next2 input pin UGAME/UBIRD/UBIRDCTRL/pos_v_cnt_next2/B[4] is connected to registers with an asynchronous reset. This is preventing the possibility of merging these registers in to the DSP Block since the DSP block registers only possess synchronous reset capability.  It is suggested to recode or change these registers to remove the reset or use a synchronous reset to get the best optimization for performance, power and area.
Related violations: <none>

DPIR-1#18 Warning
Asynchronous driver check  
DSP UGAME/UBIRD/UBIRDCTRL/pos_v_cnt_next2 input pin UGAME/UBIRD/UBIRDCTRL/pos_v_cnt_next2/B[5] is connected to registers with an asynchronous reset. This is preventing the possibility of merging these registers in to the DSP Block since the DSP block registers only possess synchronous reset capability.  It is suggested to recode or change these registers to remove the reset or use a synchronous reset to get the best optimization for performance, power and area.
Related violations: <none>

DPIR-1#19 Warning
Asynchronous driver check  
DSP UGAME/UBIRD/UBIRDCTRL/pos_v_cnt_next2 input pin UGAME/UBIRD/UBIRDCTRL/pos_v_cnt_next2/B[6] is connected to registers with an asynchronous reset. This is preventing the possibility of merging these registers in to the DSP Block since the DSP block registers only possess synchronous reset capability.  It is suggested to recode or change these registers to remove the reset or use a synchronous reset to get the best optimization for performance, power and area.
Related violations: <none>

DPIR-1#20 Warning
Asynchronous driver check  
DSP UGAME/UBIRD/UBIRDCTRL/pos_v_cnt_next2 input pin UGAME/UBIRD/UBIRDCTRL/pos_v_cnt_next2/B[7] is connected to registers with an asynchronous reset. This is preventing the possibility of merging these registers in to the DSP Block since the DSP block registers only possess synchronous reset capability.  It is suggested to recode or change these registers to remove the reset or use a synchronous reset to get the best optimization for performance, power and area.
Related violations: <none>

DPIR-1#21 Warning
Asynchronous driver check  
DSP UGAME/UBIRD/UBIRDCTRL/pos_v_cnt_next2 input pin UGAME/UBIRD/UBIRDCTRL/pos_v_cnt_next2/B[8] is connected to registers with an asynchronous reset. This is preventing the possibility of merging these registers in to the DSP Block since the DSP block registers only possess synchronous reset capability.  It is suggested to recode or change these registers to remove the reset or use a synchronous reset to get the best optimization for performance, power and area.
Related violations: <none>

DPIR-1#22 Warning
Asynchronous driver check  
DSP UGAME/UBIRD/UBIRDCTRL/pos_v_cnt_next2 input pin UGAME/UBIRD/UBIRDCTRL/pos_v_cnt_next2/B[9] is connected to registers with an asynchronous reset. This is preventing the possibility of merging these registers in to the DSP Block since the DSP block registers only possess synchronous reset capability.  It is suggested to recode or change these registers to remove the reset or use a synchronous reset to get the best optimization for performance, power and area.
Related violations: <none>

LUTAR-1#1 Warning
LUT drives async reset alert  
LUT cell UGAME/UCTRL/pipe_gaps[5][4]_i_2, with 2 or more inputs, drives asynchronous preset/clear pin(s) UGAME/UBIRD/UBIRDCTRL/drop_count_next_reg[0]/CLR, UGAME/UBIRD/UBIRDCTRL/drop_count_next_reg[10]/CLR, UGAME/UBIRD/UBIRDCTRL/drop_count_next_reg[1]/CLR, UGAME/UBIRD/UBIRDCTRL/drop_count_next_reg[2]/CLR, UGAME/UBIRD/UBIRDCTRL/drop_count_next_reg[3]/CLR, UGAME/UBIRD/UBIRDCTRL/drop_count_next_reg[4]/CLR, UGAME/UBIRD/UBIRDCTRL/drop_count_next_reg[5]/CLR, UGAME/UBIRD/UBIRDCTRL/drop_count_next_reg[6]/CLR, UGAME/UBIRD/UBIRDCTRL/drop_count_next_reg[7]/CLR, UGAME/UBIRD/UBIRDCTRL/drop_count_next_reg[8]/CLR, UGAME/UBIRD/UBIRDCTRL/drop_count_next_reg[9]/CLR, UGAME/UBIRD/UBIRDCTRL/drop_count_reg[0]/CLR, UGAME/UBIRD/UBIRDCTRL/drop_count_reg[10]/CLR, UGAME/UBIRD/UBIRDCTRL/drop_count_reg[1]/CLR, UGAME/UBIRD/UBIRDCTRL/drop_count_reg[2]/CLR (the first 15 of 100 listed). The LUT may glitch and trigger an unexpected reset, even if it is a properly timed path.
Related violations: <none>

LUTAR-1#2 Warning
LUT drives async reset alert  
LUT cell UGAME/UCTRL/pos_h_cnt_reg[6]_i_2, with 2 or more inputs, drives asynchronous preset/clear pin(s) UGAME/USCENCE/pos_h_cnt_reg[6]/PRE. The LUT may glitch and trigger an unexpected reset, even if it is a properly timed path.
Related violations: <none>

TIMING-18#1 Warning
Missing input or output delay  
An input delay is missing on PS2_CLK relative to clock(s) sys_clk_pin
Related violations: <none>

TIMING-18#2 Warning
Missing input or output delay  
An input delay is missing on PS2_DATA relative to clock(s) sys_clk_pin
Related violations: <none>

TIMING-18#3 Warning
Missing input or output delay  
An input delay is missing on rst relative to clock(s) sys_clk_pin
Related violations: <none>

TIMING-18#4 Warning
Missing input or output delay  
An output delay is missing on leds[0] relative to clock(s) sys_clk_pin
Related violations: <none>

TIMING-18#5 Warning
Missing input or output delay  
An output delay is missing on leds[10] relative to clock(s) sys_clk_pin
Related violations: <none>

TIMING-18#6 Warning
Missing input or output delay  
An output delay is missing on leds[11] relative to clock(s) sys_clk_pin
Related violations: <none>

TIMING-18#7 Warning
Missing input or output delay  
An output delay is missing on leds[12] relative to clock(s) sys_clk_pin
Related violations: <none>

TIMING-18#8 Warning
Missing input or output delay  
An output delay is missing on leds[13] relative to clock(s) sys_clk_pin
Related violations: <none>

TIMING-18#9 Warning
Missing input or output delay  
An output delay is missing on leds[14] relative to clock(s) sys_clk_pin
Related violations: <none>

TIMING-18#10 Warning
Missing input or output delay  
An output delay is missing on leds[15] relative to clock(s) sys_clk_pin
Related violations: <none>

TIMING-18#11 Warning
Missing input or output delay  
An output delay is missing on leds[1] relative to clock(s) sys_clk_pin
Related violations: <none>

TIMING-18#12 Warning
Missing input or output delay  
An output delay is missing on leds[2] relative to clock(s) sys_clk_pin
Related violations: <none>

TIMING-18#13 Warning
Missing input or output delay  
An output delay is missing on leds[3] relative to clock(s) sys_clk_pin
Related violations: <none>

TIMING-18#14 Warning
Missing input or output delay  
An output delay is missing on leds[4] relative to clock(s) sys_clk_pin
Related violations: <none>

TIMING-18#15 Warning
Missing input or output delay  
An output delay is missing on leds[5] relative to clock(s) sys_clk_pin
Related violations: <none>

TIMING-18#16 Warning
Missing input or output delay  
An output delay is missing on leds[6] relative to clock(s) sys_clk_pin
Related violations: <none>

TIMING-18#17 Warning
Missing input or output delay  
An output delay is missing on leds[7] relative to clock(s) sys_clk_pin
Related violations: <none>

TIMING-18#18 Warning
Missing input or output delay  
An output delay is missing on leds[8] relative to clock(s) sys_clk_pin
Related violations: <none>

TIMING-18#19 Warning
Missing input or output delay  
An output delay is missing on leds[9] relative to clock(s) sys_clk_pin
Related violations: <none>

TIMING-18#20 Warning
Missing input or output delay  
An output delay is missing on lrck relative to clock(s) sys_clk_pin
Related violations: <none>

TIMING-18#21 Warning
Missing input or output delay  
An output delay is missing on mclk relative to clock(s) sys_clk_pin
Related violations: <none>

TIMING-18#22 Warning
Missing input or output delay  
An output delay is missing on sdin relative to clock(s) sys_clk_pin
Related violations: <none>

TIMING-18#23 Warning
Missing input or output delay  
An output delay is missing on vgaBlue[0] relative to clock(s) sys_clk_pin
Related violations: <none>

TIMING-18#24 Warning
Missing input or output delay  
An output delay is missing on vgaBlue[1] relative to clock(s) sys_clk_pin
Related violations: <none>

TIMING-18#25 Warning
Missing input or output delay  
An output delay is missing on vgaBlue[2] relative to clock(s) sys_clk_pin
Related violations: <none>

TIMING-18#26 Warning
Missing input or output delay  
An output delay is missing on vgaBlue[3] relative to clock(s) sys_clk_pin
Related violations: <none>

TIMING-18#27 Warning
Missing input or output delay  
An output delay is missing on vgaGreen[0] relative to clock(s) sys_clk_pin
Related violations: <none>

TIMING-18#28 Warning
Missing input or output delay  
An output delay is missing on vgaGreen[1] relative to clock(s) sys_clk_pin
Related violations: <none>

TIMING-18#29 Warning
Missing input or output delay  
An output delay is missing on vgaGreen[2] relative to clock(s) sys_clk_pin
Related violations: <none>

TIMING-18#30 Warning
Missing input or output delay  
An output delay is missing on vgaGreen[3] relative to clock(s) sys_clk_pin
Related violations: <none>

TIMING-18#31 Warning
Missing input or output delay  
An output delay is missing on vgaRed[0] relative to clock(s) sys_clk_pin
Related violations: <none>

TIMING-18#32 Warning
Missing input or output delay  
An output delay is missing on vgaRed[1] relative to clock(s) sys_clk_pin
Related violations: <none>

TIMING-18#33 Warning
Missing input or output delay  
An output delay is missing on vgaRed[2] relative to clock(s) sys_clk_pin
Related violations: <none>

TIMING-18#34 Warning
Missing input or output delay  
An output delay is missing on vgaRed[3] relative to clock(s) sys_clk_pin
Related violations: <none>

TIMING-20#1 Warning
Non-clocked latch  
The latch UGAME/USCENCE/USCORE/U0/font_reg[0] cannot be properly analyzed as its control pin UGAME/USCENCE/USCORE/U0/font_reg[0]/G is not reached by a timing clock
Related violations: <none>

TIMING-20#2 Warning
Non-clocked latch  
The latch UGAME/USCENCE/USCORE/U0/font_reg[1] cannot be properly analyzed as its control pin UGAME/USCENCE/USCORE/U0/font_reg[1]/G is not reached by a timing clock
Related violations: <none>

TIMING-20#3 Warning
Non-clocked latch  
The latch UGAME/USCENCE/USCORE/U0/font_reg[2] cannot be properly analyzed as its control pin UGAME/USCENCE/USCORE/U0/font_reg[2]/G is not reached by a timing clock
Related violations: <none>

TIMING-20#4 Warning
Non-clocked latch  
The latch UGAME/USCENCE/USCORE/U0/font_reg[3] cannot be properly analyzed as its control pin UGAME/USCENCE/USCORE/U0/font_reg[3]/G is not reached by a timing clock
Related violations: <none>

TIMING-20#5 Warning
Non-clocked latch  
The latch UGAME/USCENCE/USCORE/U0/font_reg[4] cannot be properly analyzed as its control pin UGAME/USCENCE/USCORE/U0/font_reg[4]/G is not reached by a timing clock
Related violations: <none>

TIMING-20#6 Warning
Non-clocked latch  
The latch UGAME/USCENCE/USCORE/U1/font_reg[0] cannot be properly analyzed as its control pin UGAME/USCENCE/USCORE/U1/font_reg[0]/G is not reached by a timing clock
Related violations: <none>

TIMING-20#7 Warning
Non-clocked latch  
The latch UGAME/USCENCE/USCORE/U1/font_reg[1] cannot be properly analyzed as its control pin UGAME/USCENCE/USCORE/U1/font_reg[1]/G is not reached by a timing clock
Related violations: <none>

TIMING-20#8 Warning
Non-clocked latch  
The latch UGAME/USCENCE/USCORE/U1/font_reg[2] cannot be properly analyzed as its control pin UGAME/USCENCE/USCORE/U1/font_reg[2]/G is not reached by a timing clock
Related violations: <none>

TIMING-20#9 Warning
Non-clocked latch  
The latch UGAME/USCENCE/USCORE/U1/font_reg[3] cannot be properly analyzed as its control pin UGAME/USCENCE/USCORE/U1/font_reg[3]/G is not reached by a timing clock
Related violations: <none>

TIMING-20#10 Warning
Non-clocked latch  
The latch UGAME/USCENCE/USCORE/U1/font_reg[4] cannot be properly analyzed as its control pin UGAME/USCENCE/USCORE/U1/font_reg[4]/G is not reached by a timing clock
Related violations: <none>

TIMING-20#11 Warning
Non-clocked latch  
The latch UGAME/USCENCE/USCORE/U2/font_reg[0] cannot be properly analyzed as its control pin UGAME/USCENCE/USCORE/U2/font_reg[0]/G is not reached by a timing clock
Related violations: <none>

TIMING-20#12 Warning
Non-clocked latch  
The latch UGAME/USCENCE/USCORE/U2/font_reg[1] cannot be properly analyzed as its control pin UGAME/USCENCE/USCORE/U2/font_reg[1]/G is not reached by a timing clock
Related violations: <none>

TIMING-20#13 Warning
Non-clocked latch  
The latch UGAME/USCENCE/USCORE/U2/font_reg[2] cannot be properly analyzed as its control pin UGAME/USCENCE/USCORE/U2/font_reg[2]/G is not reached by a timing clock
Related violations: <none>

TIMING-20#14 Warning
Non-clocked latch  
The latch UGAME/USCENCE/USCORE/U2/font_reg[3] cannot be properly analyzed as its control pin UGAME/USCENCE/USCORE/U2/font_reg[3]/G is not reached by a timing clock
Related violations: <none>

TIMING-20#15 Warning
Non-clocked latch  
The latch UGAME/USCENCE/USCORE/U2/font_reg[4] cannot be properly analyzed as its control pin UGAME/USCENCE/USCORE/U2/font_reg[4]/G is not reached by a timing clock
Related violations: <none>

TIMING-20#16 Warning
Non-clocked latch  
The latch UGAME/USCENCE/USCORE/U3/font_reg[0] cannot be properly analyzed as its control pin UGAME/USCENCE/USCORE/U3/font_reg[0]/G is not reached by a timing clock
Related violations: <none>

TIMING-20#17 Warning
Non-clocked latch  
The latch UGAME/USCENCE/USCORE/U3/font_reg[1] cannot be properly analyzed as its control pin UGAME/USCENCE/USCORE/U3/font_reg[1]/G is not reached by a timing clock
Related violations: <none>

TIMING-20#18 Warning
Non-clocked latch  
The latch UGAME/USCENCE/USCORE/U3/font_reg[2] cannot be properly analyzed as its control pin UGAME/USCENCE/USCORE/U3/font_reg[2]/G is not reached by a timing clock
Related violations: <none>

TIMING-20#19 Warning
Non-clocked latch  
The latch UGAME/USCENCE/USCORE/U3/font_reg[3] cannot be properly analyzed as its control pin UGAME/USCENCE/USCORE/U3/font_reg[3]/G is not reached by a timing clock
Related violations: <none>

TIMING-20#20 Warning
Non-clocked latch  
The latch UGAME/USCENCE/USCORE/U3/font_reg[4] cannot be properly analyzed as its control pin UGAME/USCENCE/USCORE/U3/font_reg[4]/G is not reached by a timing clock
Related violations: <none>

TIMING-20#21 Warning
Non-clocked latch  
The latch UGAME/USCENCE/alphabets_1d_reg[0] cannot be properly analyzed as its control pin UGAME/USCENCE/alphabets_1d_reg[0]/G is not reached by a timing clock
Related violations: <none>

TIMING-20#22 Warning
Non-clocked latch  
The latch UGAME/USCENCE/alphabets_1d_reg[10] cannot be properly analyzed as its control pin UGAME/USCENCE/alphabets_1d_reg[10]/G is not reached by a timing clock
Related violations: <none>

TIMING-20#23 Warning
Non-clocked latch  
The latch UGAME/USCENCE/alphabets_1d_reg[11] cannot be properly analyzed as its control pin UGAME/USCENCE/alphabets_1d_reg[11]/G is not reached by a timing clock
Related violations: <none>

TIMING-20#24 Warning
Non-clocked latch  
The latch UGAME/USCENCE/alphabets_1d_reg[12] cannot be properly analyzed as its control pin UGAME/USCENCE/alphabets_1d_reg[12]/G is not reached by a timing clock
Related violations: <none>

TIMING-20#25 Warning
Non-clocked latch  
The latch UGAME/USCENCE/alphabets_1d_reg[16] cannot be properly analyzed as its control pin UGAME/USCENCE/alphabets_1d_reg[16]/G is not reached by a timing clock
Related violations: <none>

TIMING-20#26 Warning
Non-clocked latch  
The latch UGAME/USCENCE/alphabets_1d_reg[17] cannot be properly analyzed as its control pin UGAME/USCENCE/alphabets_1d_reg[17]/G is not reached by a timing clock
Related violations: <none>

TIMING-20#27 Warning
Non-clocked latch  
The latch UGAME/USCENCE/alphabets_1d_reg[18] cannot be properly analyzed as its control pin UGAME/USCENCE/alphabets_1d_reg[18]/G is not reached by a timing clock
Related violations: <none>

TIMING-20#28 Warning
Non-clocked latch  
The latch UGAME/USCENCE/alphabets_1d_reg[19] cannot be properly analyzed as its control pin UGAME/USCENCE/alphabets_1d_reg[19]/G is not reached by a timing clock
Related violations: <none>

TIMING-20#29 Warning
Non-clocked latch  
The latch UGAME/USCENCE/alphabets_1d_reg[1] cannot be properly analyzed as its control pin UGAME/USCENCE/alphabets_1d_reg[1]/G is not reached by a timing clock
Related violations: <none>

TIMING-20#30 Warning
Non-clocked latch  
The latch UGAME/USCENCE/alphabets_1d_reg[20] cannot be properly analyzed as its control pin UGAME/USCENCE/alphabets_1d_reg[20]/G is not reached by a timing clock
Related violations: <none>

TIMING-20#31 Warning
Non-clocked latch  
The latch UGAME/USCENCE/alphabets_1d_reg[24] cannot be properly analyzed as its control pin UGAME/USCENCE/alphabets_1d_reg[24]/G is not reached by a timing clock
Related violations: <none>

TIMING-20#32 Warning
Non-clocked latch  
The latch UGAME/USCENCE/alphabets_1d_reg[25] cannot be properly analyzed as its control pin UGAME/USCENCE/alphabets_1d_reg[25]/G is not reached by a timing clock
Related violations: <none>

TIMING-20#33 Warning
Non-clocked latch  
The latch UGAME/USCENCE/alphabets_1d_reg[26] cannot be properly analyzed as its control pin UGAME/USCENCE/alphabets_1d_reg[26]/G is not reached by a timing clock
Related violations: <none>

TIMING-20#34 Warning
Non-clocked latch  
The latch UGAME/USCENCE/alphabets_1d_reg[27] cannot be properly analyzed as its control pin UGAME/USCENCE/alphabets_1d_reg[27]/G is not reached by a timing clock
Related violations: <none>

TIMING-20#35 Warning
Non-clocked latch  
The latch UGAME/USCENCE/alphabets_1d_reg[28] cannot be properly analyzed as its control pin UGAME/USCENCE/alphabets_1d_reg[28]/G is not reached by a timing clock
Related violations: <none>

TIMING-20#36 Warning
Non-clocked latch  
The latch UGAME/USCENCE/alphabets_1d_reg[2] cannot be properly analyzed as its control pin UGAME/USCENCE/alphabets_1d_reg[2]/G is not reached by a timing clock
Related violations: <none>

TIMING-20#37 Warning
Non-clocked latch  
The latch UGAME/USCENCE/alphabets_1d_reg[37] cannot be properly analyzed as its control pin UGAME/USCENCE/alphabets_1d_reg[37]/G is not reached by a timing clock
Related violations: <none>

TIMING-20#38 Warning
Non-clocked latch  
The latch UGAME/USCENCE/alphabets_1d_reg[3] cannot be properly analyzed as its control pin UGAME/USCENCE/alphabets_1d_reg[3]/G is not reached by a timing clock
Related violations: <none>

TIMING-20#39 Warning
Non-clocked latch  
The latch UGAME/USCENCE/alphabets_1d_reg[45] cannot be properly analyzed as its control pin UGAME/USCENCE/alphabets_1d_reg[45]/G is not reached by a timing clock
Related violations: <none>

TIMING-20#40 Warning
Non-clocked latch  
The latch UGAME/USCENCE/alphabets_1d_reg[4] cannot be properly analyzed as its control pin UGAME/USCENCE/alphabets_1d_reg[4]/G is not reached by a timing clock
Related violations: <none>

TIMING-20#41 Warning
Non-clocked latch  
The latch UGAME/USCENCE/alphabets_1d_reg[61] cannot be properly analyzed as its control pin UGAME/USCENCE/alphabets_1d_reg[61]/G is not reached by a timing clock
Related violations: <none>

TIMING-20#42 Warning
Non-clocked latch  
The latch UGAME/USCENCE/alphabets_1d_reg[69] cannot be properly analyzed as its control pin UGAME/USCENCE/alphabets_1d_reg[69]/G is not reached by a timing clock
Related violations: <none>

TIMING-20#43 Warning
Non-clocked latch  
The latch UGAME/USCENCE/alphabets_1d_reg[77] cannot be properly analyzed as its control pin UGAME/USCENCE/alphabets_1d_reg[77]/G is not reached by a timing clock
Related violations: <none>

TIMING-20#44 Warning
Non-clocked latch  
The latch UGAME/USCENCE/alphabets_1d_reg[83] cannot be properly analyzed as its control pin UGAME/USCENCE/alphabets_1d_reg[83]/G is not reached by a timing clock
Related violations: <none>

TIMING-20#45 Warning
Non-clocked latch  
The latch UGAME/USCENCE/alphabets_1d_reg[85] cannot be properly analyzed as its control pin UGAME/USCENCE/alphabets_1d_reg[85]/G is not reached by a timing clock
Related violations: <none>

TIMING-20#46 Warning
Non-clocked latch  
The latch UGAME/USCENCE/alphabets_1d_reg[8] cannot be properly analyzed as its control pin UGAME/USCENCE/alphabets_1d_reg[8]/G is not reached by a timing clock
Related violations: <none>

TIMING-20#47 Warning
Non-clocked latch  
The latch UGAME/USCENCE/alphabets_1d_reg[9] cannot be properly analyzed as its control pin UGAME/USCENCE/alphabets_1d_reg[9]/G is not reached by a timing clock
Related violations: <none>

TIMING-20#48 Warning
Non-clocked latch  
The latch UGAME/USCENCE/pos_h_cnt_reg[6] cannot be properly analyzed as its control pin UGAME/USCENCE/pos_h_cnt_reg[6]/G is not reached by a timing clock
Related violations: <none>

TIMING-20#49 Warning
Non-clocked latch  
The latch UGAME/USCENCE/pos_v_cnt_reg[0]/L7 (in UGAME/USCENCE/pos_v_cnt_reg[0] macro) cannot be properly analyzed as its control pin UGAME/USCENCE/pos_v_cnt_reg[0]/L7/G is not reached by a timing clock
Related violations: <none>

TIMING-20#50 Warning
Non-clocked latch  
The latch UGAME/USCENCE/pos_v_cnt_reg[2]/L7 (in UGAME/USCENCE/pos_v_cnt_reg[2] macro) cannot be properly analyzed as its control pin UGAME/USCENCE/pos_v_cnt_reg[2]/L7/G is not reached by a timing clock
Related violations: <none>

TIMING-20#51 Warning
Non-clocked latch  
The latch UGAME/USCENCE/pos_v_cnt_reg[4]/L7 (in UGAME/USCENCE/pos_v_cnt_reg[4] macro) cannot be properly analyzed as its control pin UGAME/USCENCE/pos_v_cnt_reg[4]/L7/G is not reached by a timing clock
Related violations: <none>

TIMING-20#52 Warning
Non-clocked latch  
The latch UGAME/USCENCE/pos_v_cnt_reg[6]/L7 (in UGAME/USCENCE/pos_v_cnt_reg[6] macro) cannot be properly analyzed as its control pin UGAME/USCENCE/pos_v_cnt_reg[6]/L7/G is not reached by a timing clock
Related violations: <none>


