Copyright 1986-2019 Xilinx, Inc. All Rights Reserved.
------------------------------------------------------------------------------------
| Tool Version : Vivado v.2019.2 (win64) Build 2708876 Wed Nov  6 21:40:23 MST 2019
| Date         : Wed Mar 30 00:48:36 2022
| Host         : DESKTOP-0M9JO91 running 64-bit major release  (build 9200)
| Command      : report_control_sets -verbose -file exp_3_control_sets_placed.rpt
| Design       : exp_3
| Device       : xc7a35t
------------------------------------------------------------------------------------

Control Set Information

Table of Contents
-----------------
1. Summary
2. Histogram
3. Flip-Flop Distribution
4. Detailed Control Set Information

1. Summary
----------

+----------------------------------------------------------+-------+
|                          Status                          | Count |
+----------------------------------------------------------+-------+
| Total control sets                                       |     5 |
|    Minimum number of control sets                        |     5 |
|    Addition due to synthesis replication                 |     0 |
|    Addition due to physical synthesis replication        |     0 |
| Unused register locations in slices containing registers |    22 |
+----------------------------------------------------------+-------+
* Control sets can be merged at opt_design using control_set_merge or merge_equivalent_drivers
** Run report_qor_suggestions for automated merging and remapping suggestions


2. Histogram
------------

+--------------------+-------+
|       Fanout       | Count |
+--------------------+-------+
| Total control sets |     5 |
| >= 0 to < 4        |     1 |
| >= 4 to < 6        |     0 |
| >= 6 to < 8        |     0 |
| >= 8 to < 10       |     0 |
| >= 10 to < 12      |     0 |
| >= 12 to < 14      |     2 |
| >= 14 to < 16      |     0 |
| >= 16              |     2 |
+--------------------+-------+
* Control sets can be remapped at either synth_design or opt_design


3. Flip-Flop Distribution
-------------------------

+--------------+-----------------------+------------------------+-----------------+--------------+
| Clock Enable | Synchronous Set/Reset | Asynchronous Set/Reset | Total Registers | Total Slices |
+--------------+-----------------------+------------------------+-----------------+--------------+
| No           | No                    | No                     |              17 |            5 |
| No           | No                    | Yes                    |              75 |           25 |
| No           | Yes                   | No                     |               2 |            1 |
| Yes          | No                    | No                     |               0 |            0 |
| Yes          | No                    | Yes                    |              12 |            3 |
| Yes          | Yes                   | No                     |               0 |            0 |
+--------------+-----------------------+------------------------+-----------------+--------------+


4. Detailed Control Set Information
-----------------------------------

+-------------------------------------+------------------+------------------+------------------+----------------+
|             Clock Signal            |   Enable Signal  | Set/Reset Signal | Slice Load Count | Bel Load Count |
+-------------------------------------+------------------+------------------+------------------+----------------+
|  PauseBtn/PAUSE_ONEPULSE            |                  | mode_switch_IBUF |                1 |              2 |
|  TIME_DISPLAY/nolabel_line36/U0/CLK |                  | PauseBtn/U0/rst  |                5 |             12 |
|  U0/clk_out_reg_0                   | U1/q[11]_i_1_n_0 | U1/q[11]_i_3_n_0 |                3 |             12 |
|  clk_IBUF_BUFG                      |                  |                  |                5 |             17 |
|  clk_IBUF_BUFG                      |                  | PauseBtn/U0/rst  |               20 |             63 |
+-------------------------------------+------------------+------------------+------------------+----------------+


